14-Apr-2026 15:33:54.311 INFO [main] org.apache.catalina.startup.VersionLoggerListener.log Nom version serveur :              Apache Tomcat/11.0.1
14-Apr-2026 15:33:54.314 INFO [main] org.apache.catalina.startup.VersionLoggerListener.log Serveur compilé :                  Nov 6 2024 19:08:24 UTC
14-Apr-2026 15:33:54.314 INFO [main] org.apache.catalina.startup.VersionLoggerListener.log Version du serveur :               11.0.1.0
14-Apr-2026 15:33:54.314 INFO [main] org.apache.catalina.startup.VersionLoggerListener.log Nom de l'OS :                      Linux
14-Apr-2026 15:33:54.314 INFO [main] org.apache.catalina.startup.VersionLoggerListener.log Version OS :                       6.8.0-107-generic
14-Apr-2026 15:33:54.315 INFO [main] org.apache.catalina.startup.VersionLoggerListener.log Architecture :                     amd64
14-Apr-2026 15:33:54.315 INFO [main] org.apache.catalina.startup.VersionLoggerListener.log Java Home :                        /home/lilian/Documents/N7/Annee2/s2/Application_web/TP/jdk-17.0.5
14-Apr-2026 15:33:54.315 INFO [main] org.apache.catalina.startup.VersionLoggerListener.log Version JVM :                      17.0.5+9-LTS-191
14-Apr-2026 15:33:54.315 INFO [main] org.apache.catalina.startup.VersionLoggerListener.log Fournisseur de la JVM :            Oracle Corporation
14-Apr-2026 15:33:54.315 INFO [main] org.apache.catalina.startup.VersionLoggerListener.log CATALINA_BASE :                    /home/lilian/Documents/N7/Annee2/s2/Application_web/Projet-Application-Web/apache-tomcat-11.0.1
14-Apr-2026 15:33:54.315 INFO [main] org.apache.catalina.startup.VersionLoggerListener.log CATALINA_HOME :                    /home/lilian/Documents/N7/Annee2/s2/Application_web/Projet-Application-Web/apache-tomcat-11.0.1
14-Apr-2026 15:33:54.321 INFO [main] org.apache.catalina.startup.VersionLoggerListener.log Argument de la ligne de commande : -Djava.util.logging.config.file=/home/lilian/Documents/N7/Annee2/s2/Application_web/Projet-Application-Web/apache-tomcat-11.0.1/conf/logging.properties
14-Apr-2026 15:33:54.322 INFO [main] org.apache.catalina.startup.VersionLoggerListener.log Argument de la ligne de commande : -Djava.util.logging.manager=org.apache.juli.ClassLoaderLogManager
14-Apr-2026 15:33:54.322 INFO [main] org.apache.catalina.startup.VersionLoggerListener.log Argument de la ligne de commande : -Djdk.tls.ephemeralDHKeySize=2048
14-Apr-2026 15:33:54.322 INFO [main] org.apache.catalina.startup.VersionLoggerListener.log Argument de la ligne de commande : -Dorg.apache.catalina.security.SecurityListener.UMASK=0027
14-Apr-2026 15:33:54.322 INFO [main] org.apache.catalina.startup.VersionLoggerListener.log Argument de la ligne de commande : --add-opens=java.base/java.lang=ALL-UNNAMED
14-Apr-2026 15:33:54.322 INFO [main] org.apache.catalina.startup.VersionLoggerListener.log Argument de la ligne de commande : --add-opens=java.base/java.io=ALL-UNNAMED
14-Apr-2026 15:33:54.322 INFO [main] org.apache.catalina.startup.VersionLoggerListener.log Argument de la ligne de commande : --add-opens=java.base/java.util=ALL-UNNAMED
14-Apr-2026 15:33:54.322 INFO [main] org.apache.catalina.startup.VersionLoggerListener.log Argument de la ligne de commande : --add-opens=java.base/java.util.concurrent=ALL-UNNAMED
14-Apr-2026 15:33:54.322 INFO [main] org.apache.catalina.startup.VersionLoggerListener.log Argument de la ligne de commande : --add-opens=java.rmi/sun.rmi.transport=ALL-UNNAMED
14-Apr-2026 15:33:54.322 INFO [main] org.apache.catalina.startup.VersionLoggerListener.log Argument de la ligne de commande : --enable-native-access=ALL-UNNAMED
14-Apr-2026 15:33:54.322 INFO [main] org.apache.catalina.startup.VersionLoggerListener.log Argument de la ligne de commande : -Dcatalina.base=/home/lilian/Documents/N7/Annee2/s2/Application_web/Projet-Application-Web/apache-tomcat-11.0.1
14-Apr-2026 15:33:54.323 INFO [main] org.apache.catalina.startup.VersionLoggerListener.log Argument de la ligne de commande : -Dcatalina.home=/home/lilian/Documents/N7/Annee2/s2/Application_web/Projet-Application-Web/apache-tomcat-11.0.1
14-Apr-2026 15:33:54.323 INFO [main] org.apache.catalina.startup.VersionLoggerListener.log Argument de la ligne de commande : -Djava.io.tmpdir=/home/lilian/Documents/N7/Annee2/s2/Application_web/Projet-Application-Web/apache-tomcat-11.0.1/temp
14-Apr-2026 15:33:54.324 INFO [main] org.apache.catalina.core.AprLifecycleListener.lifecycleEvent La librairie Apache Tomcat Native basée sur APR qui permet des performances optimales dans les environnements de production n'a pas été trouvée sur le java.library.path : [/usr/java/packages/lib:/usr/lib64:/lib64:/lib:/usr/lib]
14-Apr-2026 15:33:54.526 INFO [main] org.apache.coyote.AbstractProtocol.init Initialisation du gestionnaire de protocole ["http-nio-8080"]
14-Apr-2026 15:33:54.546 INFO [main] org.apache.catalina.startup.Catalina.load L'initialisation du serveur a pris [385] millisecondes
14-Apr-2026 15:33:54.582 INFO [main] org.apache.catalina.core.StandardService.startInternal Démarrage du service [Catalina]
14-Apr-2026 15:33:54.582 INFO [main] org.apache.catalina.core.StandardEngine.startInternal Démarrage du moteur de Servlets : [Apache Tomcat/11.0.1]
14-Apr-2026 15:33:54.595 INFO [main] org.apache.catalina.startup.HostConfig.deployWAR Déploiement de l'archive [/home/lilian/Documents/N7/Annee2/s2/Application_web/Projet-Application-Web/apache-tomcat-11.0.1/webapps/back.war] de l'application web
14-Apr-2026 15:33:54.608 INFO [main] org.apache.catalina.startup.ExpandWar.expand Un répertoire décompressé [/home/lilian/Documents/N7/Annee2/s2/Application_web/Projet-Application-Web/apache-tomcat-11.0.1/webapps/back] a été trouvé avec une date de dernière modification qui ne correspond pas au WAR associé, il sera effacé
14-Apr-2026 15:33:56.229 INFO [main] org.apache.jasper.servlet.TldScanner.scanJars Au moins un fichier JAR a été analysé pour trouver des TLDs mais il n'en contenait pas, le mode "debug" du journal peut être activé pour obtenir une liste complète de JAR scannés sans succès ; éviter d'analyser des JARs inutilement peut améliorer sensiblement le temps de démarrage et le temps de compilation des JSPs
14-Apr-2026 15:34:02.513 INFO [main] org.apache.catalina.startup.HostConfig.deployWAR Le déploiement de l'archive de l'application web [/home/lilian/Documents/N7/Annee2/s2/Application_web/Projet-Application-Web/apache-tomcat-11.0.1/webapps/back.war] s'est terminé en [7 918] ms
14-Apr-2026 15:34:02.514 INFO [main] org.apache.catalina.startup.HostConfig.deployWAR Déploiement de l'archive [/home/lilian/Documents/N7/Annee2/s2/Application_web/Projet-Application-Web/apache-tomcat-11.0.1/webapps/front.war] de l'application web
14-Apr-2026 15:34:02.516 INFO [main] org.apache.catalina.startup.ExpandWar.expand Un répertoire décompressé [/home/lilian/Documents/N7/Annee2/s2/Application_web/Projet-Application-Web/apache-tomcat-11.0.1/webapps/front] a été trouvé avec une date de dernière modification qui ne correspond pas au WAR associé, il sera effacé
14-Apr-2026 15:34:02.734 INFO [main] org.apache.catalina.startup.HostConfig.deployWAR Le déploiement de l'archive de l'application web [/home/lilian/Documents/N7/Annee2/s2/Application_web/Projet-Application-Web/apache-tomcat-11.0.1/webapps/front.war] s'est terminé en [220] ms
14-Apr-2026 15:34:02.735 INFO [main] org.apache.catalina.startup.HostConfig.deployDirectory Déploiement du répertoire d'application web [/home/lilian/Documents/N7/Annee2/s2/Application_web/Projet-Application-Web/apache-tomcat-11.0.1/webapps/host-manager]
14-Apr-2026 15:34:02.754 INFO [main] org.apache.catalina.startup.HostConfig.deployDirectory Le déploiement du répertoire [/home/lilian/Documents/N7/Annee2/s2/Application_web/Projet-Application-Web/apache-tomcat-11.0.1/webapps/host-manager] de l'application web s'est terminé en [19] ms
14-Apr-2026 15:34:02.754 INFO [main] org.apache.catalina.startup.HostConfig.deployDirectory Déploiement du répertoire d'application web [/home/lilian/Documents/N7/Annee2/s2/Application_web/Projet-Application-Web/apache-tomcat-11.0.1/webapps/examples]
14-Apr-2026 15:34:02.866 INFO [main] org.apache.catalina.startup.HostConfig.deployDirectory Le déploiement du répertoire [/home/lilian/Documents/N7/Annee2/s2/Application_web/Projet-Application-Web/apache-tomcat-11.0.1/webapps/examples] de l'application web s'est terminé en [112] ms
14-Apr-2026 15:34:02.866 INFO [main] org.apache.catalina.startup.HostConfig.deployDirectory Déploiement du répertoire d'application web [/home/lilian/Documents/N7/Annee2/s2/Application_web/Projet-Application-Web/apache-tomcat-11.0.1/webapps/manager]
14-Apr-2026 15:34:02.881 INFO [main] org.apache.catalina.startup.HostConfig.deployDirectory Le déploiement du répertoire [/home/lilian/Documents/N7/Annee2/s2/Application_web/Projet-Application-Web/apache-tomcat-11.0.1/webapps/manager] de l'application web s'est terminé en [14] ms
14-Apr-2026 15:34:02.881 INFO [main] org.apache.catalina.startup.HostConfig.deployDirectory Déploiement du répertoire d'application web [/home/lilian/Documents/N7/Annee2/s2/Application_web/Projet-Application-Web/apache-tomcat-11.0.1/webapps/ROOT]
14-Apr-2026 15:34:02.893 INFO [main] org.apache.catalina.startup.HostConfig.deployDirectory Le déploiement du répertoire [/home/lilian/Documents/N7/Annee2/s2/Application_web/Projet-Application-Web/apache-tomcat-11.0.1/webapps/ROOT] de l'application web s'est terminé en [12] ms
14-Apr-2026 15:34:02.893 INFO [main] org.apache.catalina.startup.HostConfig.deployDirectory Déploiement du répertoire d'application web [/home/lilian/Documents/N7/Annee2/s2/Application_web/Projet-Application-Web/apache-tomcat-11.0.1/webapps/docs]
14-Apr-2026 15:34:02.905 INFO [main] org.apache.catalina.startup.HostConfig.deployDirectory Le déploiement du répertoire [/home/lilian/Documents/N7/Annee2/s2/Application_web/Projet-Application-Web/apache-tomcat-11.0.1/webapps/docs] de l'application web s'est terminé en [11] ms
14-Apr-2026 15:34:02.908 INFO [main] org.apache.coyote.AbstractProtocol.start Démarrage du gestionnaire de protocole ["http-nio-8080"]
14-Apr-2026 15:34:02.919 INFO [main] org.apache.catalina.startup.Catalina.start Le démarrage du serveur a pris [8372] millisecondes
