11-May-2026 17:51:30.275 INFO [main] org.apache.catalina.startup.VersionLoggerListener.log Nom version serveur :              Apache Tomcat/11.0.1
11-May-2026 17:51:30.280 INFO [main] org.apache.catalina.startup.VersionLoggerListener.log Serveur compilé :                  Nov 6 2024 19:08:24 UTC
11-May-2026 17:51:30.280 INFO [main] org.apache.catalina.startup.VersionLoggerListener.log Version du serveur :               11.0.1.0
11-May-2026 17:51:30.281 INFO [main] org.apache.catalina.startup.VersionLoggerListener.log Nom de l'OS :                      Linux
11-May-2026 17:51:30.281 INFO [main] org.apache.catalina.startup.VersionLoggerListener.log Version OS :                       6.8.0-111-generic
11-May-2026 17:51:30.281 INFO [main] org.apache.catalina.startup.VersionLoggerListener.log Architecture :                     amd64
11-May-2026 17:51:30.281 INFO [main] org.apache.catalina.startup.VersionLoggerListener.log Java Home :                        /home/lilian/Documents/N7/Annee2/s2/Application_web/TP/jdk-17.0.5
11-May-2026 17:51:30.281 INFO [main] org.apache.catalina.startup.VersionLoggerListener.log Version JVM :                      17.0.5+9-LTS-191
11-May-2026 17:51:30.281 INFO [main] org.apache.catalina.startup.VersionLoggerListener.log Fournisseur de la JVM :            Oracle Corporation
11-May-2026 17:51:30.281 INFO [main] org.apache.catalina.startup.VersionLoggerListener.log CATALINA_BASE :                    /home/lilian/Documents/N7/Annee2/s2/Application_web/Projet-Application-Web/apache-tomcat-11.0.1
11-May-2026 17:51:30.282 INFO [main] org.apache.catalina.startup.VersionLoggerListener.log CATALINA_HOME :                    /home/lilian/Documents/N7/Annee2/s2/Application_web/Projet-Application-Web/apache-tomcat-11.0.1
11-May-2026 17:51:30.292 INFO [main] org.apache.catalina.startup.VersionLoggerListener.log Argument de la ligne de commande : -Djava.util.logging.config.file=/home/lilian/Documents/N7/Annee2/s2/Application_web/Projet-Application-Web/apache-tomcat-11.0.1/conf/logging.properties
11-May-2026 17:51:30.292 INFO [main] org.apache.catalina.startup.VersionLoggerListener.log Argument de la ligne de commande : -Djava.util.logging.manager=org.apache.juli.ClassLoaderLogManager
11-May-2026 17:51:30.292 INFO [main] org.apache.catalina.startup.VersionLoggerListener.log Argument de la ligne de commande : -Djdk.tls.ephemeralDHKeySize=2048
11-May-2026 17:51:30.292 INFO [main] org.apache.catalina.startup.VersionLoggerListener.log Argument de la ligne de commande : -Dorg.apache.catalina.security.SecurityListener.UMASK=0027
11-May-2026 17:51:30.293 INFO [main] org.apache.catalina.startup.VersionLoggerListener.log Argument de la ligne de commande : --add-opens=java.base/java.lang=ALL-UNNAMED
11-May-2026 17:51:30.293 INFO [main] org.apache.catalina.startup.VersionLoggerListener.log Argument de la ligne de commande : --add-opens=java.base/java.io=ALL-UNNAMED
11-May-2026 17:51:30.293 INFO [main] org.apache.catalina.startup.VersionLoggerListener.log Argument de la ligne de commande : --add-opens=java.base/java.util=ALL-UNNAMED
11-May-2026 17:51:30.293 INFO [main] org.apache.catalina.startup.VersionLoggerListener.log Argument de la ligne de commande : --add-opens=java.base/java.util.concurrent=ALL-UNNAMED
11-May-2026 17:51:30.293 INFO [main] org.apache.catalina.startup.VersionLoggerListener.log Argument de la ligne de commande : --add-opens=java.rmi/sun.rmi.transport=ALL-UNNAMED
11-May-2026 17:51:30.293 INFO [main] org.apache.catalina.startup.VersionLoggerListener.log Argument de la ligne de commande : --enable-native-access=ALL-UNNAMED
11-May-2026 17:51:30.293 INFO [main] org.apache.catalina.startup.VersionLoggerListener.log Argument de la ligne de commande : -Dcatalina.base=/home/lilian/Documents/N7/Annee2/s2/Application_web/Projet-Application-Web/apache-tomcat-11.0.1
11-May-2026 17:51:30.293 INFO [main] org.apache.catalina.startup.VersionLoggerListener.log Argument de la ligne de commande : -Dcatalina.home=/home/lilian/Documents/N7/Annee2/s2/Application_web/Projet-Application-Web/apache-tomcat-11.0.1
11-May-2026 17:51:30.294 INFO [main] org.apache.catalina.startup.VersionLoggerListener.log Argument de la ligne de commande : -Djava.io.tmpdir=/home/lilian/Documents/N7/Annee2/s2/Application_web/Projet-Application-Web/apache-tomcat-11.0.1/temp
11-May-2026 17:51:30.295 INFO [main] org.apache.catalina.core.AprLifecycleListener.lifecycleEvent La librairie Apache Tomcat Native basée sur APR qui permet des performances optimales dans les environnements de production n'a pas été trouvée sur le java.library.path : [/usr/java/packages/lib:/usr/lib64:/lib64:/lib:/usr/lib]
11-May-2026 17:51:30.634 INFO [main] org.apache.coyote.AbstractProtocol.init Initialisation du gestionnaire de protocole ["http-nio-8080"]
11-May-2026 17:51:30.663 INFO [main] org.apache.catalina.startup.Catalina.load L'initialisation du serveur a pris [630] millisecondes
11-May-2026 17:51:30.715 INFO [main] org.apache.catalina.core.StandardService.startInternal Démarrage du service [Catalina]
11-May-2026 17:51:30.715 INFO [main] org.apache.catalina.core.StandardEngine.startInternal Démarrage du moteur de Servlets : [Apache Tomcat/11.0.1]
11-May-2026 17:51:30.734 INFO [main] org.apache.catalina.startup.HostConfig.deployWAR Déploiement de l'archive [/home/lilian/Documents/N7/Annee2/s2/Application_web/Projet-Application-Web/apache-tomcat-11.0.1/webapps/back.war] de l'application web
11-May-2026 17:51:30.757 INFO [main] org.apache.catalina.startup.ExpandWar.expand Un répertoire décompressé [/home/lilian/Documents/N7/Annee2/s2/Application_web/Projet-Application-Web/apache-tomcat-11.0.1/webapps/back] a été trouvé avec une date de dernière modification qui ne correspond pas au WAR associé, il sera effacé
11-May-2026 17:51:33.534 INFO [main] org.apache.jasper.servlet.TldScanner.scanJars Au moins un fichier JAR a été analysé pour trouver des TLDs mais il n'en contenait pas, le mode "debug" du journal peut être activé pour obtenir une liste complète de JAR scannés sans succès ; éviter d'analyser des JARs inutilement peut améliorer sensiblement le temps de démarrage et le temps de compilation des JSPs
11-May-2026 17:51:42.072 INFO [main] org.apache.catalina.startup.HostConfig.deployWAR Le déploiement de l'archive de l'application web [/home/lilian/Documents/N7/Annee2/s2/Application_web/Projet-Application-Web/apache-tomcat-11.0.1/webapps/back.war] s'est terminé en [11 337] ms
11-May-2026 17:51:42.073 INFO [main] org.apache.catalina.startup.HostConfig.deployWAR Déploiement de l'archive [/home/lilian/Documents/N7/Annee2/s2/Application_web/Projet-Application-Web/apache-tomcat-11.0.1/webapps/front.war] de l'application web
11-May-2026 17:51:42.076 INFO [main] org.apache.catalina.startup.ExpandWar.expand Un répertoire décompressé [/home/lilian/Documents/N7/Annee2/s2/Application_web/Projet-Application-Web/apache-tomcat-11.0.1/webapps/front] a été trouvé avec une date de dernière modification qui ne correspond pas au WAR associé, il sera effacé
11-May-2026 17:51:43.408 INFO [main] org.apache.jasper.servlet.TldScanner.scanJars Au moins un fichier JAR a été analysé pour trouver des TLDs mais il n'en contenait pas, le mode "debug" du journal peut être activé pour obtenir une liste complète de JAR scannés sans succès ; éviter d'analyser des JARs inutilement peut améliorer sensiblement le temps de démarrage et le temps de compilation des JSPs
11-May-2026 17:51:43.412 INFO [main] org.apache.catalina.startup.HostConfig.deployWAR Le déploiement de l'archive de l'application web [/home/lilian/Documents/N7/Annee2/s2/Application_web/Projet-Application-Web/apache-tomcat-11.0.1/webapps/front.war] s'est terminé en [1 339] ms
11-May-2026 17:51:43.413 INFO [main] org.apache.catalina.startup.HostConfig.deployDirectory Déploiement du répertoire d'application web [/home/lilian/Documents/N7/Annee2/s2/Application_web/Projet-Application-Web/apache-tomcat-11.0.1/webapps/host-manager]
11-May-2026 17:51:43.439 INFO [main] org.apache.catalina.startup.HostConfig.deployDirectory Le déploiement du répertoire [/home/lilian/Documents/N7/Annee2/s2/Application_web/Projet-Application-Web/apache-tomcat-11.0.1/webapps/host-manager] de l'application web s'est terminé en [26] ms
11-May-2026 17:51:43.439 INFO [main] org.apache.catalina.startup.HostConfig.deployDirectory Déploiement du répertoire d'application web [/home/lilian/Documents/N7/Annee2/s2/Application_web/Projet-Application-Web/apache-tomcat-11.0.1/webapps/examples]
11-May-2026 17:51:43.555 INFO [main] org.apache.catalina.startup.HostConfig.deployDirectory Le déploiement du répertoire [/home/lilian/Documents/N7/Annee2/s2/Application_web/Projet-Application-Web/apache-tomcat-11.0.1/webapps/examples] de l'application web s'est terminé en [116] ms
11-May-2026 17:51:43.556 INFO [main] org.apache.catalina.startup.HostConfig.deployDirectory Déploiement du répertoire d'application web [/home/lilian/Documents/N7/Annee2/s2/Application_web/Projet-Application-Web/apache-tomcat-11.0.1/webapps/manager]
11-May-2026 17:51:43.571 INFO [main] org.apache.catalina.startup.HostConfig.deployDirectory Le déploiement du répertoire [/home/lilian/Documents/N7/Annee2/s2/Application_web/Projet-Application-Web/apache-tomcat-11.0.1/webapps/manager] de l'application web s'est terminé en [16] ms
11-May-2026 17:51:43.571 INFO [main] org.apache.catalina.startup.HostConfig.deployDirectory Déploiement du répertoire d'application web [/home/lilian/Documents/N7/Annee2/s2/Application_web/Projet-Application-Web/apache-tomcat-11.0.1/webapps/ROOT]
11-May-2026 17:51:43.587 INFO [main] org.apache.catalina.startup.HostConfig.deployDirectory Le déploiement du répertoire [/home/lilian/Documents/N7/Annee2/s2/Application_web/Projet-Application-Web/apache-tomcat-11.0.1/webapps/ROOT] de l'application web s'est terminé en [16] ms
11-May-2026 17:51:43.588 INFO [main] org.apache.catalina.startup.HostConfig.deployDirectory Déploiement du répertoire d'application web [/home/lilian/Documents/N7/Annee2/s2/Application_web/Projet-Application-Web/apache-tomcat-11.0.1/webapps/docs]
11-May-2026 17:51:43.600 INFO [main] org.apache.catalina.startup.HostConfig.deployDirectory Le déploiement du répertoire [/home/lilian/Documents/N7/Annee2/s2/Application_web/Projet-Application-Web/apache-tomcat-11.0.1/webapps/docs] de l'application web s'est terminé en [11] ms
11-May-2026 17:51:43.604 INFO [main] org.apache.coyote.AbstractProtocol.start Démarrage du gestionnaire de protocole ["http-nio-8080"]
11-May-2026 17:51:43.618 INFO [main] org.apache.catalina.startup.Catalina.start Le démarrage du serveur a pris [12954] millisecondes
11-May-2026 18:04:13.836 INFO [main] org.apache.catalina.core.StandardServer.await Une commande d'arrêt valide a été reçue sur le port d'arrêt, arrêt de l'instance du serveur
11-May-2026 18:04:13.836 INFO [main] org.apache.coyote.AbstractProtocol.pause Le gestionnaire de protocole ["http-nio-8080"] est mis en pause
11-May-2026 18:04:13.837 INFO [main] org.apache.catalina.core.StandardService.stopInternal Arrêt du service [Catalina]
11-May-2026 18:04:13.899 INFO [main] org.apache.coyote.AbstractProtocol.stop Arrêt du gestionnaire de protocole ["http-nio-8080"]
11-May-2026 18:04:13.912 INFO [main] org.apache.coyote.AbstractProtocol.destroy Destruction du gestionnaire de protocole ["http-nio-8080"]
11-May-2026 18:04:14.266 INFO [main] org.apache.catalina.startup.VersionLoggerListener.log Nom version serveur :              Apache Tomcat/11.0.1
11-May-2026 18:04:14.269 INFO [main] org.apache.catalina.startup.VersionLoggerListener.log Serveur compilé :                  Nov 6 2024 19:08:24 UTC
11-May-2026 18:04:14.269 INFO [main] org.apache.catalina.startup.VersionLoggerListener.log Version du serveur :               11.0.1.0
11-May-2026 18:04:14.270 INFO [main] org.apache.catalina.startup.VersionLoggerListener.log Nom de l'OS :                      Linux
11-May-2026 18:04:14.270 INFO [main] org.apache.catalina.startup.VersionLoggerListener.log Version OS :                       6.8.0-111-generic
11-May-2026 18:04:14.270 INFO [main] org.apache.catalina.startup.VersionLoggerListener.log Architecture :                     amd64
11-May-2026 18:04:14.270 INFO [main] org.apache.catalina.startup.VersionLoggerListener.log Java Home :                        /home/lilian/Documents/N7/Annee2/s2/Application_web/TP/jdk-17.0.5
11-May-2026 18:04:14.270 INFO [main] org.apache.catalina.startup.VersionLoggerListener.log Version JVM :                      17.0.5+9-LTS-191
11-May-2026 18:04:14.270 INFO [main] org.apache.catalina.startup.VersionLoggerListener.log Fournisseur de la JVM :            Oracle Corporation
11-May-2026 18:04:14.270 INFO [main] org.apache.catalina.startup.VersionLoggerListener.log CATALINA_BASE :                    /home/lilian/Documents/N7/Annee2/s2/Application_web/Projet-Application-Web/apache-tomcat-11.0.1
11-May-2026 18:04:14.270 INFO [main] org.apache.catalina.startup.VersionLoggerListener.log CATALINA_HOME :                    /home/lilian/Documents/N7/Annee2/s2/Application_web/Projet-Application-Web/apache-tomcat-11.0.1
11-May-2026 18:04:14.279 INFO [main] org.apache.catalina.startup.VersionLoggerListener.log Argument de la ligne de commande : -Djava.util.logging.config.file=/home/lilian/Documents/N7/Annee2/s2/Application_web/Projet-Application-Web/apache-tomcat-11.0.1/conf/logging.properties
11-May-2026 18:04:14.279 INFO [main] org.apache.catalina.startup.VersionLoggerListener.log Argument de la ligne de commande : -Djava.util.logging.manager=org.apache.juli.ClassLoaderLogManager
11-May-2026 18:04:14.279 INFO [main] org.apache.catalina.startup.VersionLoggerListener.log Argument de la ligne de commande : -Djdk.tls.ephemeralDHKeySize=2048
11-May-2026 18:04:14.279 INFO [main] org.apache.catalina.startup.VersionLoggerListener.log Argument de la ligne de commande : -Dorg.apache.catalina.security.SecurityListener.UMASK=0027
11-May-2026 18:04:14.279 INFO [main] org.apache.catalina.startup.VersionLoggerListener.log Argument de la ligne de commande : --add-opens=java.base/java.lang=ALL-UNNAMED
11-May-2026 18:04:14.279 INFO [main] org.apache.catalina.startup.VersionLoggerListener.log Argument de la ligne de commande : --add-opens=java.base/java.io=ALL-UNNAMED
11-May-2026 18:04:14.279 INFO [main] org.apache.catalina.startup.VersionLoggerListener.log Argument de la ligne de commande : --add-opens=java.base/java.util=ALL-UNNAMED
11-May-2026 18:04:14.279 INFO [main] org.apache.catalina.startup.VersionLoggerListener.log Argument de la ligne de commande : --add-opens=java.base/java.util.concurrent=ALL-UNNAMED
11-May-2026 18:04:14.279 INFO [main] org.apache.catalina.startup.VersionLoggerListener.log Argument de la ligne de commande : --add-opens=java.rmi/sun.rmi.transport=ALL-UNNAMED
11-May-2026 18:04:14.280 INFO [main] org.apache.catalina.startup.VersionLoggerListener.log Argument de la ligne de commande : --enable-native-access=ALL-UNNAMED
11-May-2026 18:04:14.280 INFO [main] org.apache.catalina.startup.VersionLoggerListener.log Argument de la ligne de commande : -Dcatalina.base=/home/lilian/Documents/N7/Annee2/s2/Application_web/Projet-Application-Web/apache-tomcat-11.0.1
11-May-2026 18:04:14.280 INFO [main] org.apache.catalina.startup.VersionLoggerListener.log Argument de la ligne de commande : -Dcatalina.home=/home/lilian/Documents/N7/Annee2/s2/Application_web/Projet-Application-Web/apache-tomcat-11.0.1
11-May-2026 18:04:14.280 INFO [main] org.apache.catalina.startup.VersionLoggerListener.log Argument de la ligne de commande : -Djava.io.tmpdir=/home/lilian/Documents/N7/Annee2/s2/Application_web/Projet-Application-Web/apache-tomcat-11.0.1/temp
11-May-2026 18:04:14.281 INFO [main] org.apache.catalina.core.AprLifecycleListener.lifecycleEvent La librairie Apache Tomcat Native basée sur APR qui permet des performances optimales dans les environnements de production n'a pas été trouvée sur le java.library.path : [/usr/java/packages/lib:/usr/lib64:/lib64:/lib:/usr/lib]
11-May-2026 18:04:14.491 INFO [main] org.apache.coyote.AbstractProtocol.init Initialisation du gestionnaire de protocole ["http-nio-8080"]
11-May-2026 18:04:14.508 INFO [main] org.apache.catalina.startup.Catalina.load L'initialisation du serveur a pris [425] millisecondes
11-May-2026 18:04:14.541 INFO [main] org.apache.catalina.core.StandardService.startInternal Démarrage du service [Catalina]
11-May-2026 18:04:14.541 INFO [main] org.apache.catalina.core.StandardEngine.startInternal Démarrage du moteur de Servlets : [Apache Tomcat/11.0.1]
11-May-2026 18:04:14.557 INFO [main] org.apache.catalina.startup.HostConfig.deployWAR Déploiement de l'archive [/home/lilian/Documents/N7/Annee2/s2/Application_web/Projet-Application-Web/apache-tomcat-11.0.1/webapps/back.war] de l'application web
11-May-2026 18:04:14.574 INFO [main] org.apache.catalina.startup.ExpandWar.expand Un répertoire décompressé [/home/lilian/Documents/N7/Annee2/s2/Application_web/Projet-Application-Web/apache-tomcat-11.0.1/webapps/back] a été trouvé avec une date de dernière modification qui ne correspond pas au WAR associé, il sera effacé
11-May-2026 18:04:16.326 INFO [main] org.apache.jasper.servlet.TldScanner.scanJars Au moins un fichier JAR a été analysé pour trouver des TLDs mais il n'en contenait pas, le mode "debug" du journal peut être activé pour obtenir une liste complète de JAR scannés sans succès ; éviter d'analyser des JARs inutilement peut améliorer sensiblement le temps de démarrage et le temps de compilation des JSPs
11-May-2026 18:04:22.928 INFO [main] org.apache.catalina.startup.HostConfig.deployWAR Le déploiement de l'archive de l'application web [/home/lilian/Documents/N7/Annee2/s2/Application_web/Projet-Application-Web/apache-tomcat-11.0.1/webapps/back.war] s'est terminé en [8 370] ms
11-May-2026 18:04:22.929 INFO [main] org.apache.catalina.startup.HostConfig.deployWAR Déploiement de l'archive [/home/lilian/Documents/N7/Annee2/s2/Application_web/Projet-Application-Web/apache-tomcat-11.0.1/webapps/front.war] de l'application web
11-May-2026 18:04:22.932 INFO [main] org.apache.catalina.startup.ExpandWar.expand Un répertoire décompressé [/home/lilian/Documents/N7/Annee2/s2/Application_web/Projet-Application-Web/apache-tomcat-11.0.1/webapps/front] a été trouvé avec une date de dernière modification qui ne correspond pas au WAR associé, il sera effacé
11-May-2026 18:04:24.355 INFO [main] org.apache.jasper.servlet.TldScanner.scanJars Au moins un fichier JAR a été analysé pour trouver des TLDs mais il n'en contenait pas, le mode "debug" du journal peut être activé pour obtenir une liste complète de JAR scannés sans succès ; éviter d'analyser des JARs inutilement peut améliorer sensiblement le temps de démarrage et le temps de compilation des JSPs
11-May-2026 18:04:24.358 INFO [main] org.apache.catalina.startup.HostConfig.deployWAR Le déploiement de l'archive de l'application web [/home/lilian/Documents/N7/Annee2/s2/Application_web/Projet-Application-Web/apache-tomcat-11.0.1/webapps/front.war] s'est terminé en [1 429] ms
11-May-2026 18:04:24.359 INFO [main] org.apache.catalina.startup.HostConfig.deployDirectory Déploiement du répertoire d'application web [/home/lilian/Documents/N7/Annee2/s2/Application_web/Projet-Application-Web/apache-tomcat-11.0.1/webapps/host-manager]
11-May-2026 18:04:24.388 INFO [main] org.apache.catalina.startup.HostConfig.deployDirectory Le déploiement du répertoire [/home/lilian/Documents/N7/Annee2/s2/Application_web/Projet-Application-Web/apache-tomcat-11.0.1/webapps/host-manager] de l'application web s'est terminé en [28] ms
11-May-2026 18:04:24.388 INFO [main] org.apache.catalina.startup.HostConfig.deployDirectory Déploiement du répertoire d'application web [/home/lilian/Documents/N7/Annee2/s2/Application_web/Projet-Application-Web/apache-tomcat-11.0.1/webapps/examples]
11-May-2026 18:04:24.518 INFO [main] org.apache.catalina.startup.HostConfig.deployDirectory Le déploiement du répertoire [/home/lilian/Documents/N7/Annee2/s2/Application_web/Projet-Application-Web/apache-tomcat-11.0.1/webapps/examples] de l'application web s'est terminé en [130] ms
11-May-2026 18:04:24.518 INFO [main] org.apache.catalina.startup.HostConfig.deployDirectory Déploiement du répertoire d'application web [/home/lilian/Documents/N7/Annee2/s2/Application_web/Projet-Application-Web/apache-tomcat-11.0.1/webapps/manager]
11-May-2026 18:04:24.536 INFO [main] org.apache.catalina.startup.HostConfig.deployDirectory Le déploiement du répertoire [/home/lilian/Documents/N7/Annee2/s2/Application_web/Projet-Application-Web/apache-tomcat-11.0.1/webapps/manager] de l'application web s'est terminé en [17] ms
11-May-2026 18:04:24.536 INFO [main] org.apache.catalina.startup.HostConfig.deployDirectory Déploiement du répertoire d'application web [/home/lilian/Documents/N7/Annee2/s2/Application_web/Projet-Application-Web/apache-tomcat-11.0.1/webapps/ROOT]
11-May-2026 18:04:24.549 INFO [main] org.apache.catalina.startup.HostConfig.deployDirectory Le déploiement du répertoire [/home/lilian/Documents/N7/Annee2/s2/Application_web/Projet-Application-Web/apache-tomcat-11.0.1/webapps/ROOT] de l'application web s'est terminé en [13] ms
11-May-2026 18:04:24.550 INFO [main] org.apache.catalina.startup.HostConfig.deployDirectory Déploiement du répertoire d'application web [/home/lilian/Documents/N7/Annee2/s2/Application_web/Projet-Application-Web/apache-tomcat-11.0.1/webapps/docs]
11-May-2026 18:04:24.564 INFO [main] org.apache.catalina.startup.HostConfig.deployDirectory Le déploiement du répertoire [/home/lilian/Documents/N7/Annee2/s2/Application_web/Projet-Application-Web/apache-tomcat-11.0.1/webapps/docs] de l'application web s'est terminé en [14] ms
11-May-2026 18:04:24.567 INFO [main] org.apache.coyote.AbstractProtocol.start Démarrage du gestionnaire de protocole ["http-nio-8080"]
11-May-2026 18:04:24.578 INFO [main] org.apache.catalina.startup.Catalina.start Le démarrage du serveur a pris [10069] millisecondes
11-May-2026 18:06:00.650 INFO [main] org.apache.catalina.startup.VersionLoggerListener.log Nom version serveur :              Apache Tomcat/11.0.1
11-May-2026 18:06:00.658 INFO [main] org.apache.catalina.startup.VersionLoggerListener.log Serveur compilé :                  Nov 6 2024 19:08:24 UTC
11-May-2026 18:06:00.658 INFO [main] org.apache.catalina.startup.VersionLoggerListener.log Version du serveur :               11.0.1.0
11-May-2026 18:06:00.659 INFO [main] org.apache.catalina.startup.VersionLoggerListener.log Nom de l'OS :                      Linux
11-May-2026 18:06:00.659 INFO [main] org.apache.catalina.startup.VersionLoggerListener.log Version OS :                       6.8.0-111-generic
11-May-2026 18:06:00.659 INFO [main] org.apache.catalina.startup.VersionLoggerListener.log Architecture :                     amd64
11-May-2026 18:06:00.659 INFO [main] org.apache.catalina.startup.VersionLoggerListener.log Java Home :                        /home/lilian/Documents/N7/Annee2/s2/Application_web/TP/jdk-17.0.5
11-May-2026 18:06:00.659 INFO [main] org.apache.catalina.startup.VersionLoggerListener.log Version JVM :                      17.0.5+9-LTS-191
11-May-2026 18:06:00.659 INFO [main] org.apache.catalina.startup.VersionLoggerListener.log Fournisseur de la JVM :            Oracle Corporation
11-May-2026 18:06:00.660 INFO [main] org.apache.catalina.startup.VersionLoggerListener.log CATALINA_BASE :                    /home/lilian/Documents/N7/Annee2/s2/Application_web/Projet-Application-Web/apache-tomcat-11.0.1
11-May-2026 18:06:00.660 INFO [main] org.apache.catalina.startup.VersionLoggerListener.log CATALINA_HOME :                    /home/lilian/Documents/N7/Annee2/s2/Application_web/Projet-Application-Web/apache-tomcat-11.0.1
11-May-2026 18:06:00.673 INFO [main] org.apache.catalina.startup.VersionLoggerListener.log Argument de la ligne de commande : -Djava.util.logging.config.file=/home/lilian/Documents/N7/Annee2/s2/Application_web/Projet-Application-Web/apache-tomcat-11.0.1/conf/logging.properties
11-May-2026 18:06:00.673 INFO [main] org.apache.catalina.startup.VersionLoggerListener.log Argument de la ligne de commande : -Djava.util.logging.manager=org.apache.juli.ClassLoaderLogManager
11-May-2026 18:06:00.674 INFO [main] org.apache.catalina.startup.VersionLoggerListener.log Argument de la ligne de commande : -Djdk.tls.ephemeralDHKeySize=2048
11-May-2026 18:06:00.674 INFO [main] org.apache.catalina.startup.VersionLoggerListener.log Argument de la ligne de commande : -Dorg.apache.catalina.security.SecurityListener.UMASK=0027
11-May-2026 18:06:00.674 INFO [main] org.apache.catalina.startup.VersionLoggerListener.log Argument de la ligne de commande : --add-opens=java.base/java.lang=ALL-UNNAMED
11-May-2026 18:06:00.674 INFO [main] org.apache.catalina.startup.VersionLoggerListener.log Argument de la ligne de commande : --add-opens=java.base/java.io=ALL-UNNAMED
11-May-2026 18:06:00.674 INFO [main] org.apache.catalina.startup.VersionLoggerListener.log Argument de la ligne de commande : --add-opens=java.base/java.util=ALL-UNNAMED
11-May-2026 18:06:00.675 INFO [main] org.apache.catalina.startup.VersionLoggerListener.log Argument de la ligne de commande : --add-opens=java.base/java.util.concurrent=ALL-UNNAMED
11-May-2026 18:06:00.675 INFO [main] org.apache.catalina.startup.VersionLoggerListener.log Argument de la ligne de commande : --add-opens=java.rmi/sun.rmi.transport=ALL-UNNAMED
11-May-2026 18:06:00.675 INFO [main] org.apache.catalina.startup.VersionLoggerListener.log Argument de la ligne de commande : --enable-native-access=ALL-UNNAMED
11-May-2026 18:06:00.675 INFO [main] org.apache.catalina.startup.VersionLoggerListener.log Argument de la ligne de commande : -Dcatalina.base=/home/lilian/Documents/N7/Annee2/s2/Application_web/Projet-Application-Web/apache-tomcat-11.0.1
11-May-2026 18:06:00.675 INFO [main] org.apache.catalina.startup.VersionLoggerListener.log Argument de la ligne de commande : -Dcatalina.home=/home/lilian/Documents/N7/Annee2/s2/Application_web/Projet-Application-Web/apache-tomcat-11.0.1
11-May-2026 18:06:00.676 INFO [main] org.apache.catalina.startup.VersionLoggerListener.log Argument de la ligne de commande : -Djava.io.tmpdir=/home/lilian/Documents/N7/Annee2/s2/Application_web/Projet-Application-Web/apache-tomcat-11.0.1/temp
11-May-2026 18:06:00.678 INFO [main] org.apache.catalina.core.AprLifecycleListener.lifecycleEvent La librairie Apache Tomcat Native basée sur APR qui permet des performances optimales dans les environnements de production n'a pas été trouvée sur le java.library.path : [/usr/java/packages/lib:/usr/lib64:/lib64:/lib:/usr/lib]
11-May-2026 18:06:01.063 INFO [main] org.apache.coyote.AbstractProtocol.init Initialisation du gestionnaire de protocole ["http-nio-8080"]
11-May-2026 18:06:01.087 SEVERE [main] org.apache.catalina.util.LifecycleBase.handleSubClassException Echec d'initialisation du composant [Connector["http-nio-8080"]]
	org.apache.catalina.LifecycleException: L'initialisation du gestionnaire de protocole a échoué
		at org.apache.catalina.connector.Connector.initInternal(Connector.java:1035)
		at org.apache.catalina.util.LifecycleBase.init(LifecycleBase.java:122)
		at org.apache.catalina.core.StandardService.initInternal(StandardService.java:525)
		at org.apache.catalina.util.LifecycleBase.init(LifecycleBase.java:122)
		at org.apache.catalina.core.StandardServer.initInternal(StandardServer.java:953)
		at org.apache.catalina.util.LifecycleBase.init(LifecycleBase.java:122)
		at org.apache.catalina.startup.Catalina.load(Catalina.java:706)
		at org.apache.catalina.startup.Catalina.load(Catalina.java:729)
		at java.base/jdk.internal.reflect.NativeMethodAccessorImpl.invoke0(Native Method)
		at java.base/jdk.internal.reflect.NativeMethodAccessorImpl.invoke(NativeMethodAccessorImpl.java:77)
		at java.base/jdk.internal.reflect.DelegatingMethodAccessorImpl.invoke(DelegatingMethodAccessorImpl.java:43)
		at java.base/java.lang.reflect.Method.invoke(Method.java:568)
		at org.apache.catalina.startup.Bootstrap.load(Bootstrap.java:299)
		at org.apache.catalina.startup.Bootstrap.main(Bootstrap.java:469)
	Caused by: java.net.BindException: Adresse déjà utilisée
		at java.base/sun.nio.ch.Net.bind0(Native Method)
		at java.base/sun.nio.ch.Net.bind(Net.java:555)
		at java.base/sun.nio.ch.ServerSocketChannelImpl.netBind(ServerSocketChannelImpl.java:337)
		at java.base/sun.nio.ch.ServerSocketChannelImpl.bind(ServerSocketChannelImpl.java:294)
		at org.apache.tomcat.util.net.NioEndpoint.initServerSocket(NioEndpoint.java:240)
		at org.apache.tomcat.util.net.NioEndpoint.bind(NioEndpoint.java:195)
		at org.apache.tomcat.util.net.AbstractEndpoint.bindWithCleanup(AbstractEndpoint.java:1472)
		at org.apache.tomcat.util.net.AbstractEndpoint.init(AbstractEndpoint.java:1485)
		at org.apache.coyote.AbstractProtocol.init(AbstractProtocol.java:633)
		at org.apache.coyote.http11.AbstractHttp11Protocol.init(AbstractHttp11Protocol.java:83)
		at org.apache.catalina.connector.Connector.initInternal(Connector.java:1033)
		... 13 more
11-May-2026 18:06:01.089 INFO [main] org.apache.catalina.startup.Catalina.load L'initialisation du serveur a pris [738] millisecondes
11-May-2026 18:06:01.150 INFO [main] org.apache.catalina.core.StandardService.startInternal Démarrage du service [Catalina]
11-May-2026 18:06:01.150 INFO [main] org.apache.catalina.core.StandardEngine.startInternal Démarrage du moteur de Servlets : [Apache Tomcat/11.0.1]
11-May-2026 18:06:01.173 INFO [main] org.apache.catalina.startup.HostConfig.deployWAR Déploiement de l'archive [/home/lilian/Documents/N7/Annee2/s2/Application_web/Projet-Application-Web/apache-tomcat-11.0.1/webapps/back.war] de l'application web
11-May-2026 18:06:04.288 INFO [main] org.apache.jasper.servlet.TldScanner.scanJars Au moins un fichier JAR a été analysé pour trouver des TLDs mais il n'en contenait pas, le mode "debug" du journal peut être activé pour obtenir une liste complète de JAR scannés sans succès ; éviter d'analyser des JARs inutilement peut améliorer sensiblement le temps de démarrage et le temps de compilation des JSPs
11-May-2026 18:06:13.669 INFO [main] org.apache.catalina.startup.HostConfig.deployWAR Le déploiement de l'archive de l'application web [/home/lilian/Documents/N7/Annee2/s2/Application_web/Projet-Application-Web/apache-tomcat-11.0.1/webapps/back.war] s'est terminé en [12 496] ms
11-May-2026 18:06:13.683 INFO [main] org.apache.catalina.startup.HostConfig.deployWAR Déploiement de l'archive [/home/lilian/Documents/N7/Annee2/s2/Application_web/Projet-Application-Web/apache-tomcat-11.0.1/webapps/front.war] de l'application web
11-May-2026 18:06:14.940 INFO [main] org.apache.jasper.servlet.TldScanner.scanJars Au moins un fichier JAR a été analysé pour trouver des TLDs mais il n'en contenait pas, le mode "debug" du journal peut être activé pour obtenir une liste complète de JAR scannés sans succès ; éviter d'analyser des JARs inutilement peut améliorer sensiblement le temps de démarrage et le temps de compilation des JSPs
11-May-2026 18:06:14.946 INFO [main] org.apache.catalina.startup.HostConfig.deployWAR Le déploiement de l'archive de l'application web [/home/lilian/Documents/N7/Annee2/s2/Application_web/Projet-Application-Web/apache-tomcat-11.0.1/webapps/front.war] s'est terminé en [1 263] ms
11-May-2026 18:06:14.947 INFO [main] org.apache.catalina.startup.HostConfig.deployDirectory Déploiement du répertoire d'application web [/home/lilian/Documents/N7/Annee2/s2/Application_web/Projet-Application-Web/apache-tomcat-11.0.1/webapps/host-manager]
11-May-2026 18:06:14.983 INFO [main] org.apache.catalina.startup.HostConfig.deployDirectory Le déploiement du répertoire [/home/lilian/Documents/N7/Annee2/s2/Application_web/Projet-Application-Web/apache-tomcat-11.0.1/webapps/host-manager] de l'application web s'est terminé en [36] ms
11-May-2026 18:06:14.983 INFO [main] org.apache.catalina.startup.HostConfig.deployDirectory Déploiement du répertoire d'application web [/home/lilian/Documents/N7/Annee2/s2/Application_web/Projet-Application-Web/apache-tomcat-11.0.1/webapps/examples]
11-May-2026 18:06:15.136 INFO [main] org.apache.catalina.startup.HostConfig.deployDirectory Le déploiement du répertoire [/home/lilian/Documents/N7/Annee2/s2/Application_web/Projet-Application-Web/apache-tomcat-11.0.1/webapps/examples] de l'application web s'est terminé en [153] ms
11-May-2026 18:06:15.137 INFO [main] org.apache.catalina.startup.HostConfig.deployDirectory Déploiement du répertoire d'application web [/home/lilian/Documents/N7/Annee2/s2/Application_web/Projet-Application-Web/apache-tomcat-11.0.1/webapps/manager]
11-May-2026 18:06:15.161 INFO [main] org.apache.catalina.startup.HostConfig.deployDirectory Le déploiement du répertoire [/home/lilian/Documents/N7/Annee2/s2/Application_web/Projet-Application-Web/apache-tomcat-11.0.1/webapps/manager] de l'application web s'est terminé en [24] ms
11-May-2026 18:06:15.162 INFO [main] org.apache.catalina.startup.HostConfig.deployDirectory Déploiement du répertoire d'application web [/home/lilian/Documents/N7/Annee2/s2/Application_web/Projet-Application-Web/apache-tomcat-11.0.1/webapps/ROOT]
11-May-2026 18:06:15.182 INFO [main] org.apache.catalina.startup.HostConfig.deployDirectory Le déploiement du répertoire [/home/lilian/Documents/N7/Annee2/s2/Application_web/Projet-Application-Web/apache-tomcat-11.0.1/webapps/ROOT] de l'application web s'est terminé en [21] ms
11-May-2026 18:06:15.182 INFO [main] org.apache.catalina.startup.HostConfig.deployDirectory Déploiement du répertoire d'application web [/home/lilian/Documents/N7/Annee2/s2/Application_web/Projet-Application-Web/apache-tomcat-11.0.1/webapps/docs]
11-May-2026 18:06:15.200 INFO [main] org.apache.catalina.startup.HostConfig.deployDirectory Le déploiement du répertoire [/home/lilian/Documents/N7/Annee2/s2/Application_web/Projet-Application-Web/apache-tomcat-11.0.1/webapps/docs] de l'application web s'est terminé en [17] ms
11-May-2026 18:06:15.206 INFO [main] org.apache.catalina.startup.Catalina.start Le démarrage du serveur a pris [14116] millisecondes
11-May-2026 18:06:15.207 SEVERE [main] org.apache.catalina.core.StandardServer.await Impossible de créer le sokcet d'arrêt du serveur à l'adresse [localhost] et au port [8005] (port de base [8005] et offset [0])
	java.net.BindException: Adresse déjà utilisée
		at java.base/sun.nio.ch.Net.bind0(Native Method)
		at java.base/sun.nio.ch.Net.bind(Net.java:555)
		at java.base/sun.nio.ch.Net.bind(Net.java:544)
		at java.base/sun.nio.ch.NioSocketImpl.bind(NioSocketImpl.java:643)
		at java.base/java.net.ServerSocket.bind(ServerSocket.java:388)
		at java.base/java.net.ServerSocket.<init>(ServerSocket.java:274)
		at org.apache.catalina.core.StandardServer.await(StandardServer.java:532)
		at org.apache.catalina.startup.Catalina.await(Catalina.java:845)
		at org.apache.catalina.startup.Catalina.start(Catalina.java:793)
		at java.base/jdk.internal.reflect.NativeMethodAccessorImpl.invoke0(Native Method)
		at java.base/jdk.internal.reflect.NativeMethodAccessorImpl.invoke(NativeMethodAccessorImpl.java:77)
		at java.base/jdk.internal.reflect.DelegatingMethodAccessorImpl.invoke(DelegatingMethodAccessorImpl.java:43)
		at java.base/java.lang.reflect.Method.invoke(Method.java:568)
		at org.apache.catalina.startup.Bootstrap.start(Bootstrap.java:342)
		at org.apache.catalina.startup.Bootstrap.main(Bootstrap.java:470)
11-May-2026 18:06:15.208 INFO [main] org.apache.coyote.AbstractProtocol.pause Le gestionnaire de protocole ["http-nio-8080"] est mis en pause
11-May-2026 18:06:15.208 INFO [main] org.apache.catalina.core.StandardService.stopInternal Arrêt du service [Catalina]
11-May-2026 18:06:15.303 INFO [main] org.apache.coyote.AbstractProtocol.stop Arrêt du gestionnaire de protocole ["http-nio-8080"]
11-May-2026 18:06:15.306 INFO [main] org.apache.coyote.AbstractProtocol.destroy Destruction du gestionnaire de protocole ["http-nio-8080"]
11-May-2026 18:06:34.601 INFO [Catalina-utility-2] org.apache.catalina.startup.HostConfig.undeploy Retrait de l'application web ayant pour chemin de contexte [/back]
11-May-2026 18:06:34.726 INFO [Catalina-utility-2] org.apache.catalina.startup.HostConfig.undeploy Retrait de l'application web ayant pour chemin de contexte [/front]
11-May-2026 18:06:34.755 INFO [Catalina-utility-2] org.apache.catalina.startup.HostConfig.deployWAR Déploiement de l'archive [/home/lilian/Documents/N7/Annee2/s2/Application_web/Projet-Application-Web/apache-tomcat-11.0.1/webapps/back.war] de l'application web
11-May-2026 18:06:36.985 INFO [Catalina-utility-2] org.apache.jasper.servlet.TldScanner.scanJars Au moins un fichier JAR a été analysé pour trouver des TLDs mais il n'en contenait pas, le mode "debug" du journal peut être activé pour obtenir une liste complète de JAR scannés sans succès ; éviter d'analyser des JARs inutilement peut améliorer sensiblement le temps de démarrage et le temps de compilation des JSPs
11-May-2026 18:06:44.218 INFO [Catalina-utility-2] org.apache.catalina.startup.HostConfig.deployWAR Le déploiement de l'archive de l'application web [/home/lilian/Documents/N7/Annee2/s2/Application_web/Projet-Application-Web/apache-tomcat-11.0.1/webapps/back.war] s'est terminé en [9 463] ms
11-May-2026 18:06:44.220 INFO [Catalina-utility-2] org.apache.catalina.startup.HostConfig.deployWAR Déploiement de l'archive [/home/lilian/Documents/N7/Annee2/s2/Application_web/Projet-Application-Web/apache-tomcat-11.0.1/webapps/front.war] de l'application web
11-May-2026 18:06:45.508 INFO [Catalina-utility-2] org.apache.jasper.servlet.TldScanner.scanJars Au moins un fichier JAR a été analysé pour trouver des TLDs mais il n'en contenait pas, le mode "debug" du journal peut être activé pour obtenir une liste complète de JAR scannés sans succès ; éviter d'analyser des JARs inutilement peut améliorer sensiblement le temps de démarrage et le temps de compilation des JSPs
11-May-2026 18:06:45.512 INFO [Catalina-utility-2] org.apache.catalina.startup.HostConfig.deployWAR Le déploiement de l'archive de l'application web [/home/lilian/Documents/N7/Annee2/s2/Application_web/Projet-Application-Web/apache-tomcat-11.0.1/webapps/front.war] s'est terminé en [1 293] ms
11-May-2026 18:14:15.926 INFO [main] org.apache.catalina.core.StandardServer.await Une commande d'arrêt valide a été reçue sur le port d'arrêt, arrêt de l'instance du serveur
11-May-2026 18:14:15.927 INFO [main] org.apache.coyote.AbstractProtocol.pause Le gestionnaire de protocole ["http-nio-8080"] est mis en pause
11-May-2026 18:14:15.929 INFO [main] org.apache.catalina.core.StandardService.stopInternal Arrêt du service [Catalina]
11-May-2026 18:14:16.012 INFO [main] org.apache.coyote.AbstractProtocol.stop Arrêt du gestionnaire de protocole ["http-nio-8080"]
11-May-2026 18:14:16.024 INFO [main] org.apache.coyote.AbstractProtocol.destroy Destruction du gestionnaire de protocole ["http-nio-8080"]
11-May-2026 18:14:16.485 INFO [main] org.apache.catalina.startup.VersionLoggerListener.log Nom version serveur :              Apache Tomcat/11.0.1
11-May-2026 18:14:16.489 INFO [main] org.apache.catalina.startup.VersionLoggerListener.log Serveur compilé :                  Nov 6 2024 19:08:24 UTC
11-May-2026 18:14:16.490 INFO [main] org.apache.catalina.startup.VersionLoggerListener.log Version du serveur :               11.0.1.0
11-May-2026 18:14:16.490 INFO [main] org.apache.catalina.startup.VersionLoggerListener.log Nom de l'OS :                      Linux
11-May-2026 18:14:16.490 INFO [main] org.apache.catalina.startup.VersionLoggerListener.log Version OS :                       6.8.0-111-generic
11-May-2026 18:14:16.490 INFO [main] org.apache.catalina.startup.VersionLoggerListener.log Architecture :                     amd64
11-May-2026 18:14:16.490 INFO [main] org.apache.catalina.startup.VersionLoggerListener.log Java Home :                        /home/lilian/Documents/N7/Annee2/s2/Application_web/TP/jdk-17.0.5
11-May-2026 18:14:16.490 INFO [main] org.apache.catalina.startup.VersionLoggerListener.log Version JVM :                      17.0.5+9-LTS-191
11-May-2026 18:14:16.490 INFO [main] org.apache.catalina.startup.VersionLoggerListener.log Fournisseur de la JVM :            Oracle Corporation
11-May-2026 18:14:16.490 INFO [main] org.apache.catalina.startup.VersionLoggerListener.log CATALINA_BASE :                    /home/lilian/Documents/N7/Annee2/s2/Application_web/Projet-Application-Web/apache-tomcat-11.0.1
11-May-2026 18:14:16.491 INFO [main] org.apache.catalina.startup.VersionLoggerListener.log CATALINA_HOME :                    /home/lilian/Documents/N7/Annee2/s2/Application_web/Projet-Application-Web/apache-tomcat-11.0.1
11-May-2026 18:14:16.502 INFO [main] org.apache.catalina.startup.VersionLoggerListener.log Argument de la ligne de commande : -Djava.util.logging.config.file=/home/lilian/Documents/N7/Annee2/s2/Application_web/Projet-Application-Web/apache-tomcat-11.0.1/conf/logging.properties
11-May-2026 18:14:16.503 INFO [main] org.apache.catalina.startup.VersionLoggerListener.log Argument de la ligne de commande : -Djava.util.logging.manager=org.apache.juli.ClassLoaderLogManager
11-May-2026 18:14:16.503 INFO [main] org.apache.catalina.startup.VersionLoggerListener.log Argument de la ligne de commande : -Djdk.tls.ephemeralDHKeySize=2048
11-May-2026 18:14:16.503 INFO [main] org.apache.catalina.startup.VersionLoggerListener.log Argument de la ligne de commande : -Dorg.apache.catalina.security.SecurityListener.UMASK=0027
11-May-2026 18:14:16.503 INFO [main] org.apache.catalina.startup.VersionLoggerListener.log Argument de la ligne de commande : --add-opens=java.base/java.lang=ALL-UNNAMED
11-May-2026 18:14:16.503 INFO [main] org.apache.catalina.startup.VersionLoggerListener.log Argument de la ligne de commande : --add-opens=java.base/java.io=ALL-UNNAMED
11-May-2026 18:14:16.503 INFO [main] org.apache.catalina.startup.VersionLoggerListener.log Argument de la ligne de commande : --add-opens=java.base/java.util=ALL-UNNAMED
11-May-2026 18:14:16.503 INFO [main] org.apache.catalina.startup.VersionLoggerListener.log Argument de la ligne de commande : --add-opens=java.base/java.util.concurrent=ALL-UNNAMED
11-May-2026 18:14:16.503 INFO [main] org.apache.catalina.startup.VersionLoggerListener.log Argument de la ligne de commande : --add-opens=java.rmi/sun.rmi.transport=ALL-UNNAMED
11-May-2026 18:14:16.503 INFO [main] org.apache.catalina.startup.VersionLoggerListener.log Argument de la ligne de commande : --enable-native-access=ALL-UNNAMED
11-May-2026 18:14:16.504 INFO [main] org.apache.catalina.startup.VersionLoggerListener.log Argument de la ligne de commande : -Dcatalina.base=/home/lilian/Documents/N7/Annee2/s2/Application_web/Projet-Application-Web/apache-tomcat-11.0.1
11-May-2026 18:14:16.504 INFO [main] org.apache.catalina.startup.VersionLoggerListener.log Argument de la ligne de commande : -Dcatalina.home=/home/lilian/Documents/N7/Annee2/s2/Application_web/Projet-Application-Web/apache-tomcat-11.0.1
11-May-2026 18:14:16.504 INFO [main] org.apache.catalina.startup.VersionLoggerListener.log Argument de la ligne de commande : -Djava.io.tmpdir=/home/lilian/Documents/N7/Annee2/s2/Application_web/Projet-Application-Web/apache-tomcat-11.0.1/temp
11-May-2026 18:14:16.505 INFO [main] org.apache.catalina.core.AprLifecycleListener.lifecycleEvent La librairie Apache Tomcat Native basée sur APR qui permet des performances optimales dans les environnements de production n'a pas été trouvée sur le java.library.path : [/usr/java/packages/lib:/usr/lib64:/lib64:/lib:/usr/lib]
11-May-2026 18:14:16.809 INFO [main] org.apache.coyote.AbstractProtocol.init Initialisation du gestionnaire de protocole ["http-nio-8080"]
11-May-2026 18:14:16.840 INFO [main] org.apache.catalina.startup.Catalina.load L'initialisation du serveur a pris [573] millisecondes
11-May-2026 18:14:16.903 INFO [main] org.apache.catalina.core.StandardService.startInternal Démarrage du service [Catalina]
11-May-2026 18:14:16.903 INFO [main] org.apache.catalina.core.StandardEngine.startInternal Démarrage du moteur de Servlets : [Apache Tomcat/11.0.1]
11-May-2026 18:14:16.926 INFO [main] org.apache.catalina.startup.HostConfig.deployWAR Déploiement de l'archive [/home/lilian/Documents/N7/Annee2/s2/Application_web/Projet-Application-Web/apache-tomcat-11.0.1/webapps/back.war] de l'application web
11-May-2026 18:14:16.956 INFO [main] org.apache.catalina.startup.ExpandWar.expand Un répertoire décompressé [/home/lilian/Documents/N7/Annee2/s2/Application_web/Projet-Application-Web/apache-tomcat-11.0.1/webapps/back] a été trouvé avec une date de dernière modification qui ne correspond pas au WAR associé, il sera effacé
11-May-2026 18:14:19.078 INFO [main] org.apache.jasper.servlet.TldScanner.scanJars Au moins un fichier JAR a été analysé pour trouver des TLDs mais il n'en contenait pas, le mode "debug" du journal peut être activé pour obtenir une liste complète de JAR scannés sans succès ; éviter d'analyser des JARs inutilement peut améliorer sensiblement le temps de démarrage et le temps de compilation des JSPs
11-May-2026 18:14:28.283 INFO [main] org.apache.catalina.startup.HostConfig.deployWAR Le déploiement de l'archive de l'application web [/home/lilian/Documents/N7/Annee2/s2/Application_web/Projet-Application-Web/apache-tomcat-11.0.1/webapps/back.war] s'est terminé en [11 356] ms
11-May-2026 18:14:28.285 INFO [main] org.apache.catalina.startup.HostConfig.deployWAR Déploiement de l'archive [/home/lilian/Documents/N7/Annee2/s2/Application_web/Projet-Application-Web/apache-tomcat-11.0.1/webapps/front.war] de l'application web
11-May-2026 18:14:28.289 INFO [main] org.apache.catalina.startup.ExpandWar.expand Un répertoire décompressé [/home/lilian/Documents/N7/Annee2/s2/Application_web/Projet-Application-Web/apache-tomcat-11.0.1/webapps/front] a été trouvé avec une date de dernière modification qui ne correspond pas au WAR associé, il sera effacé
11-May-2026 18:14:29.932 INFO [main] org.apache.jasper.servlet.TldScanner.scanJars Au moins un fichier JAR a été analysé pour trouver des TLDs mais il n'en contenait pas, le mode "debug" du journal peut être activé pour obtenir une liste complète de JAR scannés sans succès ; éviter d'analyser des JARs inutilement peut améliorer sensiblement le temps de démarrage et le temps de compilation des JSPs
11-May-2026 18:14:29.938 INFO [main] org.apache.catalina.startup.HostConfig.deployWAR Le déploiement de l'archive de l'application web [/home/lilian/Documents/N7/Annee2/s2/Application_web/Projet-Application-Web/apache-tomcat-11.0.1/webapps/front.war] s'est terminé en [1 652] ms
11-May-2026 18:14:29.938 INFO [main] org.apache.catalina.startup.HostConfig.deployDirectory Déploiement du répertoire d'application web [/home/lilian/Documents/N7/Annee2/s2/Application_web/Projet-Application-Web/apache-tomcat-11.0.1/webapps/host-manager]
11-May-2026 18:14:29.972 INFO [main] org.apache.catalina.startup.HostConfig.deployDirectory Le déploiement du répertoire [/home/lilian/Documents/N7/Annee2/s2/Application_web/Projet-Application-Web/apache-tomcat-11.0.1/webapps/host-manager] de l'application web s'est terminé en [34] ms
11-May-2026 18:14:29.973 INFO [main] org.apache.catalina.startup.HostConfig.deployDirectory Déploiement du répertoire d'application web [/home/lilian/Documents/N7/Annee2/s2/Application_web/Projet-Application-Web/apache-tomcat-11.0.1/webapps/examples]
11-May-2026 18:14:30.136 INFO [main] org.apache.catalina.startup.HostConfig.deployDirectory Le déploiement du répertoire [/home/lilian/Documents/N7/Annee2/s2/Application_web/Projet-Application-Web/apache-tomcat-11.0.1/webapps/examples] de l'application web s'est terminé en [162] ms
11-May-2026 18:14:30.136 INFO [main] org.apache.catalina.startup.HostConfig.deployDirectory Déploiement du répertoire d'application web [/home/lilian/Documents/N7/Annee2/s2/Application_web/Projet-Application-Web/apache-tomcat-11.0.1/webapps/manager]
11-May-2026 18:14:30.154 INFO [main] org.apache.catalina.startup.HostConfig.deployDirectory Le déploiement du répertoire [/home/lilian/Documents/N7/Annee2/s2/Application_web/Projet-Application-Web/apache-tomcat-11.0.1/webapps/manager] de l'application web s'est terminé en [18] ms
11-May-2026 18:14:30.154 INFO [main] org.apache.catalina.startup.HostConfig.deployDirectory Déploiement du répertoire d'application web [/home/lilian/Documents/N7/Annee2/s2/Application_web/Projet-Application-Web/apache-tomcat-11.0.1/webapps/ROOT]
11-May-2026 18:14:30.171 INFO [main] org.apache.catalina.startup.HostConfig.deployDirectory Le déploiement du répertoire [/home/lilian/Documents/N7/Annee2/s2/Application_web/Projet-Application-Web/apache-tomcat-11.0.1/webapps/ROOT] de l'application web s'est terminé en [17] ms
11-May-2026 18:14:30.171 INFO [main] org.apache.catalina.startup.HostConfig.deployDirectory Déploiement du répertoire d'application web [/home/lilian/Documents/N7/Annee2/s2/Application_web/Projet-Application-Web/apache-tomcat-11.0.1/webapps/docs]
11-May-2026 18:14:30.188 INFO [main] org.apache.catalina.startup.HostConfig.deployDirectory Le déploiement du répertoire [/home/lilian/Documents/N7/Annee2/s2/Application_web/Projet-Application-Web/apache-tomcat-11.0.1/webapps/docs] de l'application web s'est terminé en [16] ms
11-May-2026 18:14:30.191 INFO [main] org.apache.coyote.AbstractProtocol.start Démarrage du gestionnaire de protocole ["http-nio-8080"]
11-May-2026 18:14:30.205 INFO [main] org.apache.catalina.startup.Catalina.start Le démarrage du serveur a pris [13364] millisecondes
