07-Apr-2026 15:41:27.323 INFO [main] org.apache.catalina.startup.VersionLoggerListener.log Nom version serveur :              Apache Tomcat/11.0.1
07-Apr-2026 15:41:27.327 INFO [main] org.apache.catalina.startup.VersionLoggerListener.log Serveur compilé :                  Nov 6 2024 19:08:24 UTC
07-Apr-2026 15:41:27.327 INFO [main] org.apache.catalina.startup.VersionLoggerListener.log Version du serveur :               11.0.1.0
07-Apr-2026 15:41:27.327 INFO [main] org.apache.catalina.startup.VersionLoggerListener.log Nom de l'OS :                      Linux
07-Apr-2026 15:41:27.327 INFO [main] org.apache.catalina.startup.VersionLoggerListener.log Version OS :                       6.8.0-107-generic
07-Apr-2026 15:41:27.327 INFO [main] org.apache.catalina.startup.VersionLoggerListener.log Architecture :                     amd64
07-Apr-2026 15:41:27.328 INFO [main] org.apache.catalina.startup.VersionLoggerListener.log Java Home :                        /home/lilian/Documents/N7/Annee2/s2/Application_web/TP/jdk-17.0.5
07-Apr-2026 15:41:27.328 INFO [main] org.apache.catalina.startup.VersionLoggerListener.log Version JVM :                      17.0.5+9-LTS-191
07-Apr-2026 15:41:27.328 INFO [main] org.apache.catalina.startup.VersionLoggerListener.log Fournisseur de la JVM :            Oracle Corporation
07-Apr-2026 15:41:27.328 INFO [main] org.apache.catalina.startup.VersionLoggerListener.log CATALINA_BASE :                    /home/lilian/Documents/N7/Annee2/s2/Application_web/TP/apache-tomcat-11.0.1
07-Apr-2026 15:41:27.328 INFO [main] org.apache.catalina.startup.VersionLoggerListener.log CATALINA_HOME :                    /home/lilian/Documents/N7/Annee2/s2/Application_web/TP/apache-tomcat-11.0.1
07-Apr-2026 15:41:27.339 INFO [main] org.apache.catalina.startup.VersionLoggerListener.log Argument de la ligne de commande : -Djava.util.logging.config.file=/home/lilian/Documents/N7/Annee2/s2/Application_web/TP/apache-tomcat-11.0.1/conf/logging.properties
07-Apr-2026 15:41:27.339 INFO [main] org.apache.catalina.startup.VersionLoggerListener.log Argument de la ligne de commande : -Djava.util.logging.manager=org.apache.juli.ClassLoaderLogManager
07-Apr-2026 15:41:27.339 INFO [main] org.apache.catalina.startup.VersionLoggerListener.log Argument de la ligne de commande : -Djdk.tls.ephemeralDHKeySize=2048
07-Apr-2026 15:41:27.339 INFO [main] org.apache.catalina.startup.VersionLoggerListener.log Argument de la ligne de commande : -Dorg.apache.catalina.security.SecurityListener.UMASK=0027
07-Apr-2026 15:41:27.339 INFO [main] org.apache.catalina.startup.VersionLoggerListener.log Argument de la ligne de commande : --add-opens=java.base/java.lang=ALL-UNNAMED
07-Apr-2026 15:41:27.339 INFO [main] org.apache.catalina.startup.VersionLoggerListener.log Argument de la ligne de commande : --add-opens=java.base/java.io=ALL-UNNAMED
07-Apr-2026 15:41:27.339 INFO [main] org.apache.catalina.startup.VersionLoggerListener.log Argument de la ligne de commande : --add-opens=java.base/java.util=ALL-UNNAMED
07-Apr-2026 15:41:27.339 INFO [main] org.apache.catalina.startup.VersionLoggerListener.log Argument de la ligne de commande : --add-opens=java.base/java.util.concurrent=ALL-UNNAMED
07-Apr-2026 15:41:27.339 INFO [main] org.apache.catalina.startup.VersionLoggerListener.log Argument de la ligne de commande : --add-opens=java.rmi/sun.rmi.transport=ALL-UNNAMED
07-Apr-2026 15:41:27.339 INFO [main] org.apache.catalina.startup.VersionLoggerListener.log Argument de la ligne de commande : --enable-native-access=ALL-UNNAMED
07-Apr-2026 15:41:27.339 INFO [main] org.apache.catalina.startup.VersionLoggerListener.log Argument de la ligne de commande : -Dcatalina.base=/home/lilian/Documents/N7/Annee2/s2/Application_web/TP/apache-tomcat-11.0.1
07-Apr-2026 15:41:27.339 INFO [main] org.apache.catalina.startup.VersionLoggerListener.log Argument de la ligne de commande : -Dcatalina.home=/home/lilian/Documents/N7/Annee2/s2/Application_web/TP/apache-tomcat-11.0.1
07-Apr-2026 15:41:27.340 INFO [main] org.apache.catalina.startup.VersionLoggerListener.log Argument de la ligne de commande : -Djava.io.tmpdir=/home/lilian/Documents/N7/Annee2/s2/Application_web/TP/apache-tomcat-11.0.1/temp
07-Apr-2026 15:41:27.341 INFO [main] org.apache.catalina.core.AprLifecycleListener.lifecycleEvent La librairie Apache Tomcat Native basée sur APR qui permet des performances optimales dans les environnements de production n'a pas été trouvée sur le java.library.path : [/usr/java/packages/lib:/usr/lib64:/lib64:/lib:/usr/lib]
07-Apr-2026 15:41:27.546 INFO [main] org.apache.coyote.AbstractProtocol.init Initialisation du gestionnaire de protocole ["http-nio-8080"]
07-Apr-2026 15:41:27.567 INFO [main] org.apache.catalina.startup.Catalina.load L'initialisation du serveur a pris [433] millisecondes
07-Apr-2026 15:41:27.604 INFO [main] org.apache.catalina.core.StandardService.startInternal Démarrage du service [Catalina]
07-Apr-2026 15:41:27.604 INFO [main] org.apache.catalina.core.StandardEngine.startInternal Démarrage du moteur de Servlets : [Apache Tomcat/11.0.1]
07-Apr-2026 15:41:27.618 INFO [main] org.apache.catalina.startup.HostConfig.deployWAR Déploiement de l'archive [/home/lilian/Documents/N7/Annee2/s2/Application_web/TP/apache-tomcat-11.0.1/webapps/hello.war] de l'application web
07-Apr-2026 15:41:27.921 INFO [main] org.apache.catalina.startup.HostConfig.deployWAR Le déploiement de l'archive de l'application web [/home/lilian/Documents/N7/Annee2/s2/Application_web/TP/apache-tomcat-11.0.1/webapps/hello.war] s'est terminé en [300] ms
07-Apr-2026 15:41:27.922 INFO [main] org.apache.catalina.startup.HostConfig.deployWAR Déploiement de l'archive [/home/lilian/Documents/N7/Annee2/s2/Application_web/TP/apache-tomcat-11.0.1/webapps/Annuaire.war] de l'application web
07-Apr-2026 15:41:29.377 INFO [main] org.apache.jasper.servlet.TldScanner.scanJars Au moins un fichier JAR a été analysé pour trouver des TLDs mais il n'en contenait pas, le mode "debug" du journal peut être activé pour obtenir une liste complète de JAR scannés sans succès ; éviter d'analyser des JARs inutilement peut améliorer sensiblement le temps de démarrage et le temps de compilation des JSPs
07-Apr-2026 15:41:29.383 INFO [main] org.apache.catalina.startup.HostConfig.deployWAR Le déploiement de l'archive de l'application web [/home/lilian/Documents/N7/Annee2/s2/Application_web/TP/apache-tomcat-11.0.1/webapps/Annuaire.war] s'est terminé en [1 461] ms
07-Apr-2026 15:41:29.385 INFO [main] org.apache.catalina.startup.HostConfig.deployWAR Déploiement de l'archive [/home/lilian/Documents/N7/Annee2/s2/Application_web/TP/apache-tomcat-11.0.1/webapps/facade.war] de l'application web
07-Apr-2026 15:41:30.887 INFO [main] org.apache.jasper.servlet.TldScanner.scanJars Au moins un fichier JAR a été analysé pour trouver des TLDs mais il n'en contenait pas, le mode "debug" du journal peut être activé pour obtenir une liste complète de JAR scannés sans succès ; éviter d'analyser des JARs inutilement peut améliorer sensiblement le temps de démarrage et le temps de compilation des JSPs
07-Apr-2026 15:41:34.668 INFO [main] org.apache.catalina.startup.HostConfig.deployWAR Le déploiement de l'archive de l'application web [/home/lilian/Documents/N7/Annee2/s2/Application_web/TP/apache-tomcat-11.0.1/webapps/facade.war] s'est terminé en [5 284] ms
07-Apr-2026 15:41:34.669 INFO [main] org.apache.catalina.startup.HostConfig.deployDirectory Déploiement du répertoire d'application web [/home/lilian/Documents/N7/Annee2/s2/Application_web/TP/apache-tomcat-11.0.1/webapps/host-manager]
07-Apr-2026 15:41:34.702 INFO [main] org.apache.catalina.startup.HostConfig.deployDirectory Le déploiement du répertoire [/home/lilian/Documents/N7/Annee2/s2/Application_web/TP/apache-tomcat-11.0.1/webapps/host-manager] de l'application web s'est terminé en [32] ms
07-Apr-2026 15:41:34.702 INFO [main] org.apache.catalina.startup.HostConfig.deployDirectory Déploiement du répertoire d'application web [/home/lilian/Documents/N7/Annee2/s2/Application_web/TP/apache-tomcat-11.0.1/webapps/examples]
07-Apr-2026 15:41:34.828 INFO [main] org.apache.catalina.startup.HostConfig.deployDirectory Le déploiement du répertoire [/home/lilian/Documents/N7/Annee2/s2/Application_web/TP/apache-tomcat-11.0.1/webapps/examples] de l'application web s'est terminé en [125] ms
07-Apr-2026 15:41:34.828 INFO [main] org.apache.catalina.startup.HostConfig.deployDirectory Déploiement du répertoire d'application web [/home/lilian/Documents/N7/Annee2/s2/Application_web/TP/apache-tomcat-11.0.1/webapps/manager]
07-Apr-2026 15:41:34.844 INFO [main] org.apache.catalina.startup.HostConfig.deployDirectory Le déploiement du répertoire [/home/lilian/Documents/N7/Annee2/s2/Application_web/TP/apache-tomcat-11.0.1/webapps/manager] de l'application web s'est terminé en [16] ms
07-Apr-2026 15:41:34.844 INFO [main] org.apache.catalina.startup.HostConfig.deployDirectory Déploiement du répertoire d'application web [/home/lilian/Documents/N7/Annee2/s2/Application_web/TP/apache-tomcat-11.0.1/webapps/ROOT]
07-Apr-2026 15:41:34.855 INFO [main] org.apache.catalina.startup.HostConfig.deployDirectory Le déploiement du répertoire [/home/lilian/Documents/N7/Annee2/s2/Application_web/TP/apache-tomcat-11.0.1/webapps/ROOT] de l'application web s'est terminé en [10] ms
07-Apr-2026 15:41:34.855 INFO [main] org.apache.catalina.startup.HostConfig.deployDirectory Déploiement du répertoire d'application web [/home/lilian/Documents/N7/Annee2/s2/Application_web/TP/apache-tomcat-11.0.1/webapps/docs]
07-Apr-2026 15:41:34.868 INFO [main] org.apache.catalina.startup.HostConfig.deployDirectory Le déploiement du répertoire [/home/lilian/Documents/N7/Annee2/s2/Application_web/TP/apache-tomcat-11.0.1/webapps/docs] de l'application web s'est terminé en [12] ms
07-Apr-2026 15:41:34.872 INFO [main] org.apache.coyote.AbstractProtocol.start Démarrage du gestionnaire de protocole ["http-nio-8080"]
07-Apr-2026 15:41:34.881 INFO [main] org.apache.catalina.startup.Catalina.start Le démarrage du serveur a pris [7314] millisecondes
07-Apr-2026 15:48:44.504 INFO [main] org.apache.catalina.startup.VersionLoggerListener.log Nom version serveur :              Apache Tomcat/11.0.1
07-Apr-2026 15:48:44.508 INFO [main] org.apache.catalina.startup.VersionLoggerListener.log Serveur compilé :                  Nov 6 2024 19:08:24 UTC
07-Apr-2026 15:48:44.509 INFO [main] org.apache.catalina.startup.VersionLoggerListener.log Version du serveur :               11.0.1.0
07-Apr-2026 15:48:44.509 INFO [main] org.apache.catalina.startup.VersionLoggerListener.log Nom de l'OS :                      Linux
07-Apr-2026 15:48:44.509 INFO [main] org.apache.catalina.startup.VersionLoggerListener.log Version OS :                       6.8.0-107-generic
07-Apr-2026 15:48:44.509 INFO [main] org.apache.catalina.startup.VersionLoggerListener.log Architecture :                     amd64
07-Apr-2026 15:48:44.509 INFO [main] org.apache.catalina.startup.VersionLoggerListener.log Java Home :                        /home/lilian/Documents/N7/Annee2/s2/Application_web/TP/jdk-17.0.5
07-Apr-2026 15:48:44.509 INFO [main] org.apache.catalina.startup.VersionLoggerListener.log Version JVM :                      17.0.5+9-LTS-191
07-Apr-2026 15:48:44.510 INFO [main] org.apache.catalina.startup.VersionLoggerListener.log Fournisseur de la JVM :            Oracle Corporation
07-Apr-2026 15:48:44.510 INFO [main] org.apache.catalina.startup.VersionLoggerListener.log CATALINA_BASE :                    /home/lilian/Documents/N7/Annee2/s2/Application_web/Projet-Application-Web/apache-tomcat-11.0.1
07-Apr-2026 15:48:44.510 INFO [main] org.apache.catalina.startup.VersionLoggerListener.log CATALINA_HOME :                    /home/lilian/Documents/N7/Annee2/s2/Application_web/Projet-Application-Web/apache-tomcat-11.0.1
07-Apr-2026 15:48:44.521 INFO [main] org.apache.catalina.startup.VersionLoggerListener.log Argument de la ligne de commande : -Djava.util.logging.config.file=/home/lilian/Documents/N7/Annee2/s2/Application_web/Projet-Application-Web/apache-tomcat-11.0.1/conf/logging.properties
07-Apr-2026 15:48:44.521 INFO [main] org.apache.catalina.startup.VersionLoggerListener.log Argument de la ligne de commande : -Djava.util.logging.manager=org.apache.juli.ClassLoaderLogManager
07-Apr-2026 15:48:44.521 INFO [main] org.apache.catalina.startup.VersionLoggerListener.log Argument de la ligne de commande : -Djdk.tls.ephemeralDHKeySize=2048
07-Apr-2026 15:48:44.521 INFO [main] org.apache.catalina.startup.VersionLoggerListener.log Argument de la ligne de commande : -Dorg.apache.catalina.security.SecurityListener.UMASK=0027
07-Apr-2026 15:48:44.521 INFO [main] org.apache.catalina.startup.VersionLoggerListener.log Argument de la ligne de commande : --add-opens=java.base/java.lang=ALL-UNNAMED
07-Apr-2026 15:48:44.521 INFO [main] org.apache.catalina.startup.VersionLoggerListener.log Argument de la ligne de commande : --add-opens=java.base/java.io=ALL-UNNAMED
07-Apr-2026 15:48:44.522 INFO [main] org.apache.catalina.startup.VersionLoggerListener.log Argument de la ligne de commande : --add-opens=java.base/java.util=ALL-UNNAMED
07-Apr-2026 15:48:44.522 INFO [main] org.apache.catalina.startup.VersionLoggerListener.log Argument de la ligne de commande : --add-opens=java.base/java.util.concurrent=ALL-UNNAMED
07-Apr-2026 15:48:44.522 INFO [main] org.apache.catalina.startup.VersionLoggerListener.log Argument de la ligne de commande : --add-opens=java.rmi/sun.rmi.transport=ALL-UNNAMED
07-Apr-2026 15:48:44.522 INFO [main] org.apache.catalina.startup.VersionLoggerListener.log Argument de la ligne de commande : --enable-native-access=ALL-UNNAMED
07-Apr-2026 15:48:44.522 INFO [main] org.apache.catalina.startup.VersionLoggerListener.log Argument de la ligne de commande : -Dcatalina.base=/home/lilian/Documents/N7/Annee2/s2/Application_web/Projet-Application-Web/apache-tomcat-11.0.1
07-Apr-2026 15:48:44.522 INFO [main] org.apache.catalina.startup.VersionLoggerListener.log Argument de la ligne de commande : -Dcatalina.home=/home/lilian/Documents/N7/Annee2/s2/Application_web/Projet-Application-Web/apache-tomcat-11.0.1
07-Apr-2026 15:48:44.522 INFO [main] org.apache.catalina.startup.VersionLoggerListener.log Argument de la ligne de commande : -Djava.io.tmpdir=/home/lilian/Documents/N7/Annee2/s2/Application_web/Projet-Application-Web/apache-tomcat-11.0.1/temp
07-Apr-2026 15:48:44.524 INFO [main] org.apache.catalina.core.AprLifecycleListener.lifecycleEvent La librairie Apache Tomcat Native basée sur APR qui permet des performances optimales dans les environnements de production n'a pas été trouvée sur le java.library.path : [/usr/java/packages/lib:/usr/lib64:/lib64:/lib:/usr/lib]
07-Apr-2026 15:48:44.841 INFO [main] org.apache.coyote.AbstractProtocol.init Initialisation du gestionnaire de protocole ["http-nio-8080"]
07-Apr-2026 15:48:44.859 SEVERE [main] org.apache.catalina.util.LifecycleBase.handleSubClassException Echec d'initialisation du composant [Connector["http-nio-8080"]]
	org.apache.catalina.LifecycleException: L'initialisation du gestionnaire de protocole a échoué
		at org.apache.catalina.connector.Connector.initInternal(Connector.java:1035)
		at org.apache.catalina.util.LifecycleBase.init(LifecycleBase.java:122)
		at org.apache.catalina.core.StandardService.initInternal(StandardService.java:525)
		at org.apache.catalina.util.LifecycleBase.init(LifecycleBase.java:122)
		at org.apache.catalina.core.StandardServer.initInternal(StandardServer.java:953)
		at org.apache.catalina.util.LifecycleBase.init(LifecycleBase.java:122)
		at org.apache.catalina.startup.Catalina.load(Catalina.java:706)
		at org.apache.catalina.startup.Catalina.load(Catalina.java:729)
		at java.base/jdk.internal.reflect.NativeMethodAccessorImpl.invoke0(Native Method)
		at java.base/jdk.internal.reflect.NativeMethodAccessorImpl.invoke(NativeMethodAccessorImpl.java:77)
		at java.base/jdk.internal.reflect.DelegatingMethodAccessorImpl.invoke(DelegatingMethodAccessorImpl.java:43)
		at java.base/java.lang.reflect.Method.invoke(Method.java:568)
		at org.apache.catalina.startup.Bootstrap.load(Bootstrap.java:299)
		at org.apache.catalina.startup.Bootstrap.main(Bootstrap.java:469)
	Caused by: java.net.BindException: Adresse déjà utilisée
		at java.base/sun.nio.ch.Net.bind0(Native Method)
		at java.base/sun.nio.ch.Net.bind(Net.java:555)
		at java.base/sun.nio.ch.ServerSocketChannelImpl.netBind(ServerSocketChannelImpl.java:337)
		at java.base/sun.nio.ch.ServerSocketChannelImpl.bind(ServerSocketChannelImpl.java:294)
		at org.apache.tomcat.util.net.NioEndpoint.initServerSocket(NioEndpoint.java:240)
		at org.apache.tomcat.util.net.NioEndpoint.bind(NioEndpoint.java:195)
		at org.apache.tomcat.util.net.AbstractEndpoint.bindWithCleanup(AbstractEndpoint.java:1472)
		at org.apache.tomcat.util.net.AbstractEndpoint.init(AbstractEndpoint.java:1485)
		at org.apache.coyote.AbstractProtocol.init(AbstractProtocol.java:633)
		at org.apache.coyote.http11.AbstractHttp11Protocol.init(AbstractHttp11Protocol.java:83)
		at org.apache.catalina.connector.Connector.initInternal(Connector.java:1033)
		... 13 more
07-Apr-2026 15:48:44.860 INFO [main] org.apache.catalina.startup.Catalina.load L'initialisation du serveur a pris [584] millisecondes
07-Apr-2026 15:48:44.909 INFO [main] org.apache.catalina.core.StandardService.startInternal Démarrage du service [Catalina]
07-Apr-2026 15:48:44.910 INFO [main] org.apache.catalina.core.StandardEngine.startInternal Démarrage du moteur de Servlets : [Apache Tomcat/11.0.1]
07-Apr-2026 15:48:44.929 INFO [main] org.apache.catalina.startup.HostConfig.deployWAR Déploiement de l'archive [/home/lilian/Documents/N7/Annee2/s2/Application_web/Projet-Application-Web/apache-tomcat-11.0.1/webapps/hello.war] de l'application web
07-Apr-2026 15:48:45.348 INFO [main] org.apache.catalina.startup.HostConfig.deployWAR Le déploiement de l'archive de l'application web [/home/lilian/Documents/N7/Annee2/s2/Application_web/Projet-Application-Web/apache-tomcat-11.0.1/webapps/hello.war] s'est terminé en [416] ms
07-Apr-2026 15:48:45.350 INFO [main] org.apache.catalina.startup.HostConfig.deployWAR Déploiement de l'archive [/home/lilian/Documents/N7/Annee2/s2/Application_web/Projet-Application-Web/apache-tomcat-11.0.1/webapps/back.war] de l'application web
07-Apr-2026 15:48:47.655 INFO [main] org.apache.jasper.servlet.TldScanner.scanJars Au moins un fichier JAR a été analysé pour trouver des TLDs mais il n'en contenait pas, le mode "debug" du journal peut être activé pour obtenir une liste complète de JAR scannés sans succès ; éviter d'analyser des JARs inutilement peut améliorer sensiblement le temps de démarrage et le temps de compilation des JSPs
07-Apr-2026 15:48:55.806 INFO [main] org.apache.catalina.startup.HostConfig.deployWAR Le déploiement de l'archive de l'application web [/home/lilian/Documents/N7/Annee2/s2/Application_web/Projet-Application-Web/apache-tomcat-11.0.1/webapps/back.war] s'est terminé en [10 457] ms
07-Apr-2026 15:48:55.814 INFO [main] org.apache.catalina.startup.HostConfig.deployWAR Déploiement de l'archive [/home/lilian/Documents/N7/Annee2/s2/Application_web/Projet-Application-Web/apache-tomcat-11.0.1/webapps/front.war] de l'application web
07-Apr-2026 15:48:56.041 INFO [main] org.apache.catalina.startup.HostConfig.deployWAR Le déploiement de l'archive de l'application web [/home/lilian/Documents/N7/Annee2/s2/Application_web/Projet-Application-Web/apache-tomcat-11.0.1/webapps/front.war] s'est terminé en [228] ms
07-Apr-2026 15:48:56.042 INFO [main] org.apache.catalina.startup.HostConfig.deployWAR Déploiement de l'archive [/home/lilian/Documents/N7/Annee2/s2/Application_web/Projet-Application-Web/apache-tomcat-11.0.1/webapps/Annuaire.war] de l'application web
07-Apr-2026 15:48:57.209 INFO [main] org.apache.jasper.servlet.TldScanner.scanJars Au moins un fichier JAR a été analysé pour trouver des TLDs mais il n'en contenait pas, le mode "debug" du journal peut être activé pour obtenir une liste complète de JAR scannés sans succès ; éviter d'analyser des JARs inutilement peut améliorer sensiblement le temps de démarrage et le temps de compilation des JSPs
07-Apr-2026 15:48:57.213 INFO [main] org.apache.catalina.startup.HostConfig.deployWAR Le déploiement de l'archive de l'application web [/home/lilian/Documents/N7/Annee2/s2/Application_web/Projet-Application-Web/apache-tomcat-11.0.1/webapps/Annuaire.war] s'est terminé en [1 170] ms
07-Apr-2026 15:48:57.213 INFO [main] org.apache.catalina.startup.HostConfig.deployWAR Déploiement de l'archive [/home/lilian/Documents/N7/Annee2/s2/Application_web/Projet-Application-Web/apache-tomcat-11.0.1/webapps/facade.war] de l'application web
07-Apr-2026 15:48:58.390 INFO [main] org.apache.jasper.servlet.TldScanner.scanJars Au moins un fichier JAR a été analysé pour trouver des TLDs mais il n'en contenait pas, le mode "debug" du journal peut être activé pour obtenir une liste complète de JAR scannés sans succès ; éviter d'analyser des JARs inutilement peut améliorer sensiblement le temps de démarrage et le temps de compilation des JSPs
07-Apr-2026 15:49:02.897 INFO [main] org.apache.catalina.startup.HostConfig.deployWAR Le déploiement de l'archive de l'application web [/home/lilian/Documents/N7/Annee2/s2/Application_web/Projet-Application-Web/apache-tomcat-11.0.1/webapps/facade.war] s'est terminé en [5 684] ms
07-Apr-2026 15:49:02.898 INFO [main] org.apache.catalina.startup.HostConfig.deployDirectory Déploiement du répertoire d'application web [/home/lilian/Documents/N7/Annee2/s2/Application_web/Projet-Application-Web/apache-tomcat-11.0.1/webapps/host-manager]
07-Apr-2026 15:49:02.931 INFO [main] org.apache.catalina.startup.HostConfig.deployDirectory Le déploiement du répertoire [/home/lilian/Documents/N7/Annee2/s2/Application_web/Projet-Application-Web/apache-tomcat-11.0.1/webapps/host-manager] de l'application web s'est terminé en [33] ms
07-Apr-2026 15:49:02.931 INFO [main] org.apache.catalina.startup.HostConfig.deployDirectory Déploiement du répertoire d'application web [/home/lilian/Documents/N7/Annee2/s2/Application_web/Projet-Application-Web/apache-tomcat-11.0.1/webapps/examples]
07-Apr-2026 15:49:03.100 INFO [main] org.apache.catalina.startup.HostConfig.deployDirectory Le déploiement du répertoire [/home/lilian/Documents/N7/Annee2/s2/Application_web/Projet-Application-Web/apache-tomcat-11.0.1/webapps/examples] de l'application web s'est terminé en [169] ms
07-Apr-2026 15:49:03.100 INFO [main] org.apache.catalina.startup.HostConfig.deployDirectory Déploiement du répertoire d'application web [/home/lilian/Documents/N7/Annee2/s2/Application_web/Projet-Application-Web/apache-tomcat-11.0.1/webapps/manager]
07-Apr-2026 15:49:03.119 INFO [main] org.apache.catalina.startup.HostConfig.deployDirectory Le déploiement du répertoire [/home/lilian/Documents/N7/Annee2/s2/Application_web/Projet-Application-Web/apache-tomcat-11.0.1/webapps/manager] de l'application web s'est terminé en [19] ms
07-Apr-2026 15:49:03.120 INFO [main] org.apache.catalina.startup.HostConfig.deployDirectory Déploiement du répertoire d'application web [/home/lilian/Documents/N7/Annee2/s2/Application_web/Projet-Application-Web/apache-tomcat-11.0.1/webapps/ROOT]
07-Apr-2026 15:49:03.135 INFO [main] org.apache.catalina.startup.HostConfig.deployDirectory Le déploiement du répertoire [/home/lilian/Documents/N7/Annee2/s2/Application_web/Projet-Application-Web/apache-tomcat-11.0.1/webapps/ROOT] de l'application web s'est terminé en [15] ms
07-Apr-2026 15:49:03.136 INFO [main] org.apache.catalina.startup.HostConfig.deployDirectory Déploiement du répertoire d'application web [/home/lilian/Documents/N7/Annee2/s2/Application_web/Projet-Application-Web/apache-tomcat-11.0.1/webapps/docs]
07-Apr-2026 15:49:03.151 INFO [main] org.apache.catalina.startup.HostConfig.deployDirectory Le déploiement du répertoire [/home/lilian/Documents/N7/Annee2/s2/Application_web/Projet-Application-Web/apache-tomcat-11.0.1/webapps/docs] de l'application web s'est terminé en [16] ms
07-Apr-2026 15:49:03.156 INFO [main] org.apache.catalina.startup.Catalina.start Le démarrage du serveur a pris [18295] millisecondes
07-Apr-2026 15:49:03.160 SEVERE [main] org.apache.catalina.core.StandardServer.await Impossible de créer le sokcet d'arrêt du serveur à l'adresse [localhost] et au port [8005] (port de base [8005] et offset [0])
	java.net.BindException: Adresse déjà utilisée
		at java.base/sun.nio.ch.Net.bind0(Native Method)
		at java.base/sun.nio.ch.Net.bind(Net.java:555)
		at java.base/sun.nio.ch.Net.bind(Net.java:544)
		at java.base/sun.nio.ch.NioSocketImpl.bind(NioSocketImpl.java:643)
		at java.base/java.net.ServerSocket.bind(ServerSocket.java:388)
		at java.base/java.net.ServerSocket.<init>(ServerSocket.java:274)
		at org.apache.catalina.core.StandardServer.await(StandardServer.java:532)
		at org.apache.catalina.startup.Catalina.await(Catalina.java:845)
		at org.apache.catalina.startup.Catalina.start(Catalina.java:793)
		at java.base/jdk.internal.reflect.NativeMethodAccessorImpl.invoke0(Native Method)
		at java.base/jdk.internal.reflect.NativeMethodAccessorImpl.invoke(NativeMethodAccessorImpl.java:77)
		at java.base/jdk.internal.reflect.DelegatingMethodAccessorImpl.invoke(DelegatingMethodAccessorImpl.java:43)
		at java.base/java.lang.reflect.Method.invoke(Method.java:568)
		at org.apache.catalina.startup.Bootstrap.start(Bootstrap.java:342)
		at org.apache.catalina.startup.Bootstrap.main(Bootstrap.java:470)
07-Apr-2026 15:49:03.160 INFO [main] org.apache.coyote.AbstractProtocol.pause Le gestionnaire de protocole ["http-nio-8080"] est mis en pause
07-Apr-2026 15:49:03.161 INFO [main] org.apache.catalina.core.StandardService.stopInternal Arrêt du service [Catalina]
07-Apr-2026 15:49:03.342 INFO [main] org.apache.coyote.AbstractProtocol.stop Arrêt du gestionnaire de protocole ["http-nio-8080"]
07-Apr-2026 15:49:03.344 INFO [main] org.apache.coyote.AbstractProtocol.destroy Destruction du gestionnaire de protocole ["http-nio-8080"]
07-Apr-2026 15:55:56.014 INFO [main] org.apache.catalina.startup.VersionLoggerListener.log Nom version serveur :              Apache Tomcat/11.0.1
07-Apr-2026 15:55:56.019 INFO [main] org.apache.catalina.startup.VersionLoggerListener.log Serveur compilé :                  Nov 6 2024 19:08:24 UTC
07-Apr-2026 15:55:56.020 INFO [main] org.apache.catalina.startup.VersionLoggerListener.log Version du serveur :               11.0.1.0
07-Apr-2026 15:55:56.020 INFO [main] org.apache.catalina.startup.VersionLoggerListener.log Nom de l'OS :                      Linux
07-Apr-2026 15:55:56.020 INFO [main] org.apache.catalina.startup.VersionLoggerListener.log Version OS :                       6.8.0-107-generic
07-Apr-2026 15:55:56.020 INFO [main] org.apache.catalina.startup.VersionLoggerListener.log Architecture :                     amd64
07-Apr-2026 15:55:56.021 INFO [main] org.apache.catalina.startup.VersionLoggerListener.log Java Home :                        /home/lilian/Documents/N7/Annee2/s2/Application_web/TP/jdk-17.0.5
07-Apr-2026 15:55:56.021 INFO [main] org.apache.catalina.startup.VersionLoggerListener.log Version JVM :                      17.0.5+9-LTS-191
07-Apr-2026 15:55:56.021 INFO [main] org.apache.catalina.startup.VersionLoggerListener.log Fournisseur de la JVM :            Oracle Corporation
07-Apr-2026 15:55:56.021 INFO [main] org.apache.catalina.startup.VersionLoggerListener.log CATALINA_BASE :                    /home/lilian/Documents/N7/Annee2/s2/Application_web/Projet-Application-Web/apache-tomcat-11.0.1
07-Apr-2026 15:55:56.021 INFO [main] org.apache.catalina.startup.VersionLoggerListener.log CATALINA_HOME :                    /home/lilian/Documents/N7/Annee2/s2/Application_web/Projet-Application-Web/apache-tomcat-11.0.1
07-Apr-2026 15:55:56.035 INFO [main] org.apache.catalina.startup.VersionLoggerListener.log Argument de la ligne de commande : -Djava.util.logging.config.file=/home/lilian/Documents/N7/Annee2/s2/Application_web/Projet-Application-Web/apache-tomcat-11.0.1/conf/logging.properties
07-Apr-2026 15:55:56.035 INFO [main] org.apache.catalina.startup.VersionLoggerListener.log Argument de la ligne de commande : -Djava.util.logging.manager=org.apache.juli.ClassLoaderLogManager
07-Apr-2026 15:55:56.035 INFO [main] org.apache.catalina.startup.VersionLoggerListener.log Argument de la ligne de commande : -Djdk.tls.ephemeralDHKeySize=2048
07-Apr-2026 15:55:56.036 INFO [main] org.apache.catalina.startup.VersionLoggerListener.log Argument de la ligne de commande : -Dorg.apache.catalina.security.SecurityListener.UMASK=0027
07-Apr-2026 15:55:56.036 INFO [main] org.apache.catalina.startup.VersionLoggerListener.log Argument de la ligne de commande : --add-opens=java.base/java.lang=ALL-UNNAMED
07-Apr-2026 15:55:56.036 INFO [main] org.apache.catalina.startup.VersionLoggerListener.log Argument de la ligne de commande : --add-opens=java.base/java.io=ALL-UNNAMED
07-Apr-2026 15:55:56.036 INFO [main] org.apache.catalina.startup.VersionLoggerListener.log Argument de la ligne de commande : --add-opens=java.base/java.util=ALL-UNNAMED
07-Apr-2026 15:55:56.036 INFO [main] org.apache.catalina.startup.VersionLoggerListener.log Argument de la ligne de commande : --add-opens=java.base/java.util.concurrent=ALL-UNNAMED
07-Apr-2026 15:55:56.037 INFO [main] org.apache.catalina.startup.VersionLoggerListener.log Argument de la ligne de commande : --add-opens=java.rmi/sun.rmi.transport=ALL-UNNAMED
07-Apr-2026 15:55:56.037 INFO [main] org.apache.catalina.startup.VersionLoggerListener.log Argument de la ligne de commande : --enable-native-access=ALL-UNNAMED
07-Apr-2026 15:55:56.037 INFO [main] org.apache.catalina.startup.VersionLoggerListener.log Argument de la ligne de commande : -Dcatalina.base=/home/lilian/Documents/N7/Annee2/s2/Application_web/Projet-Application-Web/apache-tomcat-11.0.1
07-Apr-2026 15:55:56.037 INFO [main] org.apache.catalina.startup.VersionLoggerListener.log Argument de la ligne de commande : -Dcatalina.home=/home/lilian/Documents/N7/Annee2/s2/Application_web/Projet-Application-Web/apache-tomcat-11.0.1
07-Apr-2026 15:55:56.037 INFO [main] org.apache.catalina.startup.VersionLoggerListener.log Argument de la ligne de commande : -Djava.io.tmpdir=/home/lilian/Documents/N7/Annee2/s2/Application_web/Projet-Application-Web/apache-tomcat-11.0.1/temp
07-Apr-2026 15:55:56.039 INFO [main] org.apache.catalina.core.AprLifecycleListener.lifecycleEvent La librairie Apache Tomcat Native basée sur APR qui permet des performances optimales dans les environnements de production n'a pas été trouvée sur le java.library.path : [/usr/java/packages/lib:/usr/lib64:/lib64:/lib:/usr/lib]
07-Apr-2026 15:55:56.365 INFO [main] org.apache.coyote.AbstractProtocol.init Initialisation du gestionnaire de protocole ["http-nio-8080"]
07-Apr-2026 15:55:56.392 INFO [main] org.apache.catalina.startup.Catalina.load L'initialisation du serveur a pris [611] millisecondes
07-Apr-2026 15:55:56.444 INFO [main] org.apache.catalina.core.StandardService.startInternal Démarrage du service [Catalina]
07-Apr-2026 15:55:56.445 INFO [main] org.apache.catalina.core.StandardEngine.startInternal Démarrage du moteur de Servlets : [Apache Tomcat/11.0.1]
07-Apr-2026 15:55:56.465 INFO [main] org.apache.catalina.startup.HostConfig.deployWAR Déploiement de l'archive [/home/lilian/Documents/N7/Annee2/s2/Application_web/Projet-Application-Web/apache-tomcat-11.0.1/webapps/back.war] de l'application web
07-Apr-2026 15:55:59.096 INFO [main] org.apache.jasper.servlet.TldScanner.scanJars Au moins un fichier JAR a été analysé pour trouver des TLDs mais il n'en contenait pas, le mode "debug" du journal peut être activé pour obtenir une liste complète de JAR scannés sans succès ; éviter d'analyser des JARs inutilement peut améliorer sensiblement le temps de démarrage et le temps de compilation des JSPs
07-Apr-2026 15:56:07.022 INFO [main] org.apache.catalina.startup.HostConfig.deployWAR Le déploiement de l'archive de l'application web [/home/lilian/Documents/N7/Annee2/s2/Application_web/Projet-Application-Web/apache-tomcat-11.0.1/webapps/back.war] s'est terminé en [10 557] ms
07-Apr-2026 15:56:07.023 INFO [main] org.apache.catalina.startup.HostConfig.deployWAR Déploiement de l'archive [/home/lilian/Documents/N7/Annee2/s2/Application_web/Projet-Application-Web/apache-tomcat-11.0.1/webapps/front.war] de l'application web
07-Apr-2026 15:56:07.258 INFO [main] org.apache.catalina.startup.HostConfig.deployWAR Le déploiement de l'archive de l'application web [/home/lilian/Documents/N7/Annee2/s2/Application_web/Projet-Application-Web/apache-tomcat-11.0.1/webapps/front.war] s'est terminé en [235] ms
07-Apr-2026 15:56:07.259 INFO [main] org.apache.catalina.startup.HostConfig.deployDirectory Déploiement du répertoire d'application web [/home/lilian/Documents/N7/Annee2/s2/Application_web/Projet-Application-Web/apache-tomcat-11.0.1/webapps/host-manager]
07-Apr-2026 15:56:07.279 INFO [main] org.apache.catalina.startup.HostConfig.deployDirectory Le déploiement du répertoire [/home/lilian/Documents/N7/Annee2/s2/Application_web/Projet-Application-Web/apache-tomcat-11.0.1/webapps/host-manager] de l'application web s'est terminé en [20] ms
07-Apr-2026 15:56:07.279 INFO [main] org.apache.catalina.startup.HostConfig.deployDirectory Déploiement du répertoire d'application web [/home/lilian/Documents/N7/Annee2/s2/Application_web/Projet-Application-Web/apache-tomcat-11.0.1/webapps/examples]
07-Apr-2026 15:56:07.397 INFO [main] org.apache.catalina.startup.HostConfig.deployDirectory Le déploiement du répertoire [/home/lilian/Documents/N7/Annee2/s2/Application_web/Projet-Application-Web/apache-tomcat-11.0.1/webapps/examples] de l'application web s'est terminé en [118] ms
07-Apr-2026 15:56:07.398 INFO [main] org.apache.catalina.startup.HostConfig.deployDirectory Déploiement du répertoire d'application web [/home/lilian/Documents/N7/Annee2/s2/Application_web/Projet-Application-Web/apache-tomcat-11.0.1/webapps/manager]
07-Apr-2026 15:56:07.416 INFO [main] org.apache.catalina.startup.HostConfig.deployDirectory Le déploiement du répertoire [/home/lilian/Documents/N7/Annee2/s2/Application_web/Projet-Application-Web/apache-tomcat-11.0.1/webapps/manager] de l'application web s'est terminé en [18] ms
07-Apr-2026 15:56:07.416 INFO [main] org.apache.catalina.startup.HostConfig.deployDirectory Déploiement du répertoire d'application web [/home/lilian/Documents/N7/Annee2/s2/Application_web/Projet-Application-Web/apache-tomcat-11.0.1/webapps/ROOT]
07-Apr-2026 15:56:07.429 INFO [main] org.apache.catalina.startup.HostConfig.deployDirectory Le déploiement du répertoire [/home/lilian/Documents/N7/Annee2/s2/Application_web/Projet-Application-Web/apache-tomcat-11.0.1/webapps/ROOT] de l'application web s'est terminé en [12] ms
07-Apr-2026 15:56:07.429 INFO [main] org.apache.catalina.startup.HostConfig.deployDirectory Déploiement du répertoire d'application web [/home/lilian/Documents/N7/Annee2/s2/Application_web/Projet-Application-Web/apache-tomcat-11.0.1/webapps/docs]
07-Apr-2026 15:56:07.442 INFO [main] org.apache.catalina.startup.HostConfig.deployDirectory Le déploiement du répertoire [/home/lilian/Documents/N7/Annee2/s2/Application_web/Projet-Application-Web/apache-tomcat-11.0.1/webapps/docs] de l'application web s'est terminé en [13] ms
07-Apr-2026 15:56:07.446 INFO [main] org.apache.coyote.AbstractProtocol.start Démarrage du gestionnaire de protocole ["http-nio-8080"]
07-Apr-2026 15:56:07.456 INFO [main] org.apache.catalina.startup.Catalina.start Le démarrage du serveur a pris [11063] millisecondes
07-Apr-2026 15:59:47.511 INFO [Catalina-utility-1] org.apache.catalina.startup.HostConfig.undeploy Retrait de l'application web ayant pour chemin de contexte [/front]
07-Apr-2026 15:59:47.537 INFO [Catalina-utility-1] org.apache.catalina.startup.HostConfig.deployWAR Déploiement de l'archive [/home/lilian/Documents/N7/Annee2/s2/Application_web/Projet-Application-Web/apache-tomcat-11.0.1/webapps/front.war] de l'application web
07-Apr-2026 15:59:47.796 INFO [Catalina-utility-1] org.apache.catalina.startup.HostConfig.deployWAR Le déploiement de l'archive de l'application web [/home/lilian/Documents/N7/Annee2/s2/Application_web/Projet-Application-Web/apache-tomcat-11.0.1/webapps/front.war] s'est terminé en [259] ms
07-Apr-2026 15:59:57.798 INFO [Catalina-utility-2] org.apache.catalina.startup.HostConfig.undeploy Retrait de l'application web ayant pour chemin de contexte [/back]
07-Apr-2026 15:59:58.030 INFO [Catalina-utility-2] org.apache.catalina.startup.HostConfig.deployWAR Déploiement de l'archive [/home/lilian/Documents/N7/Annee2/s2/Application_web/Projet-Application-Web/apache-tomcat-11.0.1/webapps/back.war] de l'application web
07-Apr-2026 16:00:00.119 INFO [Catalina-utility-2] org.apache.jasper.servlet.TldScanner.scanJars Au moins un fichier JAR a été analysé pour trouver des TLDs mais il n'en contenait pas, le mode "debug" du journal peut être activé pour obtenir une liste complète de JAR scannés sans succès ; éviter d'analyser des JARs inutilement peut améliorer sensiblement le temps de démarrage et le temps de compilation des JSPs
07-Apr-2026 16:00:07.769 INFO [Catalina-utility-2] org.apache.catalina.startup.HostConfig.deployWAR Le déploiement de l'archive de l'application web [/home/lilian/Documents/N7/Annee2/s2/Application_web/Projet-Application-Web/apache-tomcat-11.0.1/webapps/back.war] s'est terminé en [9 739] ms
