Using CATALINA_BASE:   "D:\CODING\Projet-Application-Web\apache-tomcat-11.0.1"
Using CATALINA_HOME:   "D:\CODING\Projet-Application-Web\apache-tomcat-11.0.1"
Using CATALINA_TMPDIR: "D:\CODING\Projet-Application-Web\apache-tomcat-11.0.1\temp"
Using JRE_HOME:        "C:\Program Files\Java\jdk-24"
Using CLASSPATH:       "D:\CODING\Projet-Application-Web\apache-tomcat-11.0.1\bin\bootstrap.jar;D:\CODING\Projet-Application-Web\apache-tomcat-11.0.1\bin\tomcat-juli.jar"
Using CATALINA_OPTS:   ""

  .   ____          _            __ _ _
 /\\ / ___'_ __ _ _(_)_ __  __ _ \ \ \ \
( ( )\___ | '_ | '_| | '_ \/ _` | \ \ \ \
 \\/  ___)| |_)| | | | | || (_| |  ) ) ) )
  '  |____| .__|_| |_|_| |_\__, | / / / /
 =========|_|==============|___/=/_/_/_/

 :: Spring Boot ::                (v4.0.5)

2026-04-13T11:45:27.938+02:00  INFO 5388 --- [back] [           main] n7.facade.ServletInitializer             : Starting ServletInitializer v0.0.1-SNAPSHOT using Java 24 with PID 5388 (D:\CODING\Projet-Application-Web\apache-tomcat-11.0.1\webapps\back\WEB-INF\classes started by pilot in D:\CODING\Projet-Application-Web\apache-tomcat-11.0.1)
2026-04-13T11:45:27.946+02:00  INFO 5388 --- [back] [           main] n7.facade.ServletInitializer             : No active profile set, falling back to 1 default profile: "default"
2026-04-13T11:45:29.026+02:00  INFO 5388 --- [back] [           main] .s.d.r.c.RepositoryConfigurationDelegate : Bootstrapping Spring Data JPA repositories in DEFAULT mode.
2026-04-13T11:45:29.147+02:00  INFO 5388 --- [back] [           main] .s.d.r.c.RepositoryConfigurationDelegate : Finished Spring Data repository scanning in 105 ms. Found 7 JPA repository interfaces.
2026-04-13T11:45:29.577+02:00  INFO 5388 --- [back] [           main] b.w.c.s.WebApplicationContextInitializer : Root WebApplicationContext: initialization completed in 1537 ms
2026-04-13T11:45:30.013+02:00  INFO 5388 --- [back] [           main] org.hibernate.orm.jpa                    : HHH008540: Processing PersistenceUnitInfo [name: default]
2026-04-13T11:45:30.170+02:00  INFO 5388 --- [back] [           main] org.hibernate.orm.core                   : HHH000001: Hibernate ORM core version 7.2.7.Final
2026-04-13T11:45:31.142+02:00  INFO 5388 --- [back] [           main] o.s.o.j.p.SpringPersistenceUnitInfo      : No LoadTimeWeaver setup: ignoring JPA class transformer
2026-04-13T11:45:31.202+02:00  INFO 5388 --- [back] [           main] com.zaxxer.hikari.HikariDataSource       : HikariPool-1 - Starting...
2026-04-13T11:45:31.669+02:00  INFO 5388 --- [back] [           main] com.zaxxer.hikari.pool.PoolBase          : HikariPool-1 - Driver does not support get/set network timeout for connections. (feature not supported)
2026-04-13T11:45:31.674+02:00  INFO 5388 --- [back] [           main] com.zaxxer.hikari.pool.HikariPool        : HikariPool-1 - Added connection org.hsqldb.jdbc.JDBCConnection@547aeb2f
2026-04-13T11:45:31.677+02:00  INFO 5388 --- [back] [           main] com.zaxxer.hikari.HikariDataSource       : HikariPool-1 - Start completed.
2026-04-13T11:45:31.797+02:00  INFO 5388 --- [back] [           main] org.hibernate.orm.connections.pooling    : HHH10001005: Database info:
	Database JDBC URL [jdbc:hsqldb:file:../../DB/facade-db/back;shutdown=true]
	Database driver: HSQL Database Engine Driver
	Database dialect: HSQLDialect
	Database version: 2.7.3
	Default catalog/schema: PUBLIC/PUBLIC
	Autocommit mode: undefined/unknown
	Isolation level: READ_COMMITTED [default READ_COMMITTED]
	JDBC fetch size: none
	Pool: DataSourceConnectionProvider
	Minimum pool size: undefined/unknown
	Maximum pool size: undefined/unknown
2026-04-13T11:45:33.393+02:00  INFO 5388 --- [back] [           main] org.hibernate.orm.core                   : HHH000489: No JTA platform available (set 'hibernate.transaction.jta.platform' to enable JTA platform integration)
2026-04-13T11:45:33.506+02:00  INFO 5388 --- [back] [           main] j.LocalContainerEntityManagerFactoryBean : Initialized JPA EntityManagerFactory for persistence unit 'default'
2026-04-13T11:45:33.640+02:00  INFO 5388 --- [back] [           main] o.s.d.j.r.query.QueryEnhancerFactories   : Hibernate is in classpath; If applicable, HQL parser will be used.
Hibernate: 
    /* select
        count(*) 
    from
        Card x */ select
            count(*) 
        from
            card c1_0
2026-04-13T11:45:35.398+02:00  INFO 5388 --- [back] [           main] n7.facade.ServletInitializer             : Started ServletInitializer in 8.261 seconds (process running for 15.258)
2026-04-13T11:47:59.076+02:00  INFO 5388 --- [back] [nio-8080-exec-9] o.s.web.servlet.DispatcherServlet        : Initializing Servlet 'dispatcherServlet'
2026-04-13T11:47:59.079+02:00  INFO 5388 --- [back] [nio-8080-exec-9] o.s.web.servlet.DispatcherServlet        : Completed initialization in 1 ms
Hibernate: 
    /* <criteria> */ select
        j1_0.id,
        j1_0.games_played,
        j1_0.password,
        j1_0.pseudo,
        j1_0.wins 
    from
        joueur j1_0
Hibernate: 
    /* <criteria> */ select
        j1_0.id,
        j1_0.games_played,
        j1_0.password,
        j1_0.pseudo,
        j1_0.wins 
    from
        joueur j1_0
Hibernate: 
    /* <criteria> */ select
        j1_0.id,
        j1_0.games_played,
        j1_0.password,
        j1_0.pseudo,
        j1_0.wins 
    from
        joueur j1_0
Hibernate: 
    /* <criteria> */ select
        g1_0.id,
        g1_0.created_at,
        g1_0.creator_id,
        g1_0.current_color,
        g1_0.current_player_index,
        g1_0.direction,
        g1_0.name,
        g1_0.status,
        g1_0.top_card_id 
    from
        game g1_0
Hibernate: 
    select
        j1_0.id,
        j1_0.games_played,
        j1_0.password,
        j1_0.pseudo,
        j1_0.wins 
    from
        joueur j1_0 
    where
        j1_0.id=?
Hibernate: 
    select
        j1_0.id,
        j1_0.games_played,
        j1_0.password,
        j1_0.pseudo,
        j1_0.wins 
    from
        joueur j1_0 
    where
        j1_0.id=?
Hibernate: 
    select
        c1_0.id,
        c1_0.color,
        c1_0.type,
        c1_0.value 
    from
        card c1_0 
    where
        c1_0.id=?
Hibernate: 
    select
        r1_0.game_id,
        r1_0.id,
        r1_0.description,
        r1_0.rule_name 
    from
        game_rule r1_0 
    where
        r1_0.game_id=?
Hibernate: 
    select
        p1_0.game_id,
        p1_0.id,
        p1_0.has_called_uno,
        j1_0.id,
        j1_0.games_played,
        j1_0.password,
        j1_0.pseudo,
        j1_0.wins,
        p1_0.turn_order 
    from
        game_player p1_0 
    left join
        joueur j1_0 
            on j1_0.id=p1_0.joueur_id 
    where
        p1_0.game_id=?
Hibernate: 
    select
        h1_0.game_player_id,
        h1_0.id,
        c1_0.id,
        c1_0.color,
        c1_0.type,
        c1_0.value 
    from
        hand_card h1_0 
    left join
        card c1_0 
            on c1_0.id=h1_0.card_id 
    where
        h1_0.game_player_id=?
Hibernate: 
    select
        h1_0.game_player_id,
        h1_0.id,
        c1_0.id,
        c1_0.color,
        c1_0.type,
        c1_0.value 
    from
        hand_card h1_0 
    left join
        card c1_0 
            on c1_0.id=h1_0.card_id 
    where
        h1_0.game_player_id=?
Hibernate: 
    select
        h1_0.game_player_id,
        h1_0.id,
        c1_0.id,
        c1_0.color,
        c1_0.type,
        c1_0.value 
    from
        hand_card h1_0 
    left join
        card c1_0 
            on c1_0.id=h1_0.card_id 
    where
        h1_0.game_player_id=?
Hibernate: 
    select
        r1_0.game_id,
        r1_0.id,
        r1_0.description,
        r1_0.rule_name 
    from
        game_rule r1_0 
    where
        r1_0.game_id=?
Hibernate: 
    select
        p1_0.game_id,
        p1_0.id,
        p1_0.has_called_uno,
        j1_0.id,
        j1_0.games_played,
        j1_0.password,
        j1_0.pseudo,
        j1_0.wins,
        p1_0.turn_order 
    from
        game_player p1_0 
    left join
        joueur j1_0 
            on j1_0.id=p1_0.joueur_id 
    where
        p1_0.game_id=?
Hibernate: 
    select
        h1_0.game_player_id,
        h1_0.id,
        c1_0.id,
        c1_0.color,
        c1_0.type,
        c1_0.value 
    from
        hand_card h1_0 
    left join
        card c1_0 
            on c1_0.id=h1_0.card_id 
    where
        h1_0.game_player_id=?
Hibernate: 
    select
        h1_0.game_player_id,
        h1_0.id,
        c1_0.id,
        c1_0.color,
        c1_0.type,
        c1_0.value 
    from
        hand_card h1_0 
    left join
        card c1_0 
            on c1_0.id=h1_0.card_id 
    where
        h1_0.game_player_id=?
Hibernate: 
    select
        r1_0.game_id,
        r1_0.id,
        r1_0.description,
        r1_0.rule_name 
    from
        game_rule r1_0 
    where
        r1_0.game_id=?
Hibernate: 
    select
        p1_0.game_id,
        p1_0.id,
        p1_0.has_called_uno,
        j1_0.id,
        j1_0.games_played,
        j1_0.password,
        j1_0.pseudo,
        j1_0.wins,
        p1_0.turn_order 
    from
        game_player p1_0 
    left join
        joueur j1_0 
            on j1_0.id=p1_0.joueur_id 
    where
        p1_0.game_id=?
Hibernate: 
    select
        h1_0.game_player_id,
        h1_0.id,
        c1_0.id,
        c1_0.color,
        c1_0.type,
        c1_0.value 
    from
        hand_card h1_0 
    left join
        card c1_0 
            on c1_0.id=h1_0.card_id 
    where
        h1_0.game_player_id=?
Hibernate: 
    /* <criteria> */ select
        g1_0.id,
        g1_0.created_at,
        g1_0.creator_id,
        g1_0.current_color,
        g1_0.current_player_index,
        g1_0.direction,
        g1_0.name,
        g1_0.status,
        g1_0.top_card_id 
    from
        game g1_0
Hibernate: 
    select
        j1_0.id,
        j1_0.games_played,
        j1_0.password,
        j1_0.pseudo,
        j1_0.wins 
    from
        joueur j1_0 
    where
        j1_0.id=?
Hibernate: 
    select
        j1_0.id,
        j1_0.games_played,
        j1_0.password,
        j1_0.pseudo,
        j1_0.wins 
    from
        joueur j1_0 
    where
        j1_0.id=?
Hibernate: 
    select
        c1_0.id,
        c1_0.color,
        c1_0.type,
        c1_0.value 
    from
        card c1_0 
    where
        c1_0.id=?
Hibernate: 
    select
        r1_0.game_id,
        r1_0.id,
        r1_0.description,
        r1_0.rule_name 
    from
        game_rule r1_0 
    where
        r1_0.game_id=?
Hibernate: 
    select
        p1_0.game_id,
        p1_0.id,
        p1_0.has_called_uno,
        j1_0.id,
        j1_0.games_played,
        j1_0.password,
        j1_0.pseudo,
        j1_0.wins,
        p1_0.turn_order 
    from
        game_player p1_0 
    left join
        joueur j1_0 
            on j1_0.id=p1_0.joueur_id 
    where
        p1_0.game_id=?
Hibernate: 
    select
        h1_0.game_player_id,
        h1_0.id,
        c1_0.id,
        c1_0.color,
        c1_0.type,
        c1_0.value 
    from
        hand_card h1_0 
    left join
        card c1_0 
            on c1_0.id=h1_0.card_id 
    where
        h1_0.game_player_id=?
Hibernate: 
    select
        h1_0.game_player_id,
        h1_0.id,
        c1_0.id,
        c1_0.color,
        c1_0.type,
        c1_0.value 
    from
        hand_card h1_0 
    left join
        card c1_0 
            on c1_0.id=h1_0.card_id 
    where
        h1_0.game_player_id=?
Hibernate: 
    select
        h1_0.game_player_id,
        h1_0.id,
        c1_0.id,
        c1_0.color,
        c1_0.type,
        c1_0.value 
    from
        hand_card h1_0 
    left join
        card c1_0 
            on c1_0.id=h1_0.card_id 
    where
        h1_0.game_player_id=?
Hibernate: 
    select
        r1_0.game_id,
        r1_0.id,
        r1_0.description,
        r1_0.rule_name 
    from
        game_rule r1_0 
    where
        r1_0.game_id=?
Hibernate: 
    select
        p1_0.game_id,
        p1_0.id,
        p1_0.has_called_uno,
        j1_0.id,
        j1_0.games_played,
        j1_0.password,
        j1_0.pseudo,
        j1_0.wins,
        p1_0.turn_order 
    from
        game_player p1_0 
    left join
        joueur j1_0 
            on j1_0.id=p1_0.joueur_id 
    where
        p1_0.game_id=?
Hibernate: 
    select
        h1_0.game_player_id,
        h1_0.id,
        c1_0.id,
        c1_0.color,
        c1_0.type,
        c1_0.value 
    from
        hand_card h1_0 
    left join
        card c1_0 
            on c1_0.id=h1_0.card_id 
    where
        h1_0.game_player_id=?
Hibernate: 
    select
        h1_0.game_player_id,
        h1_0.id,
        c1_0.id,
        c1_0.color,
        c1_0.type,
        c1_0.value 
    from
        hand_card h1_0 
    left join
        card c1_0 
            on c1_0.id=h1_0.card_id 
    where
        h1_0.game_player_id=?
Hibernate: 
    select
        r1_0.game_id,
        r1_0.id,
        r1_0.description,
        r1_0.rule_name 
    from
        game_rule r1_0 
    where
        r1_0.game_id=?
Hibernate: 
    select
        p1_0.game_id,
        p1_0.id,
        p1_0.has_called_uno,
        j1_0.id,
        j1_0.games_played,
        j1_0.password,
        j1_0.pseudo,
        j1_0.wins,
        p1_0.turn_order 
    from
        game_player p1_0 
    left join
        joueur j1_0 
            on j1_0.id=p1_0.joueur_id 
    where
        p1_0.game_id=?
Hibernate: 
    select
        h1_0.game_player_id,
        h1_0.id,
        c1_0.id,
        c1_0.color,
        c1_0.type,
        c1_0.value 
    from
        hand_card h1_0 
    left join
        card c1_0 
            on c1_0.id=h1_0.card_id 
    where
        h1_0.game_player_id=?
Hibernate: 
    select
        j1_0.id,
        j1_0.games_played,
        j1_0.password,
        j1_0.pseudo,
        j1_0.wins 
    from
        joueur j1_0 
    where
        j1_0.id=?
Hibernate: 
    /* insert 
    for
        n7.facade.model.Game
        */insert 
    into
        game (created_at, creator_id, current_color, current_player_index, direction, name, status, top_card_id, id) 
    values
        (?, ?, ?, ?, ?, ?, ?, ?, default)
Hibernate: 
    /* insert 
    for
        n7.facade.model.GamePlayer
        */insert 
    into
        game_player (game_id, has_called_uno, joueur_id, turn_order, id) 
    values
        (?, ?, ?, ?, default)
Hibernate: 
    select
        g1_0.id,
        g1_0.created_at,
        c1_0.id,
        c1_0.games_played,
        c1_0.password,
        c1_0.pseudo,
        c1_0.wins,
        g1_0.current_color,
        g1_0.current_player_index,
        g1_0.direction,
        g1_0.name,
        g1_0.status,
        tc1_0.id,
        tc1_0.color,
        tc1_0.type,
        tc1_0.value,
        p1_0.game_id,
        p1_0.id,
        p1_0.has_called_uno,
        j1_0.id,
        j1_0.games_played,
        j1_0.password,
        j1_0.pseudo,
        j1_0.wins,
        p1_0.turn_order 
    from
        game g1_0 
    left join
        joueur c1_0 
            on c1_0.id=g1_0.creator_id 
    left join
        card tc1_0 
            on tc1_0.id=g1_0.top_card_id 
    left join
        game_player p1_0 
            on g1_0.id=p1_0.game_id 
    left join
        joueur j1_0 
            on j1_0.id=p1_0.joueur_id 
    where
        g1_0.id=?
Hibernate: 
    select
        r1_0.game_id,
        r1_0.id,
        r1_0.description,
        r1_0.rule_name 
    from
        game_rule r1_0 
    where
        r1_0.game_id=?
Hibernate: 
    select
        h1_0.game_player_id,
        h1_0.id,
        c1_0.id,
        c1_0.color,
        c1_0.type,
        c1_0.value 
    from
        hand_card h1_0 
    left join
        card c1_0 
            on c1_0.id=h1_0.card_id 
    where
        h1_0.game_player_id=?
Hibernate: 
    select
        g1_0.id,
        g1_0.created_at,
        c1_0.id,
        c1_0.games_played,
        c1_0.password,
        c1_0.pseudo,
        c1_0.wins,
        g1_0.current_color,
        g1_0.current_player_index,
        g1_0.direction,
        g1_0.name,
        g1_0.status,
        tc1_0.id,
        tc1_0.color,
        tc1_0.type,
        tc1_0.value,
        p1_0.game_id,
        p1_0.id,
        p1_0.has_called_uno,
        j1_0.id,
        j1_0.games_played,
        j1_0.password,
        j1_0.pseudo,
        j1_0.wins,
        p1_0.turn_order 
    from
        game g1_0 
    left join
        joueur c1_0 
            on c1_0.id=g1_0.creator_id 
    left join
        card tc1_0 
            on tc1_0.id=g1_0.top_card_id 
    left join
        game_player p1_0 
            on g1_0.id=p1_0.game_id 
    left join
        joueur j1_0 
            on j1_0.id=p1_0.joueur_id 
    where
        g1_0.id=?
Hibernate: 
    select
        r1_0.game_id,
        r1_0.id,
        r1_0.description,
        r1_0.rule_name 
    from
        game_rule r1_0 
    where
        r1_0.game_id=?
Hibernate: 
    select
        h1_0.game_player_id,
        h1_0.id,
        c1_0.id,
        c1_0.color,
        c1_0.type,
        c1_0.value 
    from
        hand_card h1_0 
    left join
        card c1_0 
            on c1_0.id=h1_0.card_id 
    where
        h1_0.game_player_id=?
Hibernate: 
    /* <criteria> */ select
        g1_0.id,
        g1_0.created_at,
        g1_0.creator_id,
        g1_0.current_color,
        g1_0.current_player_index,
        g1_0.direction,
        g1_0.name,
        g1_0.status,
        g1_0.top_card_id 
    from
        game g1_0
Hibernate: 
    select
        j1_0.id,
        j1_0.games_played,
        j1_0.password,
        j1_0.pseudo,
        j1_0.wins 
    from
        joueur j1_0 
    where
        j1_0.id=?
Hibernate: 
    select
        j1_0.id,
        j1_0.games_played,
        j1_0.password,
        j1_0.pseudo,
        j1_0.wins 
    from
        joueur j1_0 
    where
        j1_0.id=?
Hibernate: 
    select
        c1_0.id,
        c1_0.color,
        c1_0.type,
        c1_0.value 
    from
        card c1_0 
    where
        c1_0.id=?
Hibernate: 
    select
        j1_0.id,
        j1_0.games_played,
        j1_0.password,
        j1_0.pseudo,
        j1_0.wins 
    from
        joueur j1_0 
    where
        j1_0.id=?
Hibernate: 
    select
        r1_0.game_id,
        r1_0.id,
        r1_0.description,
        r1_0.rule_name 
    from
        game_rule r1_0 
    where
        r1_0.game_id=?
Hibernate: 
    select
        p1_0.game_id,
        p1_0.id,
        p1_0.has_called_uno,
        j1_0.id,
        j1_0.games_played,
        j1_0.password,
        j1_0.pseudo,
        j1_0.wins,
        p1_0.turn_order 
    from
        game_player p1_0 
    left join
        joueur j1_0 
            on j1_0.id=p1_0.joueur_id 
    where
        p1_0.game_id=?
Hibernate: 
    select
        h1_0.game_player_id,
        h1_0.id,
        c1_0.id,
        c1_0.color,
        c1_0.type,
        c1_0.value 
    from
        hand_card h1_0 
    left join
        card c1_0 
            on c1_0.id=h1_0.card_id 
    where
        h1_0.game_player_id=?
Hibernate: 
    select
        r1_0.game_id,
        r1_0.id,
        r1_0.description,
        r1_0.rule_name 
    from
        game_rule r1_0 
    where
        r1_0.game_id=?
Hibernate: 
    select
        p1_0.game_id,
        p1_0.id,
        p1_0.has_called_uno,
        j1_0.id,
        j1_0.games_played,
        j1_0.password,
        j1_0.pseudo,
        j1_0.wins,
        p1_0.turn_order 
    from
        game_player p1_0 
    left join
        joueur j1_0 
            on j1_0.id=p1_0.joueur_id 
    where
        p1_0.game_id=?
Hibernate: 
    select
        h1_0.game_player_id,
        h1_0.id,
        c1_0.id,
        c1_0.color,
        c1_0.type,
        c1_0.value 
    from
        hand_card h1_0 
    left join
        card c1_0 
            on c1_0.id=h1_0.card_id 
    where
        h1_0.game_player_id=?
Hibernate: 
    select
        h1_0.game_player_id,
        h1_0.id,
        c1_0.id,
        c1_0.color,
        c1_0.type,
        c1_0.value 
    from
        hand_card h1_0 
    left join
        card c1_0 
            on c1_0.id=h1_0.card_id 
    where
        h1_0.game_player_id=?
Hibernate: 
    select
        h1_0.game_player_id,
        h1_0.id,
        c1_0.id,
        c1_0.color,
        c1_0.type,
        c1_0.value 
    from
        hand_card h1_0 
    left join
        card c1_0 
            on c1_0.id=h1_0.card_id 
    where
        h1_0.game_player_id=?
Hibernate: 
    select
        r1_0.game_id,
        r1_0.id,
        r1_0.description,
        r1_0.rule_name 
    from
        game_rule r1_0 
    where
        r1_0.game_id=?
Hibernate: 
    select
        p1_0.game_id,
        p1_0.id,
        p1_0.has_called_uno,
        j1_0.id,
        j1_0.games_played,
        j1_0.password,
        j1_0.pseudo,
        j1_0.wins,
        p1_0.turn_order 
    from
        game_player p1_0 
    left join
        joueur j1_0 
            on j1_0.id=p1_0.joueur_id 
    where
        p1_0.game_id=?
Hibernate: 
    select
        h1_0.game_player_id,
        h1_0.id,
        c1_0.id,
        c1_0.color,
        c1_0.type,
        c1_0.value 
    from
        hand_card h1_0 
    left join
        card c1_0 
            on c1_0.id=h1_0.card_id 
    where
        h1_0.game_player_id=?
Hibernate: 
    select
        h1_0.game_player_id,
        h1_0.id,
        c1_0.id,
        c1_0.color,
        c1_0.type,
        c1_0.value 
    from
        hand_card h1_0 
    left join
        card c1_0 
            on c1_0.id=h1_0.card_id 
    where
        h1_0.game_player_id=?
Hibernate: 
    select
        r1_0.game_id,
        r1_0.id,
        r1_0.description,
        r1_0.rule_name 
    from
        game_rule r1_0 
    where
        r1_0.game_id=?
Hibernate: 
    select
        p1_0.game_id,
        p1_0.id,
        p1_0.has_called_uno,
        j1_0.id,
        j1_0.games_played,
        j1_0.password,
        j1_0.pseudo,
        j1_0.wins,
        p1_0.turn_order 
    from
        game_player p1_0 
    left join
        joueur j1_0 
            on j1_0.id=p1_0.joueur_id 
    where
        p1_0.game_id=?
Hibernate: 
    select
        h1_0.game_player_id,
        h1_0.id,
        c1_0.id,
        c1_0.color,
        c1_0.type,
        c1_0.value 
    from
        hand_card h1_0 
    left join
        card c1_0 
            on c1_0.id=h1_0.card_id 
    where
        h1_0.game_player_id=?
Hibernate: 
    select
        g1_0.id,
        g1_0.created_at,
        c1_0.id,
        c1_0.games_played,
        c1_0.password,
        c1_0.pseudo,
        c1_0.wins,
        g1_0.current_color,
        g1_0.current_player_index,
        g1_0.direction,
        g1_0.name,
        g1_0.status,
        tc1_0.id,
        tc1_0.color,
        tc1_0.type,
        tc1_0.value,
        p1_0.game_id,
        p1_0.id,
        p1_0.has_called_uno,
        j1_0.id,
        j1_0.games_played,
        j1_0.password,
        j1_0.pseudo,
        j1_0.wins,
        p1_0.turn_order 
    from
        game g1_0 
    left join
        joueur c1_0 
            on c1_0.id=g1_0.creator_id 
    left join
        card tc1_0 
            on tc1_0.id=g1_0.top_card_id 
    left join
        game_player p1_0 
            on g1_0.id=p1_0.game_id 
    left join
        joueur j1_0 
            on j1_0.id=p1_0.joueur_id 
    where
        g1_0.id=?
Hibernate: 
    select
        r1_0.game_id,
        r1_0.id,
        r1_0.description,
        r1_0.rule_name 
    from
        game_rule r1_0 
    where
        r1_0.game_id=?
Hibernate: 
    select
        h1_0.game_player_id,
        h1_0.id,
        c1_0.id,
        c1_0.color,
        c1_0.type,
        c1_0.value 
    from
        hand_card h1_0 
    left join
        card c1_0 
            on c1_0.id=h1_0.card_id 
    where
        h1_0.game_player_id=?
Hibernate: 
    select
        g1_0.id,
        g1_0.created_at,
        c1_0.id,
        c1_0.games_played,
        c1_0.password,
        c1_0.pseudo,
        c1_0.wins,
        g1_0.current_color,
        g1_0.current_player_index,
        g1_0.direction,
        g1_0.name,
        g1_0.status,
        tc1_0.id,
        tc1_0.color,
        tc1_0.type,
        tc1_0.value,
        p1_0.game_id,
        p1_0.id,
        p1_0.has_called_uno,
        j1_0.id,
        j1_0.games_played,
        j1_0.password,
        j1_0.pseudo,
        j1_0.wins,
        p1_0.turn_order 
    from
        game g1_0 
    left join
        joueur c1_0 
            on c1_0.id=g1_0.creator_id 
    left join
        card tc1_0 
            on tc1_0.id=g1_0.top_card_id 
    left join
        game_player p1_0 
            on g1_0.id=p1_0.game_id 
    left join
        joueur j1_0 
            on j1_0.id=p1_0.joueur_id 
    where
        g1_0.id=?
Hibernate: 
    select
        r1_0.game_id,
        r1_0.id,
        r1_0.description,
        r1_0.rule_name 
    from
        game_rule r1_0 
    where
        r1_0.game_id=?
Hibernate: 
    select
        h1_0.game_player_id,
        h1_0.id,
        c1_0.id,
        c1_0.color,
        c1_0.type,
        c1_0.value 
    from
        hand_card h1_0 
    left join
        card c1_0 
            on c1_0.id=h1_0.card_id 
    where
        h1_0.game_player_id=?
Hibernate: 
    select
        j1_0.id,
        j1_0.games_played,
        j1_0.password,
        j1_0.pseudo,
        j1_0.wins 
    from
        joueur j1_0 
    where
        j1_0.id=?
Hibernate: 
    /* insert 
    for
        n7.facade.model.GamePlayer
        */insert 
    into
        game_player (game_id, has_called_uno, joueur_id, turn_order, id) 
    values
        (?, ?, ?, ?, default)
Hibernate: 
    select
        g1_0.id,
        g1_0.created_at,
        c1_0.id,
        c1_0.games_played,
        c1_0.password,
        c1_0.pseudo,
        c1_0.wins,
        g1_0.current_color,
        g1_0.current_player_index,
        g1_0.direction,
        g1_0.name,
        g1_0.status,
        tc1_0.id,
        tc1_0.color,
        tc1_0.type,
        tc1_0.value,
        p1_0.game_id,
        p1_0.id,
        p1_0.has_called_uno,
        j1_0.id,
        j1_0.games_played,
        j1_0.password,
        j1_0.pseudo,
        j1_0.wins,
        p1_0.turn_order 
    from
        game g1_0 
    left join
        joueur c1_0 
            on c1_0.id=g1_0.creator_id 
    left join
        card tc1_0 
            on tc1_0.id=g1_0.top_card_id 
    left join
        game_player p1_0 
            on g1_0.id=p1_0.game_id 
    left join
        joueur j1_0 
            on j1_0.id=p1_0.joueur_id 
    where
        g1_0.id=?
Hibernate: 
    select
        h1_0.game_player_id,
        h1_0.id,
        c1_0.id,
        c1_0.color,
        c1_0.type,
        c1_0.value 
    from
        hand_card h1_0 
    left join
        card c1_0 
            on c1_0.id=h1_0.card_id 
    where
        h1_0.game_player_id=?
Hibernate: 
    select
        r1_0.game_id,
        r1_0.id,
        r1_0.description,
        r1_0.rule_name 
    from
        game_rule r1_0 
    where
        r1_0.game_id=?
Hibernate: 
    select
        h1_0.game_player_id,
        h1_0.id,
        c1_0.id,
        c1_0.color,
        c1_0.type,
        c1_0.value 
    from
        hand_card h1_0 
    left join
        card c1_0 
            on c1_0.id=h1_0.card_id 
    where
        h1_0.game_player_id=?
Hibernate: 
    select
        g1_0.id,
        g1_0.created_at,
        c1_0.id,
        c1_0.games_played,
        c1_0.password,
        c1_0.pseudo,
        c1_0.wins,
        g1_0.current_color,
        g1_0.current_player_index,
        g1_0.direction,
        g1_0.name,
        g1_0.status,
        tc1_0.id,
        tc1_0.color,
        tc1_0.type,
        tc1_0.value,
        p1_0.game_id,
        p1_0.id,
        p1_0.has_called_uno,
        j1_0.id,
        j1_0.games_played,
        j1_0.password,
        j1_0.pseudo,
        j1_0.wins,
        p1_0.turn_order 
    from
        game g1_0 
    left join
        joueur c1_0 
            on c1_0.id=g1_0.creator_id 
    left join
        card tc1_0 
            on tc1_0.id=g1_0.top_card_id 
    left join
        game_player p1_0 
            on g1_0.id=p1_0.game_id 
    left join
        joueur j1_0 
            on j1_0.id=p1_0.joueur_id 
    where
        g1_0.id=?
Hibernate: 
    select
        h1_0.game_player_id,
        h1_0.id,
        c1_0.id,
        c1_0.color,
        c1_0.type,
        c1_0.value 
    from
        hand_card h1_0 
    left join
        card c1_0 
            on c1_0.id=h1_0.card_id 
    where
        h1_0.game_player_id=?
Hibernate: 
    select
        r1_0.game_id,
        r1_0.id,
        r1_0.description,
        r1_0.rule_name 
    from
        game_rule r1_0 
    where
        r1_0.game_id=?
Hibernate: 
    select
        h1_0.game_player_id,
        h1_0.id,
        c1_0.id,
        c1_0.color,
        c1_0.type,
        c1_0.value 
    from
        hand_card h1_0 
    left join
        card c1_0 
            on c1_0.id=h1_0.card_id 
    where
        h1_0.game_player_id=?
Hibernate: 
    select
        g1_0.id,
        g1_0.created_at,
        c1_0.id,
        c1_0.games_played,
        c1_0.password,
        c1_0.pseudo,
        c1_0.wins,
        g1_0.current_color,
        g1_0.current_player_index,
        g1_0.direction,
        g1_0.name,
        g1_0.status,
        tc1_0.id,
        tc1_0.color,
        tc1_0.type,
        tc1_0.value,
        p1_0.game_id,
        p1_0.id,
        p1_0.has_called_uno,
        j1_0.id,
        j1_0.games_played,
        j1_0.password,
        j1_0.pseudo,
        j1_0.wins,
        p1_0.turn_order 
    from
        game g1_0 
    left join
        joueur c1_0 
            on c1_0.id=g1_0.creator_id 
    left join
        card tc1_0 
            on tc1_0.id=g1_0.top_card_id 
    left join
        game_player p1_0 
            on g1_0.id=p1_0.game_id 
    left join
        joueur j1_0 
            on j1_0.id=p1_0.joueur_id 
    where
        g1_0.id=?
Hibernate: 
    select
        h1_0.game_player_id,
        h1_0.id,
        c1_0.id,
        c1_0.color,
        c1_0.type,
        c1_0.value 
    from
        hand_card h1_0 
    left join
        card c1_0 
            on c1_0.id=h1_0.card_id 
    where
        h1_0.game_player_id=?
Hibernate: 
    select
        r1_0.game_id,
        r1_0.id,
        r1_0.description,
        r1_0.rule_name 
    from
        game_rule r1_0 
    where
        r1_0.game_id=?
Hibernate: 
    select
        h1_0.game_player_id,
        h1_0.id,
        c1_0.id,
        c1_0.color,
        c1_0.type,
        c1_0.value 
    from
        hand_card h1_0 
    left join
        card c1_0 
            on c1_0.id=h1_0.card_id 
    where
        h1_0.game_player_id=?
Hibernate: 
    /* <criteria> */ select
        g1_0.id,
        g1_0.created_at,
        g1_0.creator_id,
        g1_0.current_color,
        g1_0.current_player_index,
        g1_0.direction,
        g1_0.name,
        g1_0.status,
        g1_0.top_card_id 
    from
        game g1_0
Hibernate: 
    select
        j1_0.id,
        j1_0.games_played,
        j1_0.password,
        j1_0.pseudo,
        j1_0.wins 
    from
        joueur j1_0 
    where
        j1_0.id=?
Hibernate: 
    select
        j1_0.id,
        j1_0.games_played,
        j1_0.password,
        j1_0.pseudo,
        j1_0.wins 
    from
        joueur j1_0 
    where
        j1_0.id=?
Hibernate: 
    select
        c1_0.id,
        c1_0.color,
        c1_0.type,
        c1_0.value 
    from
        card c1_0 
    where
        c1_0.id=?
Hibernate: 
    select
        j1_0.id,
        j1_0.games_played,
        j1_0.password,
        j1_0.pseudo,
        j1_0.wins 
    from
        joueur j1_0 
    where
        j1_0.id=?
Hibernate: 
    select
        r1_0.game_id,
        r1_0.id,
        r1_0.description,
        r1_0.rule_name 
    from
        game_rule r1_0 
    where
        r1_0.game_id=?
Hibernate: 
    select
        p1_0.game_id,
        p1_0.id,
        p1_0.has_called_uno,
        j1_0.id,
        j1_0.games_played,
        j1_0.password,
        j1_0.pseudo,
        j1_0.wins,
        p1_0.turn_order 
    from
        game_player p1_0 
    left join
        joueur j1_0 
            on j1_0.id=p1_0.joueur_id 
    where
        p1_0.game_id=?
Hibernate: 
    select
        h1_0.game_player_id,
        h1_0.id,
        c1_0.id,
        c1_0.color,
        c1_0.type,
        c1_0.value 
    from
        hand_card h1_0 
    left join
        card c1_0 
            on c1_0.id=h1_0.card_id 
    where
        h1_0.game_player_id=?
Hibernate: 
    select
        h1_0.game_player_id,
        h1_0.id,
        c1_0.id,
        c1_0.color,
        c1_0.type,
        c1_0.value 
    from
        hand_card h1_0 
    left join
        card c1_0 
            on c1_0.id=h1_0.card_id 
    where
        h1_0.game_player_id=?
Hibernate: 
    select
        r1_0.game_id,
        r1_0.id,
        r1_0.description,
        r1_0.rule_name 
    from
        game_rule r1_0 
    where
        r1_0.game_id=?
Hibernate: 
    select
        p1_0.game_id,
        p1_0.id,
        p1_0.has_called_uno,
        j1_0.id,
        j1_0.games_played,
        j1_0.password,
        j1_0.pseudo,
        j1_0.wins,
        p1_0.turn_order 
    from
        game_player p1_0 
    left join
        joueur j1_0 
            on j1_0.id=p1_0.joueur_id 
    where
        p1_0.game_id=?
Hibernate: 
    select
        h1_0.game_player_id,
        h1_0.id,
        c1_0.id,
        c1_0.color,
        c1_0.type,
        c1_0.value 
    from
        hand_card h1_0 
    left join
        card c1_0 
            on c1_0.id=h1_0.card_id 
    where
        h1_0.game_player_id=?
Hibernate: 
    select
        h1_0.game_player_id,
        h1_0.id,
        c1_0.id,
        c1_0.color,
        c1_0.type,
        c1_0.value 
    from
        hand_card h1_0 
    left join
        card c1_0 
            on c1_0.id=h1_0.card_id 
    where
        h1_0.game_player_id=?
Hibernate: 
    select
        h1_0.game_player_id,
        h1_0.id,
        c1_0.id,
        c1_0.color,
        c1_0.type,
        c1_0.value 
    from
        hand_card h1_0 
    left join
        card c1_0 
            on c1_0.id=h1_0.card_id 
    where
        h1_0.game_player_id=?
Hibernate: 
    select
        r1_0.game_id,
        r1_0.id,
        r1_0.description,
        r1_0.rule_name 
    from
        game_rule r1_0 
    where
        r1_0.game_id=?
Hibernate: 
    select
        p1_0.game_id,
        p1_0.id,
        p1_0.has_called_uno,
        j1_0.id,
        j1_0.games_played,
        j1_0.password,
        j1_0.pseudo,
        j1_0.wins,
        p1_0.turn_order 
    from
        game_player p1_0 
    left join
        joueur j1_0 
            on j1_0.id=p1_0.joueur_id 
    where
        p1_0.game_id=?
Hibernate: 
    select
        h1_0.game_player_id,
        h1_0.id,
        c1_0.id,
        c1_0.color,
        c1_0.type,
        c1_0.value 
    from
        hand_card h1_0 
    left join
        card c1_0 
            on c1_0.id=h1_0.card_id 
    where
        h1_0.game_player_id=?
Hibernate: 
    select
        h1_0.game_player_id,
        h1_0.id,
        c1_0.id,
        c1_0.color,
        c1_0.type,
        c1_0.value 
    from
        hand_card h1_0 
    left join
        card c1_0 
            on c1_0.id=h1_0.card_id 
    where
        h1_0.game_player_id=?
Hibernate: 
    select
        r1_0.game_id,
        r1_0.id,
        r1_0.description,
        r1_0.rule_name 
    from
        game_rule r1_0 
    where
        r1_0.game_id=?
Hibernate: 
    select
        p1_0.game_id,
        p1_0.id,
        p1_0.has_called_uno,
        j1_0.id,
        j1_0.games_played,
        j1_0.password,
        j1_0.pseudo,
        j1_0.wins,
        p1_0.turn_order 
    from
        game_player p1_0 
    left join
        joueur j1_0 
            on j1_0.id=p1_0.joueur_id 
    where
        p1_0.game_id=?
Hibernate: 
    select
        h1_0.game_player_id,
        h1_0.id,
        c1_0.id,
        c1_0.color,
        c1_0.type,
        c1_0.value 
    from
        hand_card h1_0 
    left join
        card c1_0 
            on c1_0.id=h1_0.card_id 
    where
        h1_0.game_player_id=?
Hibernate: 
    select
        g1_0.id,
        g1_0.created_at,
        c1_0.id,
        c1_0.games_played,
        c1_0.password,
        c1_0.pseudo,
        c1_0.wins,
        g1_0.current_color,
        g1_0.current_player_index,
        g1_0.direction,
        g1_0.name,
        g1_0.status,
        tc1_0.id,
        tc1_0.color,
        tc1_0.type,
        tc1_0.value,
        p1_0.game_id,
        p1_0.id,
        p1_0.has_called_uno,
        j1_0.id,
        j1_0.games_played,
        j1_0.password,
        j1_0.pseudo,
        j1_0.wins,
        p1_0.turn_order 
    from
        game g1_0 
    left join
        joueur c1_0 
            on c1_0.id=g1_0.creator_id 
    left join
        card tc1_0 
            on tc1_0.id=g1_0.top_card_id 
    left join
        game_player p1_0 
            on g1_0.id=p1_0.game_id 
    left join
        joueur j1_0 
            on j1_0.id=p1_0.joueur_id 
    where
        g1_0.id=?
Hibernate: 
    select
        h1_0.game_player_id,
        h1_0.id,
        c1_0.id,
        c1_0.color,
        c1_0.type,
        c1_0.value 
    from
        hand_card h1_0 
    left join
        card c1_0 
            on c1_0.id=h1_0.card_id 
    where
        h1_0.game_player_id=?
Hibernate: 
    select
        r1_0.game_id,
        r1_0.id,
        r1_0.description,
        r1_0.rule_name 
    from
        game_rule r1_0 
    where
        r1_0.game_id=?
Hibernate: 
    select
        h1_0.game_player_id,
        h1_0.id,
        c1_0.id,
        c1_0.color,
        c1_0.type,
        c1_0.value 
    from
        hand_card h1_0 
    left join
        card c1_0 
            on c1_0.id=h1_0.card_id 
    where
        h1_0.game_player_id=?
Hibernate: 
    select
        g1_0.id,
        g1_0.created_at,
        c1_0.id,
        c1_0.games_played,
        c1_0.password,
        c1_0.pseudo,
        c1_0.wins,
        g1_0.current_color,
        g1_0.current_player_index,
        g1_0.direction,
        g1_0.name,
        g1_0.status,
        tc1_0.id,
        tc1_0.color,
        tc1_0.type,
        tc1_0.value,
        p1_0.game_id,
        p1_0.id,
        p1_0.has_called_uno,
        j1_0.id,
        j1_0.games_played,
        j1_0.password,
        j1_0.pseudo,
        j1_0.wins,
        p1_0.turn_order 
    from
        game g1_0 
    left join
        joueur c1_0 
            on c1_0.id=g1_0.creator_id 
    left join
        card tc1_0 
            on tc1_0.id=g1_0.top_card_id 
    left join
        game_player p1_0 
            on g1_0.id=p1_0.game_id 
    left join
        joueur j1_0 
            on j1_0.id=p1_0.joueur_id 
    where
        g1_0.id=?
Hibernate: 
    select
        h1_0.game_player_id,
        h1_0.id,
        c1_0.id,
        c1_0.color,
        c1_0.type,
        c1_0.value 
    from
        hand_card h1_0 
    left join
        card c1_0 
            on c1_0.id=h1_0.card_id 
    where
        h1_0.game_player_id=?
Hibernate: 
    select
        r1_0.game_id,
        r1_0.id,
        r1_0.description,
        r1_0.rule_name 
    from
        game_rule r1_0 
    where
        r1_0.game_id=?
Hibernate: 
    select
        h1_0.game_player_id,
        h1_0.id,
        c1_0.id,
        c1_0.color,
        c1_0.type,
        c1_0.value 
    from
        hand_card h1_0 
    left join
        card c1_0 
            on c1_0.id=h1_0.card_id 
    where
        h1_0.game_player_id=?
Hibernate: 
    select
        j1_0.id,
        j1_0.games_played,
        j1_0.password,
        j1_0.pseudo,
        j1_0.wins 
    from
        joueur j1_0 
    where
        j1_0.id=?
Hibernate: 
    /* insert 
    for
        n7.facade.model.GamePlayer
        */insert 
    into
        game_player (game_id, has_called_uno, joueur_id, turn_order, id) 
    values
        (?, ?, ?, ?, default)
Hibernate: 
    select
        g1_0.id,
        g1_0.created_at,
        c1_0.id,
        c1_0.games_played,
        c1_0.password,
        c1_0.pseudo,
        c1_0.wins,
        g1_0.current_color,
        g1_0.current_player_index,
        g1_0.direction,
        g1_0.name,
        g1_0.status,
        tc1_0.id,
        tc1_0.color,
        tc1_0.type,
        tc1_0.value,
        p1_0.game_id,
        p1_0.id,
        p1_0.has_called_uno,
        j1_0.id,
        j1_0.games_played,
        j1_0.password,
        j1_0.pseudo,
        j1_0.wins,
        p1_0.turn_order 
    from
        game g1_0 
    left join
        joueur c1_0 
            on c1_0.id=g1_0.creator_id 
    left join
        card tc1_0 
            on tc1_0.id=g1_0.top_card_id 
    left join
        game_player p1_0 
            on g1_0.id=p1_0.game_id 
    left join
        joueur j1_0 
            on j1_0.id=p1_0.joueur_id 
    where
        g1_0.id=?
Hibernate: 
    select
        h1_0.game_player_id,
        h1_0.id,
        c1_0.id,
        c1_0.color,
        c1_0.type,
        c1_0.value 
    from
        hand_card h1_0 
    left join
        card c1_0 
            on c1_0.id=h1_0.card_id 
    where
        h1_0.game_player_id=?
Hibernate: 
    select
        h1_0.game_player_id,
        h1_0.id,
        c1_0.id,
        c1_0.color,
        c1_0.type,
        c1_0.value 
    from
        hand_card h1_0 
    left join
        card c1_0 
            on c1_0.id=h1_0.card_id 
    where
        h1_0.game_player_id=?
Hibernate: 
    select
        r1_0.game_id,
        r1_0.id,
        r1_0.description,
        r1_0.rule_name 
    from
        game_rule r1_0 
    where
        r1_0.game_id=?
Hibernate: 
    select
        h1_0.game_player_id,
        h1_0.id,
        c1_0.id,
        c1_0.color,
        c1_0.type,
        c1_0.value 
    from
        hand_card h1_0 
    left join
        card c1_0 
            on c1_0.id=h1_0.card_id 
    where
        h1_0.game_player_id=?
Hibernate: 
    select
        g1_0.id,
        g1_0.created_at,
        c1_0.id,
        c1_0.games_played,
        c1_0.password,
        c1_0.pseudo,
        c1_0.wins,
        g1_0.current_color,
        g1_0.current_player_index,
        g1_0.direction,
        g1_0.name,
        g1_0.status,
        tc1_0.id,
        tc1_0.color,
        tc1_0.type,
        tc1_0.value,
        p1_0.game_id,
        p1_0.id,
        p1_0.has_called_uno,
        j1_0.id,
        j1_0.games_played,
        j1_0.password,
        j1_0.pseudo,
        j1_0.wins,
        p1_0.turn_order 
    from
        game g1_0 
    left join
        joueur c1_0 
            on c1_0.id=g1_0.creator_id 
    left join
        card tc1_0 
            on tc1_0.id=g1_0.top_card_id 
    left join
        game_player p1_0 
            on g1_0.id=p1_0.game_id 
    left join
        joueur j1_0 
            on j1_0.id=p1_0.joueur_id 
    where
        g1_0.id=?
Hibernate: 
    select
        h1_0.game_player_id,
        h1_0.id,
        c1_0.id,
        c1_0.color,
        c1_0.type,
        c1_0.value 
    from
        hand_card h1_0 
    left join
        card c1_0 
            on c1_0.id=h1_0.card_id 
    where
        h1_0.game_player_id=?
Hibernate: 
    select
        h1_0.game_player_id,
        h1_0.id,
        c1_0.id,
        c1_0.color,
        c1_0.type,
        c1_0.value 
    from
        hand_card h1_0 
    left join
        card c1_0 
            on c1_0.id=h1_0.card_id 
    where
        h1_0.game_player_id=?
Hibernate: 
    select
        r1_0.game_id,
        r1_0.id,
        r1_0.description,
        r1_0.rule_name 
    from
        game_rule r1_0 
    where
        r1_0.game_id=?
Hibernate: 
    select
        h1_0.game_player_id,
        h1_0.id,
        c1_0.id,
        c1_0.color,
        c1_0.type,
        c1_0.value 
    from
        hand_card h1_0 
    left join
        card c1_0 
            on c1_0.id=h1_0.card_id 
    where
        h1_0.game_player_id=?
Hibernate: 
    select
        g1_0.id,
        g1_0.created_at,
        c1_0.id,
        c1_0.games_played,
        c1_0.password,
        c1_0.pseudo,
        c1_0.wins,
        g1_0.current_color,
        g1_0.current_player_index,
        g1_0.direction,
        g1_0.name,
        g1_0.status,
        tc1_0.id,
        tc1_0.color,
        tc1_0.type,
        tc1_0.value,
        p1_0.game_id,
        p1_0.id,
        p1_0.has_called_uno,
        j1_0.id,
        j1_0.games_played,
        j1_0.password,
        j1_0.pseudo,
        j1_0.wins,
        p1_0.turn_order 
    from
        game g1_0 
    left join
        joueur c1_0 
            on c1_0.id=g1_0.creator_id 
    left join
        card tc1_0 
            on tc1_0.id=g1_0.top_card_id 
    left join
        game_player p1_0 
            on g1_0.id=p1_0.game_id 
    left join
        joueur j1_0 
            on j1_0.id=p1_0.joueur_id 
    where
        g1_0.id=?
Hibernate: 
    select
        h1_0.game_player_id,
        h1_0.id,
        c1_0.id,
        c1_0.color,
        c1_0.type,
        c1_0.value 
    from
        hand_card h1_0 
    left join
        card c1_0 
            on c1_0.id=h1_0.card_id 
    where
        h1_0.game_player_id=?
Hibernate: 
    select
        h1_0.game_player_id,
        h1_0.id,
        c1_0.id,
        c1_0.color,
        c1_0.type,
        c1_0.value 
    from
        hand_card h1_0 
    left join
        card c1_0 
            on c1_0.id=h1_0.card_id 
    where
        h1_0.game_player_id=?
Hibernate: 
    select
        r1_0.game_id,
        r1_0.id,
        r1_0.description,
        r1_0.rule_name 
    from
        game_rule r1_0 
    where
        r1_0.game_id=?
Hibernate: 
    select
        h1_0.game_player_id,
        h1_0.id,
        c1_0.id,
        c1_0.color,
        c1_0.type,
        c1_0.value 
    from
        hand_card h1_0 
    left join
        card c1_0 
            on c1_0.id=h1_0.card_id 
    where
        h1_0.game_player_id=?
Hibernate: 
    select
        g1_0.id,
        g1_0.created_at,
        c1_0.id,
        c1_0.games_played,
        c1_0.password,
        c1_0.pseudo,
        c1_0.wins,
        g1_0.current_color,
        g1_0.current_player_index,
        g1_0.direction,
        g1_0.name,
        g1_0.status,
        tc1_0.id,
        tc1_0.color,
        tc1_0.type,
        tc1_0.value,
        p1_0.game_id,
        p1_0.id,
        p1_0.has_called_uno,
        j1_0.id,
        j1_0.games_played,
        j1_0.password,
        j1_0.pseudo,
        j1_0.wins,
        p1_0.turn_order 
    from
        game g1_0 
    left join
        joueur c1_0 
            on c1_0.id=g1_0.creator_id 
    left join
        card tc1_0 
            on tc1_0.id=g1_0.top_card_id 
    left join
        game_player p1_0 
            on g1_0.id=p1_0.game_id 
    left join
        joueur j1_0 
            on j1_0.id=p1_0.joueur_id 
    where
        g1_0.id=?
Hibernate: 
    select
        h1_0.game_player_id,
        h1_0.id,
        c1_0.id,
        c1_0.color,
        c1_0.type,
        c1_0.value 
    from
        hand_card h1_0 
    left join
        card c1_0 
            on c1_0.id=h1_0.card_id 
    where
        h1_0.game_player_id=?
Hibernate: 
    select
        h1_0.game_player_id,
        h1_0.id,
        c1_0.id,
        c1_0.color,
        c1_0.type,
        c1_0.value 
    from
        hand_card h1_0 
    left join
        card c1_0 
            on c1_0.id=h1_0.card_id 
    where
        h1_0.game_player_id=?
Hibernate: 
    select
        r1_0.game_id,
        r1_0.id,
        r1_0.description,
        r1_0.rule_name 
    from
        game_rule r1_0 
    where
        r1_0.game_id=?
Hibernate: 
    select
        h1_0.game_player_id,
        h1_0.id,
        c1_0.id,
        c1_0.color,
        c1_0.type,
        c1_0.value 
    from
        hand_card h1_0 
    left join
        card c1_0 
            on c1_0.id=h1_0.card_id 
    where
        h1_0.game_player_id=?
Hibernate: 
    /* <criteria> */ select
        c1_0.id,
        c1_0.color,
        c1_0.type,
        c1_0.value 
    from
        card c1_0
Hibernate: 
    /* insert 
    for
        n7.facade.model.HandCard
        */insert 
    into
        hand_card (card_id, game_player_id, id) 
    values
        (?, ?, default)
Hibernate: 
    /* insert 
    for
        n7.facade.model.HandCard
        */insert 
    into
        hand_card (card_id, game_player_id, id) 
    values
        (?, ?, default)
Hibernate: 
    /* insert 
    for
        n7.facade.model.HandCard
        */insert 
    into
        hand_card (card_id, game_player_id, id) 
    values
        (?, ?, default)
Hibernate: 
    /* insert 
    for
        n7.facade.model.HandCard
        */insert 
    into
        hand_card (card_id, game_player_id, id) 
    values
        (?, ?, default)
Hibernate: 
    /* insert 
    for
        n7.facade.model.HandCard
        */insert 
    into
        hand_card (card_id, game_player_id, id) 
    values
        (?, ?, default)
Hibernate: 
    /* insert 
    for
        n7.facade.model.HandCard
        */insert 
    into
        hand_card (card_id, game_player_id, id) 
    values
        (?, ?, default)
Hibernate: 
    /* insert 
    for
        n7.facade.model.HandCard
        */insert 
    into
        hand_card (card_id, game_player_id, id) 
    values
        (?, ?, default)
Hibernate: 
    /* insert 
    for
        n7.facade.model.HandCard
        */insert 
    into
        hand_card (card_id, game_player_id, id) 
    values
        (?, ?, default)
Hibernate: 
    /* insert 
    for
        n7.facade.model.HandCard
        */insert 
    into
        hand_card (card_id, game_player_id, id) 
    values
        (?, ?, default)
Hibernate: 
    /* insert 
    for
        n7.facade.model.HandCard
        */insert 
    into
        hand_card (card_id, game_player_id, id) 
    values
        (?, ?, default)
Hibernate: 
    /* insert 
    for
        n7.facade.model.HandCard
        */insert 
    into
        hand_card (card_id, game_player_id, id) 
    values
        (?, ?, default)
Hibernate: 
    /* insert 
    for
        n7.facade.model.HandCard
        */insert 
    into
        hand_card (card_id, game_player_id, id) 
    values
        (?, ?, default)
Hibernate: 
    /* insert 
    for
        n7.facade.model.HandCard
        */insert 
    into
        hand_card (card_id, game_player_id, id) 
    values
        (?, ?, default)
Hibernate: 
    /* insert 
    for
        n7.facade.model.HandCard
        */insert 
    into
        hand_card (card_id, game_player_id, id) 
    values
        (?, ?, default)
Hibernate: 
    /* insert 
    for
        n7.facade.model.HandCard
        */insert 
    into
        hand_card (card_id, game_player_id, id) 
    values
        (?, ?, default)
Hibernate: 
    /* insert 
    for
        n7.facade.model.HandCard
        */insert 
    into
        hand_card (card_id, game_player_id, id) 
    values
        (?, ?, default)
Hibernate: 
    /* insert 
    for
        n7.facade.model.HandCard
        */insert 
    into
        hand_card (card_id, game_player_id, id) 
    values
        (?, ?, default)
Hibernate: 
    /* insert 
    for
        n7.facade.model.HandCard
        */insert 
    into
        hand_card (card_id, game_player_id, id) 
    values
        (?, ?, default)
Hibernate: 
    /* insert 
    for
        n7.facade.model.HandCard
        */insert 
    into
        hand_card (card_id, game_player_id, id) 
    values
        (?, ?, default)
Hibernate: 
    /* insert 
    for
        n7.facade.model.HandCard
        */insert 
    into
        hand_card (card_id, game_player_id, id) 
    values
        (?, ?, default)
Hibernate: 
    /* insert 
    for
        n7.facade.model.HandCard
        */insert 
    into
        hand_card (card_id, game_player_id, id) 
    values
        (?, ?, default)
Hibernate: 
    select
        g1_0.id,
        g1_0.created_at,
        c1_0.id,
        c1_0.games_played,
        c1_0.password,
        c1_0.pseudo,
        c1_0.wins,
        g1_0.current_color,
        g1_0.current_player_index,
        g1_0.direction,
        g1_0.name,
        g1_0.status,
        tc1_0.id,
        tc1_0.color,
        tc1_0.type,
        tc1_0.value,
        p1_0.game_id,
        p1_0.id,
        p1_0.has_called_uno,
        j1_0.id,
        j1_0.games_played,
        j1_0.password,
        j1_0.pseudo,
        j1_0.wins,
        p1_0.turn_order 
    from
        game g1_0 
    left join
        joueur c1_0 
            on c1_0.id=g1_0.creator_id 
    left join
        card tc1_0 
            on tc1_0.id=g1_0.top_card_id 
    left join
        game_player p1_0 
            on g1_0.id=p1_0.game_id 
    left join
        joueur j1_0 
            on j1_0.id=p1_0.joueur_id 
    where
        g1_0.id=?
Hibernate: 
    select
        h1_0.game_player_id,
        h1_0.id,
        c1_0.id,
        c1_0.color,
        c1_0.type,
        c1_0.value 
    from
        hand_card h1_0 
    left join
        card c1_0 
            on c1_0.id=h1_0.card_id 
    where
        h1_0.game_player_id=?
Hibernate: 
    /* update
        
    for
        n7.facade.model.Game */update game 
    set
        created_at=?,
        creator_id=?,
        current_color=?,
        current_player_index=?,
        direction=?,
        name=?,
        status=?,
        top_card_id=? 
    where
        id=?
Hibernate: 
    /* one-shot delete 
    for
        n7.facade.model.Game.discardPile */delete 
    from
        game_discard_pile 
    where
        game_id=?
Hibernate: 
    /* one-shot delete 
    for
        n7.facade.model.Game.drawPile */delete 
    from
        game_draw_pile 
    where
        game_id=?
Hibernate: 
    /* insert 
    for
        n7.facade.model.Game.discardPile
        */insert 
    into
        game_discard_pile (game_id, pile_order, card_id) 
    values
        (?, ?, ?)
Hibernate: 
    /* insert 
    for
        n7.facade.model.Game.drawPile
        */insert 
    into
        game_draw_pile (game_id, pile_order, card_id) 
    values
        (?, ?, ?)
Hibernate: 
    /* insert 
    for
        n7.facade.model.Game.drawPile
        */insert 
    into
        game_draw_pile (game_id, pile_order, card_id) 
    values
        (?, ?, ?)
Hibernate: 
    /* insert 
    for
        n7.facade.model.Game.drawPile
        */insert 
    into
        game_draw_pile (game_id, pile_order, card_id) 
    values
        (?, ?, ?)
Hibernate: 
    /* insert 
    for
        n7.facade.model.Game.drawPile
        */insert 
    into
        game_draw_pile (game_id, pile_order, card_id) 
    values
        (?, ?, ?)
Hibernate: 
    /* insert 
    for
        n7.facade.model.Game.drawPile
        */insert 
    into
        game_draw_pile (game_id, pile_order, card_id) 
    values
        (?, ?, ?)
Hibernate: 
    /* insert 
    for
        n7.facade.model.Game.drawPile
        */insert 
    into
        game_draw_pile (game_id, pile_order, card_id) 
    values
        (?, ?, ?)
Hibernate: 
    /* insert 
    for
        n7.facade.model.Game.drawPile
        */insert 
    into
        game_draw_pile (game_id, pile_order, card_id) 
    values
        (?, ?, ?)
Hibernate: 
    /* insert 
    for
        n7.facade.model.Game.drawPile
        */insert 
    into
        game_draw_pile (game_id, pile_order, card_id) 
    values
        (?, ?, ?)
Hibernate: 
    /* insert 
    for
        n7.facade.model.Game.drawPile
        */insert 
    into
        game_draw_pile (game_id, pile_order, card_id) 
    values
        (?, ?, ?)
Hibernate: 
    /* insert 
    for
        n7.facade.model.Game.drawPile
        */insert 
    into
        game_draw_pile (game_id, pile_order, card_id) 
    values
        (?, ?, ?)
Hibernate: 
    /* insert 
    for
        n7.facade.model.Game.drawPile
        */insert 
    into
        game_draw_pile (game_id, pile_order, card_id) 
    values
        (?, ?, ?)
Hibernate: 
    /* insert 
    for
        n7.facade.model.Game.drawPile
        */insert 
    into
        game_draw_pile (game_id, pile_order, card_id) 
    values
        (?, ?, ?)
Hibernate: 
    /* insert 
    for
        n7.facade.model.Game.drawPile
        */insert 
    into
        game_draw_pile (game_id, pile_order, card_id) 
    values
        (?, ?, ?)
Hibernate: 
    /* insert 
    for
        n7.facade.model.Game.drawPile
        */insert 
    into
        game_draw_pile (game_id, pile_order, card_id) 
    values
        (?, ?, ?)
Hibernate: 
    /* insert 
    for
        n7.facade.model.Game.drawPile
        */insert 
    into
        game_draw_pile (game_id, pile_order, card_id) 
    values
        (?, ?, ?)
Hibernate: 
    /* insert 
    for
        n7.facade.model.Game.drawPile
        */insert 
    into
        game_draw_pile (game_id, pile_order, card_id) 
    values
        (?, ?, ?)
Hibernate: 
    /* insert 
    for
        n7.facade.model.Game.drawPile
        */insert 
    into
        game_draw_pile (game_id, pile_order, card_id) 
    values
        (?, ?, ?)
Hibernate: 
    /* insert 
    for
        n7.facade.model.Game.drawPile
        */insert 
    into
        game_draw_pile (game_id, pile_order, card_id) 
    values
        (?, ?, ?)
Hibernate: 
    /* insert 
    for
        n7.facade.model.Game.drawPile
        */insert 
    into
        game_draw_pile (game_id, pile_order, card_id) 
    values
        (?, ?, ?)
Hibernate: 
    /* insert 
    for
        n7.facade.model.Game.drawPile
        */insert 
    into
        game_draw_pile (game_id, pile_order, card_id) 
    values
        (?, ?, ?)
Hibernate: 
    /* insert 
    for
        n7.facade.model.Game.drawPile
        */insert 
    into
        game_draw_pile (game_id, pile_order, card_id) 
    values
        (?, ?, ?)
Hibernate: 
    /* insert 
    for
        n7.facade.model.Game.drawPile
        */insert 
    into
        game_draw_pile (game_id, pile_order, card_id) 
    values
        (?, ?, ?)
Hibernate: 
    /* insert 
    for
        n7.facade.model.Game.drawPile
        */insert 
    into
        game_draw_pile (game_id, pile_order, card_id) 
    values
        (?, ?, ?)
Hibernate: 
    /* insert 
    for
        n7.facade.model.Game.drawPile
        */insert 
    into
        game_draw_pile (game_id, pile_order, card_id) 
    values
        (?, ?, ?)
Hibernate: 
    /* insert 
    for
        n7.facade.model.Game.drawPile
        */insert 
    into
        game_draw_pile (game_id, pile_order, card_id) 
    values
        (?, ?, ?)
Hibernate: 
    /* insert 
    for
        n7.facade.model.Game.drawPile
        */insert 
    into
        game_draw_pile (game_id, pile_order, card_id) 
    values
        (?, ?, ?)
Hibernate: 
    /* insert 
    for
        n7.facade.model.Game.drawPile
        */insert 
    into
        game_draw_pile (game_id, pile_order, card_id) 
    values
        (?, ?, ?)
Hibernate: 
    /* insert 
    for
        n7.facade.model.Game.drawPile
        */insert 
    into
        game_draw_pile (game_id, pile_order, card_id) 
    values
        (?, ?, ?)
Hibernate: 
    /* insert 
    for
        n7.facade.model.Game.drawPile
        */insert 
    into
        game_draw_pile (game_id, pile_order, card_id) 
    values
        (?, ?, ?)
Hibernate: 
    /* insert 
    for
        n7.facade.model.Game.drawPile
        */insert 
    into
        game_draw_pile (game_id, pile_order, card_id) 
    values
        (?, ?, ?)
Hibernate: 
    /* insert 
    for
        n7.facade.model.Game.drawPile
        */insert 
    into
        game_draw_pile (game_id, pile_order, card_id) 
    values
        (?, ?, ?)
Hibernate: 
    /* insert 
    for
        n7.facade.model.Game.drawPile
        */insert 
    into
        game_draw_pile (game_id, pile_order, card_id) 
    values
        (?, ?, ?)
Hibernate: 
    /* insert 
    for
        n7.facade.model.Game.drawPile
        */insert 
    into
        game_draw_pile (game_id, pile_order, card_id) 
    values
        (?, ?, ?)
Hibernate: 
    /* insert 
    for
        n7.facade.model.Game.drawPile
        */insert 
    into
        game_draw_pile (game_id, pile_order, card_id) 
    values
        (?, ?, ?)
Hibernate: 
    /* insert 
    for
        n7.facade.model.Game.drawPile
        */insert 
    into
        game_draw_pile (game_id, pile_order, card_id) 
    values
        (?, ?, ?)
Hibernate: 
    /* insert 
    for
        n7.facade.model.Game.drawPile
        */insert 
    into
        game_draw_pile (game_id, pile_order, card_id) 
    values
        (?, ?, ?)
Hibernate: 
    /* insert 
    for
        n7.facade.model.Game.drawPile
        */insert 
    into
        game_draw_pile (game_id, pile_order, card_id) 
    values
        (?, ?, ?)
Hibernate: 
    /* insert 
    for
        n7.facade.model.Game.drawPile
        */insert 
    into
        game_draw_pile (game_id, pile_order, card_id) 
    values
        (?, ?, ?)
Hibernate: 
    /* insert 
    for
        n7.facade.model.Game.drawPile
        */insert 
    into
        game_draw_pile (game_id, pile_order, card_id) 
    values
        (?, ?, ?)
Hibernate: 
    /* insert 
    for
        n7.facade.model.Game.drawPile
        */insert 
    into
        game_draw_pile (game_id, pile_order, card_id) 
    values
        (?, ?, ?)
Hibernate: 
    /* insert 
    for
        n7.facade.model.Game.drawPile
        */insert 
    into
        game_draw_pile (game_id, pile_order, card_id) 
    values
        (?, ?, ?)
Hibernate: 
    /* insert 
    for
        n7.facade.model.Game.drawPile
        */insert 
    into
        game_draw_pile (game_id, pile_order, card_id) 
    values
        (?, ?, ?)
Hibernate: 
    /* insert 
    for
        n7.facade.model.Game.drawPile
        */insert 
    into
        game_draw_pile (game_id, pile_order, card_id) 
    values
        (?, ?, ?)
Hibernate: 
    /* insert 
    for
        n7.facade.model.Game.drawPile
        */insert 
    into
        game_draw_pile (game_id, pile_order, card_id) 
    values
        (?, ?, ?)
Hibernate: 
    /* insert 
    for
        n7.facade.model.Game.drawPile
        */insert 
    into
        game_draw_pile (game_id, pile_order, card_id) 
    values
        (?, ?, ?)
Hibernate: 
    /* insert 
    for
        n7.facade.model.Game.drawPile
        */insert 
    into
        game_draw_pile (game_id, pile_order, card_id) 
    values
        (?, ?, ?)
Hibernate: 
    /* insert 
    for
        n7.facade.model.Game.drawPile
        */insert 
    into
        game_draw_pile (game_id, pile_order, card_id) 
    values
        (?, ?, ?)
Hibernate: 
    /* insert 
    for
        n7.facade.model.Game.drawPile
        */insert 
    into
        game_draw_pile (game_id, pile_order, card_id) 
    values
        (?, ?, ?)
Hibernate: 
    /* insert 
    for
        n7.facade.model.Game.drawPile
        */insert 
    into
        game_draw_pile (game_id, pile_order, card_id) 
    values
        (?, ?, ?)
Hibernate: 
    /* insert 
    for
        n7.facade.model.Game.drawPile
        */insert 
    into
        game_draw_pile (game_id, pile_order, card_id) 
    values
        (?, ?, ?)
Hibernate: 
    /* insert 
    for
        n7.facade.model.Game.drawPile
        */insert 
    into
        game_draw_pile (game_id, pile_order, card_id) 
    values
        (?, ?, ?)
Hibernate: 
    /* insert 
    for
        n7.facade.model.Game.drawPile
        */insert 
    into
        game_draw_pile (game_id, pile_order, card_id) 
    values
        (?, ?, ?)
Hibernate: 
    /* insert 
    for
        n7.facade.model.Game.drawPile
        */insert 
    into
        game_draw_pile (game_id, pile_order, card_id) 
    values
        (?, ?, ?)
Hibernate: 
    /* insert 
    for
        n7.facade.model.Game.drawPile
        */insert 
    into
        game_draw_pile (game_id, pile_order, card_id) 
    values
        (?, ?, ?)
Hibernate: 
    /* insert 
    for
        n7.facade.model.Game.drawPile
        */insert 
    into
        game_draw_pile (game_id, pile_order, card_id) 
    values
        (?, ?, ?)
Hibernate: 
    /* insert 
    for
        n7.facade.model.Game.drawPile
        */insert 
    into
        game_draw_pile (game_id, pile_order, card_id) 
    values
        (?, ?, ?)
Hibernate: 
    /* insert 
    for
        n7.facade.model.Game.drawPile
        */insert 
    into
        game_draw_pile (game_id, pile_order, card_id) 
    values
        (?, ?, ?)
Hibernate: 
    /* insert 
    for
        n7.facade.model.Game.drawPile
        */insert 
    into
        game_draw_pile (game_id, pile_order, card_id) 
    values
        (?, ?, ?)
Hibernate: 
    /* insert 
    for
        n7.facade.model.Game.drawPile
        */insert 
    into
        game_draw_pile (game_id, pile_order, card_id) 
    values
        (?, ?, ?)
Hibernate: 
    /* insert 
    for
        n7.facade.model.Game.drawPile
        */insert 
    into
        game_draw_pile (game_id, pile_order, card_id) 
    values
        (?, ?, ?)
Hibernate: 
    /* insert 
    for
        n7.facade.model.Game.drawPile
        */insert 
    into
        game_draw_pile (game_id, pile_order, card_id) 
    values
        (?, ?, ?)
Hibernate: 
    /* insert 
    for
        n7.facade.model.Game.drawPile
        */insert 
    into
        game_draw_pile (game_id, pile_order, card_id) 
    values
        (?, ?, ?)
Hibernate: 
    /* insert 
    for
        n7.facade.model.Game.drawPile
        */insert 
    into
        game_draw_pile (game_id, pile_order, card_id) 
    values
        (?, ?, ?)
Hibernate: 
    /* insert 
    for
        n7.facade.model.Game.drawPile
        */insert 
    into
        game_draw_pile (game_id, pile_order, card_id) 
    values
        (?, ?, ?)
Hibernate: 
    /* insert 
    for
        n7.facade.model.Game.drawPile
        */insert 
    into
        game_draw_pile (game_id, pile_order, card_id) 
    values
        (?, ?, ?)
Hibernate: 
    /* insert 
    for
        n7.facade.model.Game.drawPile
        */insert 
    into
        game_draw_pile (game_id, pile_order, card_id) 
    values
        (?, ?, ?)
Hibernate: 
    /* insert 
    for
        n7.facade.model.Game.drawPile
        */insert 
    into
        game_draw_pile (game_id, pile_order, card_id) 
    values
        (?, ?, ?)
Hibernate: 
    /* insert 
    for
        n7.facade.model.Game.drawPile
        */insert 
    into
        game_draw_pile (game_id, pile_order, card_id) 
    values
        (?, ?, ?)
Hibernate: 
    /* insert 
    for
        n7.facade.model.Game.drawPile
        */insert 
    into
        game_draw_pile (game_id, pile_order, card_id) 
    values
        (?, ?, ?)
Hibernate: 
    /* insert 
    for
        n7.facade.model.Game.drawPile
        */insert 
    into
        game_draw_pile (game_id, pile_order, card_id) 
    values
        (?, ?, ?)
Hibernate: 
    /* insert 
    for
        n7.facade.model.Game.drawPile
        */insert 
    into
        game_draw_pile (game_id, pile_order, card_id) 
    values
        (?, ?, ?)
Hibernate: 
    /* insert 
    for
        n7.facade.model.Game.drawPile
        */insert 
    into
        game_draw_pile (game_id, pile_order, card_id) 
    values
        (?, ?, ?)
Hibernate: 
    /* insert 
    for
        n7.facade.model.Game.drawPile
        */insert 
    into
        game_draw_pile (game_id, pile_order, card_id) 
    values
        (?, ?, ?)
Hibernate: 
    /* insert 
    for
        n7.facade.model.Game.drawPile
        */insert 
    into
        game_draw_pile (game_id, pile_order, card_id) 
    values
        (?, ?, ?)
Hibernate: 
    /* insert 
    for
        n7.facade.model.Game.drawPile
        */insert 
    into
        game_draw_pile (game_id, pile_order, card_id) 
    values
        (?, ?, ?)
Hibernate: 
    /* insert 
    for
        n7.facade.model.Game.drawPile
        */insert 
    into
        game_draw_pile (game_id, pile_order, card_id) 
    values
        (?, ?, ?)
Hibernate: 
    /* insert 
    for
        n7.facade.model.Game.drawPile
        */insert 
    into
        game_draw_pile (game_id, pile_order, card_id) 
    values
        (?, ?, ?)
Hibernate: 
    /* insert 
    for
        n7.facade.model.Game.drawPile
        */insert 
    into
        game_draw_pile (game_id, pile_order, card_id) 
    values
        (?, ?, ?)
Hibernate: 
    /* insert 
    for
        n7.facade.model.Game.drawPile
        */insert 
    into
        game_draw_pile (game_id, pile_order, card_id) 
    values
        (?, ?, ?)
Hibernate: 
    /* insert 
    for
        n7.facade.model.Game.drawPile
        */insert 
    into
        game_draw_pile (game_id, pile_order, card_id) 
    values
        (?, ?, ?)
Hibernate: 
    /* insert 
    for
        n7.facade.model.Game.drawPile
        */insert 
    into
        game_draw_pile (game_id, pile_order, card_id) 
    values
        (?, ?, ?)
Hibernate: 
    /* insert 
    for
        n7.facade.model.Game.drawPile
        */insert 
    into
        game_draw_pile (game_id, pile_order, card_id) 
    values
        (?, ?, ?)
Hibernate: 
    /* insert 
    for
        n7.facade.model.Game.drawPile
        */insert 
    into
        game_draw_pile (game_id, pile_order, card_id) 
    values
        (?, ?, ?)
Hibernate: 
    /* insert 
    for
        n7.facade.model.Game.drawPile
        */insert 
    into
        game_draw_pile (game_id, pile_order, card_id) 
    values
        (?, ?, ?)
Hibernate: 
    /* insert 
    for
        n7.facade.model.Game.drawPile
        */insert 
    into
        game_draw_pile (game_id, pile_order, card_id) 
    values
        (?, ?, ?)
Hibernate: 
    /* insert 
    for
        n7.facade.model.Game.drawPile
        */insert 
    into
        game_draw_pile (game_id, pile_order, card_id) 
    values
        (?, ?, ?)
Hibernate: 
    select
        h1_0.game_player_id,
        h1_0.id,
        c1_0.id,
        c1_0.color,
        c1_0.type,
        c1_0.value 
    from
        hand_card h1_0 
    left join
        card c1_0 
            on c1_0.id=h1_0.card_id 
    where
        h1_0.game_player_id=?
Hibernate: 
    select
        r1_0.game_id,
        r1_0.id,
        r1_0.description,
        r1_0.rule_name 
    from
        game_rule r1_0 
    where
        r1_0.game_id=?
Hibernate: 
    select
        h1_0.game_player_id,
        h1_0.id,
        c1_0.id,
        c1_0.color,
        c1_0.type,
        c1_0.value 
    from
        hand_card h1_0 
    left join
        card c1_0 
            on c1_0.id=h1_0.card_id 
    where
        h1_0.game_player_id=?
Hibernate: 
    select
        g1_0.id,
        g1_0.created_at,
        c1_0.id,
        c1_0.games_played,
        c1_0.password,
        c1_0.pseudo,
        c1_0.wins,
        g1_0.current_color,
        g1_0.current_player_index,
        g1_0.direction,
        g1_0.name,
        g1_0.status,
        tc1_0.id,
        tc1_0.color,
        tc1_0.type,
        tc1_0.value,
        p1_0.game_id,
        p1_0.id,
        p1_0.has_called_uno,
        j1_0.id,
        j1_0.games_played,
        j1_0.password,
        j1_0.pseudo,
        j1_0.wins,
        p1_0.turn_order 
    from
        game g1_0 
    left join
        joueur c1_0 
            on c1_0.id=g1_0.creator_id 
    left join
        card tc1_0 
            on tc1_0.id=g1_0.top_card_id 
    left join
        game_player p1_0 
            on g1_0.id=p1_0.game_id 
    left join
        joueur j1_0 
            on j1_0.id=p1_0.joueur_id 
    where
        g1_0.id=?
Hibernate: 
    select
        h1_0.game_player_id,
        h1_0.id,
        c1_0.id,
        c1_0.color,
        c1_0.type,
        c1_0.value 
    from
        hand_card h1_0 
    left join
        card c1_0 
            on c1_0.id=h1_0.card_id 
    where
        h1_0.game_player_id=?
Hibernate: 
    select
        h1_0.game_player_id,
        h1_0.id,
        c1_0.id,
        c1_0.color,
        c1_0.type,
        c1_0.value 
    from
        hand_card h1_0 
    left join
        card c1_0 
            on c1_0.id=h1_0.card_id 
    where
        h1_0.game_player_id=?
Hibernate: 
    select
        r1_0.game_id,
        r1_0.id,
        r1_0.description,
        r1_0.rule_name 
    from
        game_rule r1_0 
    where
        r1_0.game_id=?
Hibernate: 
    select
        h1_0.game_player_id,
        h1_0.id,
        c1_0.id,
        c1_0.color,
        c1_0.type,
        c1_0.value 
    from
        hand_card h1_0 
    left join
        card c1_0 
            on c1_0.id=h1_0.card_id 
    where
        h1_0.game_player_id=?
Hibernate: 
    select
        g1_0.id,
        g1_0.created_at,
        c1_0.id,
        c1_0.games_played,
        c1_0.password,
        c1_0.pseudo,
        c1_0.wins,
        g1_0.current_color,
        g1_0.current_player_index,
        g1_0.direction,
        g1_0.name,
        g1_0.status,
        tc1_0.id,
        tc1_0.color,
        tc1_0.type,
        tc1_0.value,
        p1_0.game_id,
        p1_0.id,
        p1_0.has_called_uno,
        j1_0.id,
        j1_0.games_played,
        j1_0.password,
        j1_0.pseudo,
        j1_0.wins,
        p1_0.turn_order 
    from
        game g1_0 
    left join
        joueur c1_0 
            on c1_0.id=g1_0.creator_id 
    left join
        card tc1_0 
            on tc1_0.id=g1_0.top_card_id 
    left join
        game_player p1_0 
            on g1_0.id=p1_0.game_id 
    left join
        joueur j1_0 
            on j1_0.id=p1_0.joueur_id 
    where
        g1_0.id=?
Hibernate: 
    select
        h1_0.game_player_id,
        h1_0.id,
        c1_0.id,
        c1_0.color,
        c1_0.type,
        c1_0.value 
    from
        hand_card h1_0 
    left join
        card c1_0 
            on c1_0.id=h1_0.card_id 
    where
        h1_0.game_player_id=?
Hibernate: 
    select
        h1_0.game_player_id,
        h1_0.id,
        c1_0.id,
        c1_0.color,
        c1_0.type,
        c1_0.value 
    from
        hand_card h1_0 
    left join
        card c1_0 
            on c1_0.id=h1_0.card_id 
    where
        h1_0.game_player_id=?
Hibernate: 
    select
        r1_0.game_id,
        r1_0.id,
        r1_0.description,
        r1_0.rule_name 
    from
        game_rule r1_0 
    where
        r1_0.game_id=?
Hibernate: 
    select
        h1_0.game_player_id,
        h1_0.id,
        c1_0.id,
        c1_0.color,
        c1_0.type,
        c1_0.value 
    from
        hand_card h1_0 
    left join
        card c1_0 
            on c1_0.id=h1_0.card_id 
    where
        h1_0.game_player_id=?
Hibernate: 
    select
        g1_0.id,
        g1_0.created_at,
        c1_0.id,
        c1_0.games_played,
        c1_0.password,
        c1_0.pseudo,
        c1_0.wins,
        g1_0.current_color,
        g1_0.current_player_index,
        g1_0.direction,
        g1_0.name,
        g1_0.status,
        tc1_0.id,
        tc1_0.color,
        tc1_0.type,
        tc1_0.value,
        p1_0.game_id,
        p1_0.id,
        p1_0.has_called_uno,
        j1_0.id,
        j1_0.games_played,
        j1_0.password,
        j1_0.pseudo,
        j1_0.wins,
        p1_0.turn_order 
    from
        game g1_0 
    left join
        joueur c1_0 
            on c1_0.id=g1_0.creator_id 
    left join
        card tc1_0 
            on tc1_0.id=g1_0.top_card_id 
    left join
        game_player p1_0 
            on g1_0.id=p1_0.game_id 
    left join
        joueur j1_0 
            on j1_0.id=p1_0.joueur_id 
    where
        g1_0.id=?
Hibernate: 
    select
        h1_0.game_player_id,
        h1_0.id,
        c1_0.id,
        c1_0.color,
        c1_0.type,
        c1_0.value 
    from
        hand_card h1_0 
    left join
        card c1_0 
            on c1_0.id=h1_0.card_id 
    where
        h1_0.game_player_id=?
Hibernate: 
    select
        h1_0.game_player_id,
        h1_0.id,
        c1_0.id,
        c1_0.color,
        c1_0.type,
        c1_0.value 
    from
        hand_card h1_0 
    left join
        card c1_0 
            on c1_0.id=h1_0.card_id 
    where
        h1_0.game_player_id=?
Hibernate: 
    select
        r1_0.game_id,
        r1_0.id,
        r1_0.description,
        r1_0.rule_name 
    from
        game_rule r1_0 
    where
        r1_0.game_id=?
Hibernate: 
    select
        h1_0.game_player_id,
        h1_0.id,
        c1_0.id,
        c1_0.color,
        c1_0.type,
        c1_0.value 
    from
        hand_card h1_0 
    left join
        card c1_0 
            on c1_0.id=h1_0.card_id 
    where
        h1_0.game_player_id=?
