08-Apr-2026 15:56:41.811 INFO [main] org.apache.catalina.core.ApplicationContext.log 1 Spring WebApplicationInitializers detected on classpath
08-Apr-2026 15:56:50.183 INFO [main] org.apache.catalina.core.ApplicationContext.log ContextListener: contextInitialized()
08-Apr-2026 15:56:50.183 INFO [main] org.apache.catalina.core.ApplicationContext.log SessionListener: contextInitialized()
08-Apr-2026 15:56:50.184 INFO [main] org.apache.catalina.core.ApplicationContext.log ContextListener: attributeAdded('StockTicker', 'async.Stockticker@18faa963')
08-Apr-2026 15:57:20.247 INFO [Catalina-utility-1] org.apache.catalina.core.ApplicationContext.log Closing Spring root WebApplicationContext
08-Apr-2026 15:57:22.719 INFO [Catalina-utility-1] org.apache.catalina.core.ApplicationContext.log 1 Spring WebApplicationInitializers detected on classpath
08-Apr-2026 15:57:43.235 INFO [http-nio-8080-exec-10] org.apache.catalina.core.ApplicationContext.log Initializing Spring DispatcherServlet 'dispatcherServlet'
08-Apr-2026 16:26:59.604 INFO [Catalina-utility-2] org.apache.catalina.core.ApplicationContext.log Destroying Spring FrameworkServlet 'dispatcherServlet'
08-Apr-2026 16:26:59.604 INFO [Catalina-utility-2] org.apache.catalina.core.ApplicationContext.log Closing Spring root WebApplicationContext
08-Apr-2026 16:27:02.065 INFO [Catalina-utility-2] org.apache.catalina.core.ApplicationContext.log 1 Spring WebApplicationInitializers detected on classpath
08-Apr-2026 16:28:39.410 INFO [Catalina-utility-2] org.apache.catalina.core.ApplicationContext.log Closing Spring root WebApplicationContext
08-Apr-2026 16:28:41.546 INFO [Catalina-utility-2] org.apache.catalina.core.ApplicationContext.log 1 Spring WebApplicationInitializers detected on classpath
08-Apr-2026 16:30:03.222 INFO [http-nio-8080-exec-11] org.apache.catalina.core.ApplicationContext.log Initializing Spring DispatcherServlet 'dispatcherServlet'
08-Apr-2026 16:33:48.296 INFO [main] org.apache.catalina.core.ApplicationContext.log 1 Spring WebApplicationInitializers detected on classpath
08-Apr-2026 16:34:04.757 INFO [main] org.apache.catalina.core.ApplicationContext.log ContextListener: contextInitialized()
08-Apr-2026 16:34:04.757 INFO [main] org.apache.catalina.core.ApplicationContext.log SessionListener: contextInitialized()
08-Apr-2026 16:34:04.759 INFO [main] org.apache.catalina.core.ApplicationContext.log ContextListener: attributeAdded('StockTicker', 'async.Stockticker@33517c92')
08-Apr-2026 16:34:04.856 INFO [main] org.apache.catalina.core.ApplicationContext.log SessionListener: contextDestroyed()
08-Apr-2026 16:34:04.856 INFO [main] org.apache.catalina.core.ApplicationContext.log ContextListener: contextDestroyed()
08-Apr-2026 16:34:39.678 INFO [Thread-3] org.apache.catalina.core.ApplicationContext.log Destroying Spring FrameworkServlet 'dispatcherServlet'
08-Apr-2026 16:34:39.679 INFO [Thread-3] org.apache.catalina.core.ApplicationContext.log Closing Spring root WebApplicationContext
08-Apr-2026 16:34:39.840 INFO [Thread-3] org.apache.catalina.core.ApplicationContext.log SessionListener: contextDestroyed()
08-Apr-2026 16:34:39.840 INFO [Thread-3] org.apache.catalina.core.ApplicationContext.log ContextListener: contextDestroyed()
08-Apr-2026 16:34:53.449 INFO [main] org.apache.catalina.core.ApplicationContext.log 1 Spring WebApplicationInitializers detected on classpath
08-Apr-2026 16:35:02.050 INFO [main] org.apache.catalina.core.ApplicationContext.log ContextListener: contextInitialized()
08-Apr-2026 16:35:02.050 INFO [main] org.apache.catalina.core.ApplicationContext.log SessionListener: contextInitialized()
08-Apr-2026 16:35:02.051 INFO [main] org.apache.catalina.core.ApplicationContext.log ContextListener: attributeAdded('StockTicker', 'async.Stockticker@328429ef')
08-Apr-2026 16:35:03.791 INFO [http-nio-8080-exec-1] org.apache.catalina.core.ApplicationContext.log Initializing Spring DispatcherServlet 'dispatcherServlet'
08-Apr-2026 16:35:42.140 INFO [Catalina-utility-1] org.apache.catalina.core.ApplicationContext.log Destroying Spring FrameworkServlet 'dispatcherServlet'
08-Apr-2026 16:35:42.141 INFO [Catalina-utility-1] org.apache.catalina.core.ApplicationContext.log Closing Spring root WebApplicationContext
08-Apr-2026 16:35:44.566 INFO [Catalina-utility-1] org.apache.catalina.core.ApplicationContext.log 1 Spring WebApplicationInitializers detected on classpath
08-Apr-2026 16:36:07.437 INFO [http-nio-8080-exec-3] org.apache.catalina.core.ApplicationContext.log Initializing Spring DispatcherServlet 'dispatcherServlet'
08-Apr-2026 16:54:11.645 INFO [Catalina-utility-2] org.apache.catalina.core.ApplicationContext.log Destroying Spring FrameworkServlet 'dispatcherServlet'
08-Apr-2026 16:54:11.646 INFO [Catalina-utility-2] org.apache.catalina.core.ApplicationContext.log Closing Spring root WebApplicationContext
08-Apr-2026 16:54:13.167 INFO [Catalina-utility-2] org.apache.catalina.core.ApplicationContext.log 1 Spring WebApplicationInitializers detected on classpath
08-Apr-2026 16:54:23.968 INFO [http-nio-8080-exec-11] org.apache.catalina.core.ApplicationContext.log Initializing Spring DispatcherServlet 'dispatcherServlet'
