07-Apr-2026 15:41:30.970 INFO [main] org.apache.catalina.core.ApplicationContext.log 2 Spring WebApplicationInitializers detected on classpath
07-Apr-2026 15:41:32.563 INFO [main] org.apache.catalina.core.ApplicationContext.log Initializing Spring embedded WebApplicationContext
07-Apr-2026 15:41:34.822 INFO [main] org.apache.catalina.core.ApplicationContext.log ContextListener: contextInitialized()
07-Apr-2026 15:41:34.822 INFO [main] org.apache.catalina.core.ApplicationContext.log SessionListener: contextInitialized()
07-Apr-2026 15:41:34.823 INFO [main] org.apache.catalina.core.ApplicationContext.log ContextListener: attributeAdded('StockTicker', 'async.Stockticker@10223d15')
07-Apr-2026 15:48:47.742 INFO [main] org.apache.catalina.core.ApplicationContext.log 1 Spring WebApplicationInitializers detected on classpath
07-Apr-2026 15:48:58.466 INFO [main] org.apache.catalina.core.ApplicationContext.log 2 Spring WebApplicationInitializers detected on classpath
07-Apr-2026 15:49:00.336 INFO [main] org.apache.catalina.core.ApplicationContext.log Initializing Spring embedded WebApplicationContext
07-Apr-2026 15:49:03.092 INFO [main] org.apache.catalina.core.ApplicationContext.log ContextListener: contextInitialized()
07-Apr-2026 15:49:03.092 INFO [main] org.apache.catalina.core.ApplicationContext.log SessionListener: contextInitialized()
07-Apr-2026 15:49:03.093 INFO [main] org.apache.catalina.core.ApplicationContext.log ContextListener: attributeAdded('StockTicker', 'async.Stockticker@7b7d36c8')
07-Apr-2026 15:49:03.173 INFO [main] org.apache.catalina.core.ApplicationContext.log Closing Spring root WebApplicationContext
07-Apr-2026 15:49:03.196 INFO [main] org.apache.catalina.core.ApplicationContext.log Closing Spring root WebApplicationContext
07-Apr-2026 15:49:03.331 INFO [main] org.apache.catalina.core.ApplicationContext.log SessionListener: contextDestroyed()
07-Apr-2026 15:49:03.331 INFO [main] org.apache.catalina.core.ApplicationContext.log ContextListener: contextDestroyed()
07-Apr-2026 15:55:59.209 INFO [main] org.apache.catalina.core.ApplicationContext.log 1 Spring WebApplicationInitializers detected on classpath
07-Apr-2026 15:56:07.392 INFO [main] org.apache.catalina.core.ApplicationContext.log ContextListener: contextInitialized()
07-Apr-2026 15:56:07.392 INFO [main] org.apache.catalina.core.ApplicationContext.log SessionListener: contextInitialized()
07-Apr-2026 15:56:07.393 INFO [main] org.apache.catalina.core.ApplicationContext.log ContextListener: attributeAdded('StockTicker', 'async.Stockticker@4dccaef5')
07-Apr-2026 15:59:57.799 INFO [Catalina-utility-2] org.apache.catalina.core.ApplicationContext.log Closing Spring root WebApplicationContext
07-Apr-2026 16:00:00.205 INFO [Catalina-utility-2] org.apache.catalina.core.ApplicationContext.log 1 Spring WebApplicationInitializers detected on classpath
07-Apr-2026 16:00:55.845 INFO [http-nio-8080-exec-2] org.apache.catalina.core.ApplicationContext.log Initializing Spring DispatcherServlet 'dispatcherServlet'
